Log file open, 06/26/22 23:31:36
LogWindows: Failed to load 'aqProf.dll' (GetLastError=126)
LogWindows: File 'aqProf.dll' does not exist
LogWindows: Failed to load 'VtuneApi.dll' (GetLastError=126)
LogWindows: File 'VtuneApi.dll' does not exist
LogWindows: Failed to load 'VtuneApi32e.dll' (GetLastError=126)
LogWindows: File 'VtuneApi32e.dll' does not exist
LogConsoleResponse: Display: Failed to find resolution value strings in scalability ini. Falling back to default.
LogConsoleResponse: Display: Failed to find resolution value strings in scalability ini. Falling back to default.
LogInit: Display: Running engine for game: ProyectoX
LogPlatformFile: Not using cached read wrapper
LogTaskGraph: Started task graph with 5 named threads and 35 total threads with 3 sets of task threads.
LogStats: Stats thread started at 0.290710
LogICUInternationalization: ICU TimeZone Detection - Raw Offset: -3:00, Platform Override: ''
LogInit: Display: Loading text-based GConfig....
LogPluginManager: Mounting plugin MeshPainting
LogPluginManager: Mounting plugin XGEController
LogPluginManager: Mounting plugin Paper2D
LogPluginManager: Mounting plugin EnvironmentQueryEditor
LogPluginManager: Mounting plugin AISupport
LogPluginManager: Mounting plugin LightPropagationVolume
LogPluginManager: Mounting plugin LiveLink
LogPluginManager: Mounting plugin CameraShakePreviewer
LogPluginManager: Mounting plugin GameplayCameras
LogPluginManager: Mounting plugin OodleData
LogPluginManager: Mounting plugin OodleNetwork
LogPluginManager: Mounting plugin DatasmithContent
LogPluginManager: Mounting plugin AssetManagerEditor
LogPluginManager: Mounting plugin VariantManagerContent
LogPluginManager: Mounting plugin CurveEditorTools
LogPluginManager: Mounting plugin CryptoKeys
LogPluginManager: Mounting plugin DataValidation
LogPluginManager: Mounting plugin FacialAnimation
LogPluginManager: Mounting plugin GeometryMode
LogPluginManager: Mounting plugin GameplayTagsEditor
LogPluginManager: Mounting plugin MacGraphicsSwitching
LogPluginManager: Mounting plugin MobileLauncherProfileWizard
LogPluginManager: Mounting plugin PluginBrowser
LogPluginManager: Mounting plugin SpeedTreeImporter
LogPluginManager: Mounting plugin AutomationUtils
LogPluginManager: Mounting plugin AlembicImporter
LogPluginManager: Mounting plugin BackChannel
LogPluginManager: Mounting plugin ChaosCloth
LogPluginManager: Mounting plugin ChaosClothEditor
LogPluginManager: Mounting plugin ChaosEditor
LogPluginManager: Mounting plugin ChaosSolverPlugin
LogPluginManager: Mounting plugin ChaosNiagara
LogPluginManager: Mounting plugin LuminPlatformFeatures
LogPluginManager: Mounting plugin MagicLeap
LogPluginManager: Mounting plugin MaterialAnalyzer
LogPluginManager: Mounting plugin MagicLeapLightEstimation
LogPluginManager: Mounting plugin AnimationSharing
LogPluginManager: Mounting plugin MagicLeapMedia
LogPluginManager: Mounting plugin MagicLeapPassableWorld
LogPluginManager: Mounting plugin MLSDK
LogPluginManager: Mounting plugin CLionSourceCodeAccess
LogPluginManager: Mounting plugin Niagara
LogPluginManager: Mounting plugin CodeLiteSourceCodeAccess
LogPluginManager: Mounting plugin GitSourceControl
LogPluginManager: Mounting plugin KDevelopSourceCodeAccess
LogPluginManager: Mounting plugin AutoSizeComments
LogPluginManager: Mounting plugin NullSourceCodeAccess
LogPluginManager: Mounting plugin PixWinPlugin
LogPluginManager: Mounting plugin PerforceSourceControl
LogPluginManager: Mounting plugin PlasticSourceControl
LogPluginManager: Mounting plugin PluginUtils
LogPluginManager: Mounting plugin PropertyAccessNode
LogPluginManager: Mounting plugin RiderSourceCodeAccess
LogPluginManager: Mounting plugin SubversionSourceControl
LogPluginManager: Mounting plugin UObjectPlugin
LogPluginManager: Mounting plugin VisualStudioSourceCodeAccess
LogPluginManager: Mounting plugin VisualStudioCodeSourceCodeAccess
LogPluginManager: Mounting plugin TextureFormatOodle
LogPluginManager: Mounting plugin XCodeSourceCodeAccess
LogPluginManager: Mounting plugin AvfMedia
LogPluginManager: Mounting plugin ImgMedia
LogPluginManager: Mounting plugin MediaCompositing
LogPluginManager: Mounting plugin AndroidMedia
LogPluginManager: Mounting plugin MediaPlayerEditor
LogPluginManager: Mounting plugin WebMMedia
LogPluginManager: Mounting plugin WmfMedia
LogPluginManager: Mounting plugin TcpMessaging
LogPluginManager: Mounting plugin ActorSequence
LogPluginManager: Mounting plugin UdpMessaging
LogPluginManager: Mounting plugin MatineeToLevelSequence
LogPluginManager: Mounting plugin LevelSequenceEditor
LogPluginManager: Mounting plugin TemplateSequence
LogPluginManager: Mounting plugin OnlineSubsystem
LogPluginManager: Mounting plugin OnlineSubsystemNull
LogPluginManager: Mounting plugin OnlineSubsystemUtils
LogPluginManager: Mounting plugin LauncherChunkInstaller
LogPluginManager: Mounting plugin ScreenshotTools
LogPluginManager: Mounting plugin ActorLayerUtilities
LogPluginManager: Mounting plugin AndroidMoviePlayer
LogPluginManager: Mounting plugin AndroidDeviceProfileSelector
LogPluginManager: Mounting plugin AndroidPermission
LogPluginManager: Mounting plugin ApexDestruction
LogPluginManager: Mounting plugin AppleImageUtils
LogPluginManager: Mounting plugin AppleMoviePlayer
LogPluginManager: Mounting plugin AssetTags
LogPluginManager: Mounting plugin ArchVisCharacter
LogPluginManager: Mounting plugin AudioCapture
LogPluginManager: Mounting plugin AudioSynesthesia
LogPluginManager: Mounting plugin ChunkDownloader
LogPluginManager: Mounting plugin CableComponent
LogPluginManager: Mounting plugin EditableMesh
LogPluginManager: Mounting plugin CustomMeshComponent
LogPluginManager: Mounting plugin ExampleDeviceProfileSelector
LogPluginManager: Mounting plugin GoogleCloudMessaging
LogPluginManager: Mounting plugin GooglePAD
LogPluginManager: Mounting plugin IOSDeviceProfileSelector
LogPluginManager: Mounting plugin LinuxDeviceProfileSelector
LogPluginManager: Mounting plugin LocationServicesBPLibrary
LogPluginManager: Mounting plugin MobilePatchingUtils
LogPluginManager: Mounting plugin Takes
LogPluginManager: Mounting plugin OpenXR
LogPluginManager: Mounting plugin OpenXREyeTracker
LogPluginManager: Mounting plugin OpenXRHandTracking
LogPluginManager: Mounting plugin PhysXVehicles
LogPluginManager: Mounting plugin PostSplashScreen
LogPluginManager: Mounting plugin PropertyAccessEditor
LogPluginManager: Mounting plugin RuntimePhysXCooking
LogPluginManager: Mounting plugin SignificanceManager
LogPluginManager: Mounting plugin ProceduralMeshComponent
LogPluginManager: Mounting plugin SoundFields
LogPluginManager: Mounting plugin Synthesis
LogPluginManager: Mounting plugin WebMMoviePlayer
LogPluginManager: Mounting plugin CharacterAI
LogPluginManager: Mounting plugin WindowsMoviePlayer
LogPluginManager: Mounting plugin GeometryCollectionPlugin
LogPluginManager: Mounting plugin GeometryCache
LogPluginManager: Mounting plugin GeometryProcessing
LogPluginManager: Mounting plugin MotoSynth
LogPluginManager: Mounting plugin OpenImageDenoise
LogPluginManager: Mounting plugin PlanarCut
LogPluginManager: Mounting plugin PlatformCrypto
LogPluginManager: Mounting plugin ProxyLODPlugin
LogPluginManager: Mounting plugin PythonScriptPlugin
LogPluginManager: Mounting plugin SkeletalReduction
LogPluginManager: Mounting plugin ContentBrowserAssetDataSource
LogPluginManager: Mounting plugin ContentBrowserFileDataSource
LogPluginManager: Mounting plugin ContentBrowserClassDataSource
LogPluginManager: Mounting plugin OnlineSubsystemIOS
LogPluginManager: Mounting plugin OnlineSubsystemGooglePlay
LogPluginManager: Mounting plugin OculusVR
LogPluginManager: Mounting plugin SteamVR
PixWinPlugin: PIX capture plugin failed to initialize! Check that the process is launched from PIX.
LogInit: Using libcurl 7.55.1-DEV
LogInit:  - built for x86_64-pc-win32
LogInit:  - supports SSL with OpenSSL/1.1.1
LogInit:  - supports HTTP deflate (compression) using libz 1.2.8
LogInit:  - other features:
LogInit:      CURL_VERSION_SSL
LogInit:      CURL_VERSION_LIBZ
LogInit:      CURL_VERSION_IPV6
LogInit:      CURL_VERSION_ASYNCHDNS
LogInit:      CURL_VERSION_LARGEFILE
LogInit:      CURL_VERSION_IDN
LogInit:  CurlRequestOptions (configurable via config and command line):
LogInit:  - bVerifyPeer = true  - Libcurl will verify peer certificate
LogInit:  - bUseHttpProxy = false  - Libcurl will NOT use HTTP proxy
LogInit:  - bDontReuseConnections = false  - Libcurl will reuse connections
LogInit:  - MaxHostConnections = 16  - Libcurl will limit the number of connections to a host
LogInit:  - LocalHostAddr = Default
LogInit:  - BufferSize = 65536
LogOnline: OSS: Creating online subsystem instance for: NULL
LogInit: WinSock: version 1.1 (2.2), MaxSocks=32767, MaxUdp=65467
LogOnline: OSS: TryLoadSubsystemAndSetDefault: Loaded subsystem for module [NULL]
LogOculusPluginWrapper: OculusPlugin initialized successfully
LogHMD: Failed initializing OVRPlugin 1.59.0
LogInit: Build: ++UE4+Release-4.27-CL-18319896
LogInit: Engine Version: 4.27.2-18319896+++UE4+Release-4.27
LogInit: Compatible Engine Version: 4.27.0-17155196+++UE4+Release-4.27
LogInit: Net CL: 17155196
LogInit: OS: Windows 10 (Release 2009) (), CPU: Intel(R) Core(TM) i5-10400 CPU @ 2.90GHz, GPU: NVIDIA GeForce RTX 3060
LogInit: Compiled (64-bit): Nov 30 2021 07:12:08
LogInit: Compiled with Visual C++: 19.24.28315.00
LogInit: Build Configuration: Development
LogInit: Branch Name: ++UE4+Release-4.27
LogInit: Command Line:  -D3D12
LogInit: Base Directory: D:/UE4/UE_4.27/Engine/Binaries/Win64/
LogInit: Allocator: TBB
LogInit: Installed Engine Build: 1
LogDevObjectVersion: Number of dev versions registered: 29
LogDevObjectVersion:   Dev-Blueprints (B0D832E4-1F89-4F0D-ACCF-7EB736FD4AA2): 10
LogDevObjectVersion:   Dev-Build (E1C64328-A22C-4D53-A36C-8E866417BD8C): 0
LogDevObjectVersion:   Dev-Core (375EC13C-06E4-48FB-B500-84F0262A717E): 4
LogDevObjectVersion:   Dev-Editor (E4B068ED-F494-42E9-A231-DA0B2E46BB41): 40
LogDevObjectVersion:   Dev-Framework (CFFC743F-43B0-4480-9391-14DF171D2073): 37
LogDevObjectVersion:   Dev-Mobile (B02B49B5-BB20-44E9-A304-32B752E40360): 3
LogDevObjectVersion:   Dev-Networking (A4E4105C-59A1-49B5-A7C5-40C4547EDFEE): 0
LogDevObjectVersion:   Dev-Online (39C831C9-5AE6-47DC-9A44-9C173E1C8E7C): 0
LogDevObjectVersion:   Dev-Physics (78F01B33-EBEA-4F98-B9B4-84EACCB95AA2): 14
LogDevObjectVersion:   Dev-Platform (6631380F-2D4D-43E0-8009-CF276956A95A): 0
LogDevObjectVersion:   Dev-Rendering (12F88B9F-8875-4AFC-A67C-D90C383ABD29): 45
LogDevObjectVersion:   Dev-Sequencer (7B5AE74C-D270-4C10-A958-57980B212A5A): 13
LogDevObjectVersion:   Dev-VR (D7296918-1DD6-4BDD-9DE2-64A83CC13884): 3
LogDevObjectVersion:   Dev-LoadTimes (C2A15278-BFE7-4AFE-6C17-90FF531DF755): 1
LogDevObjectVersion:   Private-Geometry (6EACA3D4-40EC-4CC1-B786-8BED09428FC5): 3
LogDevObjectVersion:   Dev-AnimPhys (29E575DD-E0A3-4627-9D10-D276232CDCEA): 17
LogDevObjectVersion:   Dev-Anim (AF43A65D-7FD3-4947-9873-3E8ED9C1BB05): 15
LogDevObjectVersion:   Dev-ReflectionCapture (6B266CEC-1EC7-4B8F-A30B-E4D90942FC07): 1
LogDevObjectVersion:   Dev-Automation (0DF73D61-A23F-47EA-B727-89E90C41499A): 1
LogDevObjectVersion:   FortniteMain (601D1886-AC64-4F84-AA16-D3DE0DEAC7D6): 47
LogDevObjectVersion:   FortniteRelease (E7086368-6B23-4C58-8439-1B7016265E91): 1
LogDevObjectVersion:   Dev-Enterprise (9DFFBCD6-494F-0158-E221-12823C92A888): 10
LogDevObjectVersion:   Dev-Niagara (F2AED0AC-9AFE-416F-8664-AA7FFA26D6FC): 1
LogDevObjectVersion:   Dev-Destruction (174F1F0B-B4C6-45A5-B13F-2EE8D0FB917D): 10
LogDevObjectVersion:   Dev-Physics-Ext (35F94A83-E258-406C-A318-09F59610247C): 41
LogDevObjectVersion:   Dev-PhysicsMaterial-Chaos (B68FC16E-8B1B-42E2-B453-215C058844FE): 1
LogDevObjectVersion:   Dev-CineCamera (B2E18506-4273-CFC2-A54E-F4BB758BBA07): 1
LogDevObjectVersion:   Dev-VirtualProduction (64F58936-FD1B-42BA-BA96-7289D5D0FA4E): 1
LogDevObjectVersion:   Dev-MediaFramework (6F0ED827-A609-4895-9C91-998D90180EA4): 2
LogInit: Presizing for max 25165824 objects, including 0 objects not considered by GC, pre-allocating 0 bytes for permanent pool.
LogConfig: Applying CVar settings from Section [/Script/Engine.StreamingSettings] File [H:/GitHub/ProyectoX/ProyectoX/Saved/Config/Windows/Engine.ini]
LogConfig: Setting CVar [[s.MinBulkDataSizeForAsyncLoading:131072]]
LogConfig: Setting CVar [[s.AsyncLoadingThreadEnabled:0]]
LogConfig: Setting CVar [[s.EventDrivenLoaderEnabled:1]]
LogConfig: Setting CVar [[s.WarnIfTimeLimitExceeded:0]]
LogConfig: Setting CVar [[s.TimeLimitExceededMultiplier:1.5]]
LogConfig: Setting CVar [[s.TimeLimitExceededMinTime:0.005]]
LogConfig: Setting CVar [[s.UseBackgroundLevelStreaming:1]]
LogConfig: Setting CVar [[s.PriorityAsyncLoadingExtraTime:15.0]]
LogConfig: Setting CVar [[s.LevelStreamingActorsUpdateTimeLimit:5.0]]
LogConfig: Setting CVar [[s.PriorityLevelStreamingActorsUpdateExtraTime:5.0]]
LogConfig: Setting CVar [[s.LevelStreamingComponentsRegistrationGranularity:10]]
LogConfig: Setting CVar [[s.UnregisterComponentsTimeLimit:1.0]]
LogConfig: Setting CVar [[s.LevelStreamingComponentsUnregistrationGranularity:5]]
LogConfig: Setting CVar [[s.FlushStreamingOnExit:1]]
LogInit: Object subsystem initialized
LogConfig: Setting CVar [[con.DebugEarlyDefault:1]]
LogConfig: Setting CVar [[r.setres:1280x720]]
[2022.06.27-02.31.36:520][  0]LogConfig: Setting CVar [[r.VSync:0]]
[2022.06.27-02.31.36:520][  0]LogConfig: Setting CVar [[r.RHICmdBypass:0]]
[2022.06.27-02.31.36:520][  0]LogConfig: Applying CVar settings from Section [/Script/Engine.RendererSettings] File [H:/GitHub/ProyectoX/ProyectoX/Saved/Config/Windows/Engine.ini]
[2022.06.27-02.31.36:520][  0]LogConfig: Setting CVar [[r.GPUCrashDebugging:0]]
[2022.06.27-02.31.36:520][  0]LogConfig: Setting CVar [[r.Mobile.DisableVertexFog:1]]
[2022.06.27-02.31.36:520][  0]LogConfig: Setting CVar [[r.Shadow.CSM.MaxMobileCascades:2]]
[2022.06.27-02.31.36:520][  0]LogConfig: Setting CVar [[r.MobileMSAA:1]]
[2022.06.27-02.31.36:520][  0]LogConfig: Setting CVar [[r.Mobile.AllowDitheredLODTransition:0]]
[2022.06.27-02.31.36:520][  0]LogConfig: Setting CVar [[r.Mobile.AllowSoftwareOcclusion:0]]
[2022.06.27-02.31.36:520][  0]LogConfig: Setting CVar [[r.Mobile.VirtualTextures:0]]
[2022.06.27-02.31.36:520][  0]LogConfig: Setting CVar [[r.DiscardUnusedQuality:0]]
[2022.06.27-02.31.36:520][  0]LogConfig: Setting CVar [[r.AllowOcclusionQueries:1]]
[2022.06.27-02.31.36:520][  0]LogConfig: Setting CVar [[r.MinScreenRadiusForLights:0.030000]]
[2022.06.27-02.31.36:520][  0]LogConfig: Setting CVar [[r.MinScreenRadiusForDepthPrepass:0.030000]]
[2022.06.27-02.31.36:520][  0]LogConfig: Setting CVar [[r.MinScreenRadiusForCSMDepth:0.010000]]
[2022.06.27-02.31.36:520][  0]LogConfig: Setting CVar [[r.PrecomputedVisibilityWarning:0]]
[2022.06.27-02.31.36:520][  0]LogConfig: Setting CVar [[r.TextureStreaming:0]]
[2022.06.27-02.31.36:520][  0]LogConfig: Setting CVar [[Compat.UseDXT5NormalMaps:0]]
[2022.06.27-02.31.36:520][  0]LogConfig: Setting CVar [[r.VirtualTextures:0]]
[2022.06.27-02.31.36:520][  0]LogConfig: Setting CVar [[r.VT.EnableAutoImport:1]]
[2022.06.27-02.31.36:520][  0]LogConfig: Setting CVar [[r.VirtualTexturedLightmaps:0]]
[2022.06.27-02.31.36:520][  0]LogConfig: Setting CVar [[r.VT.TileSize:128]]
[2022.06.27-02.31.36:520][  0]LogConfig: Setting CVar [[r.VT.TileBorderSize:4]]
[2022.06.27-02.31.36:520][  0]LogConfig: Setting CVar [[r.vt.FeedbackFactor:16]]
[2022.06.27-02.31.36:520][  0]LogConfig: Setting CVar [[r.VT.EnableCompressZlib:1]]
[2022.06.27-02.31.36:520][  0]LogConfig: Setting CVar [[r.VT.EnableCompressCrunch:0]]
[2022.06.27-02.31.36:520][  0]LogConfig: Setting CVar [[r.ClearCoatNormal:0]]
[2022.06.27-02.31.36:520][  0]LogConfig: Setting CVar [[r.ReflectionCaptureResolution:128]]
[2022.06.27-02.31.36:520][  0]LogConfig: Setting CVar [[r.Mobile.ReflectionCaptureCompression:0]]
[2022.06.27-02.31.36:520][  0]LogConfig: Setting CVar [[r.ReflectionEnvironmentLightmapMixBasedOnRoughness:1]]
[2022.06.27-02.31.36:520][  0]LogConfig: Setting CVar [[r.ForwardShading:0]]
[2022.06.27-02.31.36:520][  0]LogConfig: Setting CVar [[r.VertexFoggingForOpaque:1]]
[2022.06.27-02.31.36:520][  0]LogConfig: Setting CVar [[r.AllowStaticLighting:1]]
[2022.06.27-02.31.36:520][  0]LogConfig: Setting CVar [[r.NormalMapsForStaticLighting:0]]
[2022.06.27-02.31.36:520][  0]LogConfig: Setting CVar [[r.GenerateMeshDistanceFields:0]]
[2022.06.27-02.31.36:520][  0]LogConfig: Setting CVar [[r.DistanceFieldBuild.EightBit:0]]
[2022.06.27-02.31.36:520][  0]LogConfig: Setting CVar [[r.GenerateLandscapeGIData:0]]
[2022.06.27-02.31.36:520][  0]LogConfig: Setting CVar [[r.DistanceFieldBuild.Compress:0]]
[2022.06.27-02.31.36:520][  0]LogConfig: Setting CVar [[r.TessellationAdaptivePixelsPerTriangle:48.000000]]
[2022.06.27-02.31.36:520][  0]LogConfig: Setting CVar [[r.SeparateTranslucency:1]]
[2022.06.27-02.31.36:520][  0]LogConfig: Setting CVar [[r.TranslucentSortPolicy:0]]
[2022.06.27-02.31.36:521][  0]LogConfig: Setting CVar [[vr.VRS.HMDFixedFoveationLevel:0]]
[2022.06.27-02.31.36:521][  0]LogConfig: Setting CVar [[r.CustomDepth:1]]
[2022.06.27-02.31.36:521][  0]LogConfig: Setting CVar [[r.CustomDepthTemporalAAJitter:1]]
[2022.06.27-02.31.36:521][  0]LogConfig: Setting CVar [[r.PostProcessing.PropagateAlpha:0]]
[2022.06.27-02.31.36:521][  0]LogConfig: Setting CVar [[r.DefaultFeature.Bloom:1]]
[2022.06.27-02.31.36:521][  0]LogConfig: Setting CVar [[r.DefaultFeature.AmbientOcclusion:1]]
[2022.06.27-02.31.36:521][  0]LogConfig: Setting CVar [[r.DefaultFeature.AmbientOcclusionStaticFraction:1]]
[2022.06.27-02.31.36:521][  0]LogConfig: Setting CVar [[r.DefaultFeature.AutoExposure:1]]
[2022.06.27-02.31.36:521][  0]LogConfig: Setting CVar [[r.DefaultFeature.AutoExposure.Method:0]]
[2022.06.27-02.31.36:521][  0]LogConfig: Setting CVar [[r.DefaultFeature.AutoExposure.Bias:1.000000]]
[2022.06.27-02.31.36:521][  0]LogConfig: Setting CVar [[r.DefaultFeature.AutoExposure.ExtendDefaultLuminanceRange:0]]
[2022.06.27-02.31.36:521][  0]LogConfig: Setting CVar [[r.UsePreExposure:1]]
[2022.06.27-02.31.36:521][  0]LogConfig: Setting CVar [[r.EyeAdaptation.EditorOnly:0]]
[2022.06.27-02.31.36:521][  0]LogConfig: Setting CVar [[r.DefaultFeature.MotionBlur:1]]
[2022.06.27-02.31.36:521][  0]LogConfig: Setting CVar [[r.DefaultFeature.LensFlare:0]]
[2022.06.27-02.31.36:521][  0]LogConfig: Setting CVar [[r.TemporalAA.Upsampling:0]]
[2022.06.27-02.31.36:521][  0]LogConfig: Setting CVar [[r.SSGI.Enable:0]]
[2022.06.27-02.31.36:521][  0]LogConfig: Setting CVar [[r.DefaultFeature.AntiAliasing:2]]
[2022.06.27-02.31.36:521][  0]LogConfig: Setting CVar [[r.DefaultFeature.LightUnits:1]]
[2022.06.27-02.31.36:521][  0]LogConfig: Setting CVar [[r.DefaultBackBufferPixelFormat:4]]
[2022.06.27-02.31.36:521][  0]LogConfig: Setting CVar [[r.Shadow.UnbuiltPreviewInGame:1]]
[2022.06.27-02.31.36:521][  0]LogConfig: Setting CVar [[r.StencilForLODDither:0]]
[2022.06.27-02.31.36:521][  0]LogConfig: Setting CVar [[r.EarlyZPass:3]]
[2022.06.27-02.31.36:521][  0]LogConfig: Setting CVar [[r.EarlyZPassOnlyMaterialMasking:0]]
[2022.06.27-02.31.36:521][  0]LogConfig: Setting CVar [[r.DBuffer:1]]
[2022.06.27-02.31.36:521][  0]LogConfig: Setting CVar [[r.ClearSceneMethod:1]]
[2022.06.27-02.31.36:521][  0]LogConfig: Setting CVar [[r.BasePassOutputsVelocity:0]]
[2022.06.27-02.31.36:521][  0]LogConfig: Setting CVar [[r.VertexDeformationOutputsVelocity:0]]
[2022.06.27-02.31.36:521][  0]LogConfig: Setting CVar [[r.SelectiveBasePassOutputs:0]]
[2022.06.27-02.31.36:521][  0]LogConfig: Setting CVar [[fx.GPUSimulationTextureSizeX:1024]]
[2022.06.27-02.31.36:521][  0]LogConfig: Setting CVar [[fx.GPUSimulationTextureSizeY:1024]]
[2022.06.27-02.31.36:521][  0]LogConfig: Setting CVar [[r.AllowGlobalClipPlane:0]]
[2022.06.27-02.31.36:521][  0]LogConfig: Setting CVar [[r.GBufferFormat:1]]
[2022.06.27-02.31.36:521][  0]LogConfig: Setting CVar [[r.MorphTarget.Mode:1]]
[2022.06.27-02.31.36:521][  0]LogConfig: Setting CVar [[vr.InstancedStereo:0]]
[2022.06.27-02.31.36:521][  0]LogConfig: Setting CVar [[r.MobileHDR:1]]
[2022.06.27-02.31.36:521][  0]LogConfig: Setting CVar [[vr.MobileMultiView:0]]
[2022.06.27-02.31.36:521][  0]LogConfig: Setting CVar [[r.Mobile.UseHWsRGBEncoding:0]]
[2022.06.27-02.31.36:521][  0]LogConfig: Setting CVar [[vr.RoundRobinOcclusion:0]]
[2022.06.27-02.31.36:521][  0]LogConfig: Setting CVar [[vr.ODSCapture:0]]
[2022.06.27-02.31.36:521][  0]LogConfig: Setting CVar [[r.MeshStreaming:0]]
[2022.06.27-02.31.36:521][  0]LogConfig: Setting CVar [[r.WireframeCullThreshold:5.000000]]
[2022.06.27-02.31.36:521][  0]LogConfig: Setting CVar [[r.RayTracing:0]]
[2022.06.27-02.31.36:521][  0]LogConfig: Setting CVar [[r.RayTracing.UseTextureLod:0]]
[2022.06.27-02.31.36:521][  0]LogConfig: Setting CVar [[r.SupportStationarySkylight:1]]
[2022.06.27-02.31.36:521][  0]LogConfig: Setting CVar [[r.SupportLowQualityLightmaps:1]]
[2022.06.27-02.31.36:521][  0]LogConfig: Setting CVar [[r.SupportPointLightWholeSceneShadows:1]]
[2022.06.27-02.31.36:521][  0]LogConfig: Setting CVar [[r.SupportAtmosphericFog:1]]
[2022.06.27-02.31.36:521][  0]LogConfig: Setting CVar [[r.SupportSkyAtmosphere:1]]
[2022.06.27-02.31.36:521][  0]LogConfig: Setting CVar [[r.SupportSkyAtmosphereAffectsHeightFog:0]]
[2022.06.27-02.31.36:521][  0]LogConfig: Setting CVar [[r.SkinCache.CompileShaders:0]]
[2022.06.27-02.31.36:521][  0]LogConfig: Setting CVar [[r.SkinCache.DefaultBehavior:1]]
[2022.06.27-02.31.36:521][  0]LogConfig: Setting CVar [[r.SkinCache.SceneMemoryLimitInMB:128.000000]]
[2022.06.27-02.31.36:521][  0]LogConfig: Setting CVar [[r.Mobile.EnableStaticAndCSMShadowReceivers:1]]
[2022.06.27-02.31.36:521][  0]LogConfig: Setting CVar [[r.Mobile.EnableMovableLightCSMShaderCulling:1]]
[2022.06.27-02.31.36:521][  0]LogConfig: Setting CVar [[r.Mobile.AllowDistanceFieldShadows:1]]
[2022.06.27-02.31.36:521][  0]LogConfig: Setting CVar [[r.Mobile.AllowMovableDirectionalLights:1]]
[2022.06.27-02.31.36:521][  0]LogConfig: Setting CVar [[r.MobileNumDynamicPointLights:4]]
[2022.06.27-02.31.36:521][  0]LogConfig: Setting CVar [[r.MobileDynamicPointLightsUseStaticBranch:1]]
[2022.06.27-02.31.36:521][  0]LogConfig: Setting CVar [[r.Mobile.EnableMovableSpotlights:0]]
[2022.06.27-02.31.36:521][  0]LogConfig: Setting CVar [[r.Mobile.EnableMovableSpotlightsShadow:0]]
[2022.06.27-02.31.36:521][  0]LogConfig: Setting CVar [[r.GPUSkin.Support16BitBoneIndex:0]]
[2022.06.27-02.31.36:521][  0]LogConfig: Setting CVar [[r.GPUSkin.Limit2BoneInfluences:0]]
[2022.06.27-02.31.36:521][  0]LogConfig: Setting CVar [[r.SupportDepthOnlyIndexBuffers:1]]
[2022.06.27-02.31.36:521][  0]LogConfig: Setting CVar [[r.SupportReversedIndexBuffers:1]]
[2022.06.27-02.31.36:521][  0]LogConfig: Setting CVar [[r.LightPropagationVolume:0]]
[2022.06.27-02.31.36:521][  0]LogConfig: Setting CVar [[r.Mobile.AmbientOcclusion:0]]
[2022.06.27-02.31.36:521][  0]LogConfig: Setting CVar [[r.GPUSkin.UnlimitedBoneInfluences:0]]
[2022.06.27-02.31.36:521][  0]LogConfig: Setting CVar [[r.GPUSkin.UnlimitedBoneInfluencesThreshold:8]]
[2022.06.27-02.31.36:521][  0]LogConfig: Setting CVar [[r.Mobile.PlanarReflectionMode:0]]
[2022.06.27-02.31.36:521][  0]LogConfig: Setting CVar [[r.Mobile.SupportsGen4TAA:0]]
[2022.06.27-02.31.36:521][  0]LogConfig: Applying CVar settings from Section [/Script/Engine.RendererOverrideSettings] File [H:/GitHub/ProyectoX/ProyectoX/Saved/Config/Windows/Engine.ini]
[2022.06.27-02.31.36:521][  0]LogConfig: Applying CVar settings from Section [/Script/Engine.StreamingSettings] File [H:/GitHub/ProyectoX/ProyectoX/Saved/Config/Windows/Engine.ini]
[2022.06.27-02.31.36:521][  0]LogConfig: Setting CVar [[s.MinBulkDataSizeForAsyncLoading:131072]]
[2022.06.27-02.31.36:521][  0]LogConfig: Setting CVar [[s.AsyncLoadingThreadEnabled:0]]
[2022.06.27-02.31.36:521][  0]LogConfig: Setting CVar [[s.EventDrivenLoaderEnabled:1]]
[2022.06.27-02.31.36:521][  0]LogConfig: Setting CVar [[s.WarnIfTimeLimitExceeded:0]]
[2022.06.27-02.31.36:521][  0]LogConfig: Setting CVar [[s.TimeLimitExceededMultiplier:1.5]]
[2022.06.27-02.31.36:521][  0]LogConfig: Setting CVar [[s.TimeLimitExceededMinTime:0.005]]
[2022.06.27-02.31.36:521][  0]LogConfig: Setting CVar [[s.UseBackgroundLevelStreaming:1]]
[2022.06.27-02.31.36:521][  0]LogConfig: Setting CVar [[s.PriorityAsyncLoadingExtraTime:15.0]]
[2022.06.27-02.31.36:521][  0]LogConfig: Setting CVar [[s.LevelStreamingActorsUpdateTimeLimit:5.0]]
[2022.06.27-02.31.36:521][  0]LogConfig: Setting CVar [[s.PriorityLevelStreamingActorsUpdateExtraTime:5.0]]
[2022.06.27-02.31.36:521][  0]LogConfig: Setting CVar [[s.LevelStreamingComponentsRegistrationGranularity:10]]
[2022.06.27-02.31.36:521][  0]LogConfig: Setting CVar [[s.UnregisterComponentsTimeLimit:1.0]]
[2022.06.27-02.31.36:521][  0]LogConfig: Setting CVar [[s.LevelStreamingComponentsUnregistrationGranularity:5]]
[2022.06.27-02.31.36:522][  0]LogConfig: Setting CVar [[s.FlushStreamingOnExit:1]]
[2022.06.27-02.31.36:522][  0]LogConfig: Applying CVar settings from Section [/Script/Engine.GarbageCollectionSettings] File [H:/GitHub/ProyectoX/ProyectoX/Saved/Config/Windows/Engine.ini]
[2022.06.27-02.31.36:522][  0]LogConfig: Setting CVar [[gc.MaxObjectsNotConsideredByGC:1]]
[2022.06.27-02.31.36:522][  0]LogConfig: Setting CVar [[gc.SizeOfPermanentObjectPool:0]]
[2022.06.27-02.31.36:522][  0]LogConfig: Setting CVar [[gc.FlushStreamingOnGC:0]]
[2022.06.27-02.31.36:522][  0]LogConfig: Setting CVar [[gc.NumRetriesBeforeForcingGC:10]]
[2022.06.27-02.31.36:522][  0]LogConfig: Setting CVar [[gc.AllowParallelGC:1]]
[2022.06.27-02.31.36:522][  0]LogConfig: Setting CVar [[gc.TimeBetweenPurgingPendingKillObjects:61.1]]
[2022.06.27-02.31.36:522][  0]LogConfig: Setting CVar [[gc.MaxObjectsInEditor:25165824]]
[2022.06.27-02.31.36:522][  0]LogConfig: Setting CVar [[gc.IncrementalBeginDestroyEnabled:1]]
[2022.06.27-02.31.36:522][  0]LogConfig: Setting CVar [[gc.CreateGCClusters:1]]
[2022.06.27-02.31.36:522][  0]LogConfig: Setting CVar [[gc.MinGCClusterSize:5]]
[2022.06.27-02.31.36:522][  0]LogConfig: Setting CVar [[gc.ActorClusteringEnabled:0]]
[2022.06.27-02.31.36:522][  0]LogConfig: Setting CVar [[gc.BlueprintClusteringEnabled:0]]
[2022.06.27-02.31.36:522][  0]LogConfig: Setting CVar [[gc.UseDisregardForGCOnDedicatedServers:0]]
[2022.06.27-02.31.36:522][  0]LogConfig: Setting CVar [[gc.MultithreadedDestructionEnabled:1]]
[2022.06.27-02.31.36:522][  0]LogConfig: Applying CVar settings from Section [/Script/Engine.NetworkSettings] File [H:/GitHub/ProyectoX/ProyectoX/Saved/Config/Windows/Engine.ini]
[2022.06.27-02.31.36:522][  0]LogConfig: Applying CVar settings from Section [/Script/UnrealEd.CookerSettings] File [H:/GitHub/ProyectoX/ProyectoX/Saved/Config/Windows/Engine.ini]
[2022.06.27-02.31.36:555][  0]LogConfig: Applying CVar settings from Section [ViewDistanceQuality@3] File [H:/GitHub/ProyectoX/ProyectoX/Saved/Config/Windows/Scalability.ini]
[2022.06.27-02.31.36:555][  0]LogConfig: Setting CVar [[r.SkeletalMeshLODBias:0]]
[2022.06.27-02.31.36:555][  0]LogConfig: Setting CVar [[r.ViewDistanceScale:1.0]]
[2022.06.27-02.31.36:555][  0]LogConfig: Applying CVar settings from Section [AntiAliasingQuality@3] File [H:/GitHub/ProyectoX/ProyectoX/Saved/Config/Windows/Scalability.ini]
[2022.06.27-02.31.36:555][  0]LogConfig: Setting CVar [[r.PostProcessAAQuality:4]]
[2022.06.27-02.31.36:555][  0]LogConfig: Applying CVar settings from Section [ShadowQuality@3] File [H:/GitHub/ProyectoX/ProyectoX/Saved/Config/Windows/Scalability.ini]
[2022.06.27-02.31.36:555][  0]LogConfig: Setting CVar [[r.LightFunctionQuality:1]]
[2022.06.27-02.31.36:555][  0]LogConfig: Setting CVar [[r.ShadowQuality:5]]
[2022.06.27-02.31.36:555][  0]LogConfig: Setting CVar [[r.Shadow.CSM.MaxCascades:10]]
[2022.06.27-02.31.36:555][  0]LogConfig: Setting CVar [[r.Shadow.MaxResolution:2048]]
[2022.06.27-02.31.36:555][  0]LogConfig: Setting CVar [[r.Shadow.MaxCSMResolution:2048]]
[2022.06.27-02.31.36:555][  0]LogConfig: Setting CVar [[r.Shadow.RadiusThreshold:0.01]]
[2022.06.27-02.31.36:555][  0]LogConfig: Setting CVar [[r.Shadow.DistanceScale:1.0]]
[2022.06.27-02.31.36:555][  0]LogConfig: Setting CVar [[r.Shadow.CSM.TransitionScale:1.0]]
[2022.06.27-02.31.36:555][  0]LogConfig: Setting CVar [[r.Shadow.PreShadowResolutionFactor:1.0]]
[2022.06.27-02.31.36:555][  0]LogConfig: Setting CVar [[r.DistanceFieldShadowing:1]]
[2022.06.27-02.31.36:555][  0]LogConfig: Setting CVar [[r.DistanceFieldAO:1]]
[2022.06.27-02.31.36:555][  0]LogConfig: Setting CVar [[r.AOQuality:2]]
[2022.06.27-02.31.36:555][  0]LogConfig: Setting CVar [[r.VolumetricFog:1]]
[2022.06.27-02.31.36:555][  0]LogConfig: Setting CVar [[r.VolumetricFog.GridPixelSize:8]]
[2022.06.27-02.31.36:555][  0]LogConfig: Setting CVar [[r.VolumetricFog.GridSizeZ:128]]
[2022.06.27-02.31.36:555][  0]LogConfig: Setting CVar [[r.VolumetricFog.HistoryMissSupersampleCount:4]]
[2022.06.27-02.31.36:555][  0]LogConfig: Setting CVar [[r.LightMaxDrawDistanceScale:1]]
[2022.06.27-02.31.36:555][  0]LogConfig: Setting CVar [[r.CapsuleShadows:1]]
[2022.06.27-02.31.36:555][  0]LogConfig: Applying CVar settings from Section [PostProcessQuality@3] File [H:/GitHub/ProyectoX/ProyectoX/Saved/Config/Windows/Scalability.ini]
[2022.06.27-02.31.36:555][  0]LogConfig: Setting CVar [[r.MotionBlurQuality:4]]
[2022.06.27-02.31.36:555][  0]LogConfig: Setting CVar [[r.AmbientOcclusionMipLevelFactor:0.4]]
[2022.06.27-02.31.36:555][  0]LogConfig: Setting CVar [[r.AmbientOcclusionMaxQuality:100]]
[2022.06.27-02.31.36:555][  0]LogConfig: Setting CVar [[r.AmbientOcclusionLevels:-1]]
[2022.06.27-02.31.36:555][  0]LogConfig: Setting CVar [[r.AmbientOcclusionRadiusScale:1.0]]
[2022.06.27-02.31.36:555][  0]LogConfig: Setting CVar [[r.DepthOfFieldQuality:2]]
[2022.06.27-02.31.36:555][  0]LogConfig: Setting CVar [[r.RenderTargetPoolMin:400]]
[2022.06.27-02.31.36:555][  0]LogConfig: Setting CVar [[r.LensFlareQuality:2]]
[2022.06.27-02.31.36:555][  0]LogConfig: Setting CVar [[r.SceneColorFringeQuality:1]]
[2022.06.27-02.31.36:555][  0]LogConfig: Setting CVar [[r.EyeAdaptationQuality:2]]
[2022.06.27-02.31.36:555][  0]LogConfig: Setting CVar [[r.BloomQuality:5]]
[2022.06.27-02.31.36:555][  0]LogConfig: Setting CVar [[r.FastBlurThreshold:100]]
[2022.06.27-02.31.36:555][  0]LogConfig: Setting CVar [[r.Upscale.Quality:3]]
[2022.06.27-02.31.36:555][  0]LogConfig: Setting CVar [[r.Tonemapper.GrainQuantization:1]]
[2022.06.27-02.31.36:555][  0]LogConfig: Setting CVar [[r.LightShaftQuality:1]]
[2022.06.27-02.31.36:555][  0]LogConfig: Setting CVar [[r.Filter.SizeScale:1]]
[2022.06.27-02.31.36:555][  0]LogConfig: Setting CVar [[r.Tonemapper.Quality:5]]
[2022.06.27-02.31.36:555][  0]LogConfig: Setting CVar [[r.DOF.Gather.AccumulatorQuality:1        ; higher gathering accumulator quality]]
[2022.06.27-02.31.36:555][  0]LogConfig: Setting CVar [[r.DOF.Gather.PostfilterMethod:1          ; Median3x3 postfilering method]]
[2022.06.27-02.31.36:555][  0]LogConfig: Setting CVar [[r.DOF.Gather.EnableBokehSettings:0       ; no bokeh simulation when gathering]]
[2022.06.27-02.31.36:555][  0]LogConfig: Setting CVar [[r.DOF.Gather.RingCount:4                 ; medium number of samples when gathering]]
[2022.06.27-02.31.36:555][  0]LogConfig: Setting CVar [[r.DOF.Scatter.ForegroundCompositing:1    ; additive foreground scattering]]
[2022.06.27-02.31.36:555][  0]LogConfig: Setting CVar [[r.DOF.Scatter.BackgroundCompositing:2    ; additive background scattering]]
[2022.06.27-02.31.36:555][  0]LogConfig: Setting CVar [[r.DOF.Scatter.EnableBokehSettings:1      ; bokeh simulation when scattering]]
[2022.06.27-02.31.36:555][  0]LogConfig: Setting CVar [[r.DOF.Scatter.MaxSpriteRatio:0.1         ; only a maximum of 10% of scattered bokeh]]
[2022.06.27-02.31.36:555][  0]LogConfig: Setting CVar [[r.DOF.Recombine.Quality:1                ; cheap slight out of focus]]
[2022.06.27-02.31.36:555][  0]LogConfig: Setting CVar [[r.DOF.Recombine.EnableBokehSettings:0    ; no bokeh simulation on slight out of focus]]
[2022.06.27-02.31.36:555][  0]LogConfig: Setting CVar [[r.DOF.TemporalAAQuality:1                ; more stable temporal accumulation]]
[2022.06.27-02.31.36:555][  0]LogConfig: Setting CVar [[r.DOF.Kernel.MaxForegroundRadius:0.025]]
[2022.06.27-02.31.36:555][  0]LogConfig: Setting CVar [[r.DOF.Kernel.MaxBackgroundRadius:0.025]]
[2022.06.27-02.31.36:555][  0]LogConfig: Applying CVar settings from Section [TextureQuality@3] File [H:/GitHub/ProyectoX/ProyectoX/Saved/Config/Windows/Scalability.ini]
[2022.06.27-02.31.36:555][  0]LogConfig: Setting CVar [[r.Streaming.MipBias:0]]
[2022.06.27-02.31.36:555][  0]LogConfig: Setting CVar [[r.Streaming.AmortizeCPUToGPUCopy:0]]
[2022.06.27-02.31.36:555][  0]LogConfig: Setting CVar [[r.Streaming.MaxNumTexturesToStreamPerFrame:0]]
[2022.06.27-02.31.36:555][  0]LogConfig: Setting CVar [[r.Streaming.Boost:1]]
[2022.06.27-02.31.36:556][  0]LogConfig: Setting CVar [[r.MaxAnisotropy:8]]
[2022.06.27-02.31.36:556][  0]LogConfig: Setting CVar [[r.VT.MaxAnisotropy:8]]
[2022.06.27-02.31.36:556][  0]LogConfig: Setting CVar [[r.Streaming.LimitPoolSizeToVRAM:0]]
[2022.06.27-02.31.36:556][  0]LogConfig: Setting CVar [[r.Streaming.PoolSize:1000]]
[2022.06.27-02.31.36:556][  0]LogConfig: Setting CVar [[r.Streaming.MaxEffectiveScreenSize:0]]
[2022.06.27-02.31.36:556][  0]LogConfig: Applying CVar settings from Section [EffectsQuality@3] File [H:/GitHub/ProyectoX/ProyectoX/Saved/Config/Windows/Scalability.ini]
[2022.06.27-02.31.36:556][  0]LogConfig: Setting CVar [[r.TranslucencyLightingVolumeDim:64]]
[2022.06.27-02.31.36:556][  0]LogConfig: Setting CVar [[r.RefractionQuality:2]]
[2022.06.27-02.31.36:556][  0]LogConfig: Setting CVar [[r.SSR.Quality:3]]
[2022.06.27-02.31.36:556][  0]LogConfig: Setting CVar [[r.SSR.HalfResSceneColor:0]]
[2022.06.27-02.31.36:556][  0]LogConfig: Setting CVar [[r.SceneColorFormat:4]]
[2022.06.27-02.31.36:556][  0]LogConfig: Setting CVar [[r.DetailMode:2]]
[2022.06.27-02.31.36:556][  0]LogConfig: Setting CVar [[r.TranslucencyVolumeBlur:1]]
[2022.06.27-02.31.36:556][  0]LogConfig: Setting CVar [[r.MaterialQualityLevel:1 ; High quality]]
[2022.06.27-02.31.36:556][  0]LogConfig: Setting CVar [[r.AnisotropicMaterials:1]]
[2022.06.27-02.31.36:556][  0]LogConfig: Setting CVar [[r.SSS.Scale:1]]
[2022.06.27-02.31.36:556][  0]LogConfig: Setting CVar [[r.SSS.SampleSet:2]]
[2022.06.27-02.31.36:556][  0]LogConfig: Setting CVar [[r.SSS.Quality:1]]
[2022.06.27-02.31.36:556][  0]LogConfig: Setting CVar [[r.SSS.HalfRes:0]]
[2022.06.27-02.31.36:556][  0]LogConfig: Setting CVar [[r.SSGI.Quality:3]]
[2022.06.27-02.31.36:556][  0]LogConfig: Setting CVar [[r.EmitterSpawnRateScale:1.0]]
[2022.06.27-02.31.36:556][  0]LogConfig: Setting CVar [[r.ParticleLightQuality:2]]
[2022.06.27-02.31.36:556][  0]LogConfig: Setting CVar [[r.SkyAtmosphere.AerialPerspectiveLUT.FastApplyOnOpaque:1 ; Always have FastSkyLUT 1 in this case to avoid wrong sky]]
[2022.06.27-02.31.36:556][  0]LogConfig: Setting CVar [[r.SkyAtmosphere.AerialPerspectiveLUT.SampleCountMaxPerSlice:4]]
[2022.06.27-02.31.36:556][  0]LogConfig: Setting CVar [[r.SkyAtmosphere.AerialPerspectiveLUT.DepthResolution:16.0]]
[2022.06.27-02.31.36:556][  0]LogConfig: Setting CVar [[r.SkyAtmosphere.FastSkyLUT:1]]
[2022.06.27-02.31.36:556][  0]LogConfig: Setting CVar [[r.SkyAtmosphere.FastSkyLUT.SampleCountMin:4.0]]
[2022.06.27-02.31.36:556][  0]LogConfig: Setting CVar [[r.SkyAtmosphere.FastSkyLUT.SampleCountMax:128.0]]
[2022.06.27-02.31.36:556][  0]LogConfig: Setting CVar [[r.SkyAtmosphere.SampleCountMin:4.0]]
[2022.06.27-02.31.36:556][  0]LogConfig: Setting CVar [[r.SkyAtmosphere.SampleCountMax:128.0]]
[2022.06.27-02.31.36:556][  0]LogConfig: Setting CVar [[r.SkyAtmosphere.TransmittanceLUT.UseSmallFormat:0]]
[2022.06.27-02.31.36:556][  0]LogConfig: Setting CVar [[r.SkyAtmosphere.TransmittanceLUT.SampleCount:10.0]]
[2022.06.27-02.31.36:556][  0]LogConfig: Setting CVar [[r.SkyAtmosphere.MultiScatteringLUT.SampleCount:15.0]]
[2022.06.27-02.31.36:556][  0]LogConfig: Setting CVar [[r.SkyLight.RealTimeReflectionCapture:1]]
[2022.06.27-02.31.36:556][  0]LogConfig: Applying CVar settings from Section [FoliageQuality@3] File [H:/GitHub/ProyectoX/ProyectoX/Saved/Config/Windows/Scalability.ini]
[2022.06.27-02.31.36:556][  0]LogConfig: Setting CVar [[foliage.DensityScale:1.0]]
[2022.06.27-02.31.36:556][  0]LogConfig: Setting CVar [[grass.DensityScale:1.0]]
[2022.06.27-02.31.36:556][  0]LogConfig: Applying CVar settings from Section [ShadingQuality@3] File [H:/GitHub/ProyectoX/ProyectoX/Saved/Config/Windows/Scalability.ini]
[2022.06.27-02.31.36:556][  0]LogConfig: Setting CVar [[r.HairStrands.SkyLighting.IntegrationType:2]]
[2022.06.27-02.31.36:556][  0]LogConfig: Setting CVar [[r.HairStrands.SkyAO.SampleCount:4]]
[2022.06.27-02.31.36:556][  0]LogConfig: Setting CVar [[r.HairStrands.Visibility.MSAA.SamplePerPixel:4]]
[2022.06.27-02.31.36:556][  0]LogInit: Selected Device Profile: [Windows]
[2022.06.27-02.31.36:556][  0]LogInit: Applying CVar settings loaded from the selected device profile: [Windows]
[2022.06.27-02.31.36:556][  0]LogHAL: Display: Platform has ~ 32 GB [34273771520 / 34359738368 / 32], which maps to Largest [LargestMinGB=32, LargerMinGB=12, DefaultMinGB=8, SmallerMinGB=6, SmallestMinGB=0)
[2022.06.27-02.31.36:556][  0]LogInit: Going up to parent DeviceProfile []
[2022.06.27-02.31.36:556][  0]LogConfig: Applying CVar settings from Section [ViewDistanceQuality@3] File [H:/GitHub/ProyectoX/ProyectoX/Saved/Config/Windows/Scalability.ini]
[2022.06.27-02.31.36:556][  0]LogConfig: Setting CVar [[r.SkeletalMeshLODBias:0]]
[2022.06.27-02.31.36:556][  0]LogConfig: Setting CVar [[r.ViewDistanceScale:1.0]]
[2022.06.27-02.31.36:556][  0]LogConfig: Applying CVar settings from Section [AntiAliasingQuality@3] File [H:/GitHub/ProyectoX/ProyectoX/Saved/Config/Windows/Scalability.ini]
[2022.06.27-02.31.36:556][  0]LogConfig: Setting CVar [[r.PostProcessAAQuality:4]]
[2022.06.27-02.31.36:556][  0]LogConfig: Applying CVar settings from Section [ShadowQuality@3] File [H:/GitHub/ProyectoX/ProyectoX/Saved/Config/Windows/Scalability.ini]
[2022.06.27-02.31.36:556][  0]LogConfig: Setting CVar [[r.LightFunctionQuality:1]]
[2022.06.27-02.31.36:556][  0]LogConfig: Setting CVar [[r.ShadowQuality:5]]
[2022.06.27-02.31.36:556][  0]LogConfig: Setting CVar [[r.Shadow.CSM.MaxCascades:10]]
[2022.06.27-02.31.36:556][  0]LogConfig: Setting CVar [[r.Shadow.MaxResolution:2048]]
[2022.06.27-02.31.36:556][  0]LogConfig: Setting CVar [[r.Shadow.MaxCSMResolution:2048]]
[2022.06.27-02.31.36:556][  0]LogConfig: Setting CVar [[r.Shadow.RadiusThreshold:0.01]]
[2022.06.27-02.31.36:556][  0]LogConfig: Setting CVar [[r.Shadow.DistanceScale:1.0]]
[2022.06.27-02.31.36:556][  0]LogConfig: Setting CVar [[r.Shadow.CSM.TransitionScale:1.0]]
[2022.06.27-02.31.36:556][  0]LogConfig: Setting CVar [[r.Shadow.PreShadowResolutionFactor:1.0]]
[2022.06.27-02.31.36:556][  0]LogConfig: Setting CVar [[r.DistanceFieldShadowing:1]]
[2022.06.27-02.31.36:556][  0]LogConfig: Setting CVar [[r.DistanceFieldAO:1]]
[2022.06.27-02.31.36:556][  0]LogConfig: Setting CVar [[r.AOQuality:2]]
[2022.06.27-02.31.36:556][  0]LogConfig: Setting CVar [[r.VolumetricFog:1]]
[2022.06.27-02.31.36:556][  0]LogConfig: Setting CVar [[r.VolumetricFog.GridPixelSize:8]]
[2022.06.27-02.31.36:556][  0]LogConfig: Setting CVar [[r.VolumetricFog.GridSizeZ:128]]
[2022.06.27-02.31.36:556][  0]LogConfig: Setting CVar [[r.VolumetricFog.HistoryMissSupersampleCount:4]]
[2022.06.27-02.31.36:556][  0]LogConfig: Setting CVar [[r.LightMaxDrawDistanceScale:1]]
[2022.06.27-02.31.36:556][  0]LogConfig: Setting CVar [[r.CapsuleShadows:1]]
[2022.06.27-02.31.36:556][  0]LogConfig: Applying CVar settings from Section [PostProcessQuality@3] File [H:/GitHub/ProyectoX/ProyectoX/Saved/Config/Windows/Scalability.ini]
[2022.06.27-02.31.36:556][  0]LogConfig: Setting CVar [[r.MotionBlurQuality:4]]
[2022.06.27-02.31.36:556][  0]LogConfig: Setting CVar [[r.AmbientOcclusionMipLevelFactor:0.4]]
[2022.06.27-02.31.36:556][  0]LogConfig: Setting CVar [[r.AmbientOcclusionMaxQuality:100]]
[2022.06.27-02.31.36:556][  0]LogConfig: Setting CVar [[r.AmbientOcclusionLevels:-1]]
[2022.06.27-02.31.36:556][  0]LogConfig: Setting CVar [[r.AmbientOcclusionRadiusScale:1.0]]
[2022.06.27-02.31.36:556][  0]LogConfig: Setting CVar [[r.DepthOfFieldQuality:2]]
[2022.06.27-02.31.36:556][  0]LogConfig: Setting CVar [[r.RenderTargetPoolMin:400]]
[2022.06.27-02.31.36:556][  0]LogConfig: Setting CVar [[r.LensFlareQuality:2]]
[2022.06.27-02.31.36:556][  0]LogConfig: Setting CVar [[r.SceneColorFringeQuality:1]]
[2022.06.27-02.31.36:556][  0]LogConfig: Setting CVar [[r.EyeAdaptationQuality:2]]
[2022.06.27-02.31.36:556][  0]LogConfig: Setting CVar [[r.BloomQuality:5]]
[2022.06.27-02.31.36:556][  0]LogConfig: Setting CVar [[r.FastBlurThreshold:100]]
[2022.06.27-02.31.36:556][  0]LogConfig: Setting CVar [[r.Upscale.Quality:3]]
[2022.06.27-02.31.36:556][  0]LogConfig: Setting CVar [[r.Tonemapper.GrainQuantization:1]]
[2022.06.27-02.31.36:556][  0]LogConfig: Setting CVar [[r.LightShaftQuality:1]]
[2022.06.27-02.31.36:556][  0]LogConfig: Setting CVar [[r.Filter.SizeScale:1]]
[2022.06.27-02.31.36:556][  0]LogConfig: Setting CVar [[r.Tonemapper.Quality:5]]
[2022.06.27-02.31.36:556][  0]LogConfig: Setting CVar [[r.DOF.Gather.AccumulatorQuality:1        ; higher gathering accumulator quality]]
[2022.06.27-02.31.36:556][  0]LogConfig: Setting CVar [[r.DOF.Gather.PostfilterMethod:1          ; Median3x3 postfilering method]]
[2022.06.27-02.31.36:556][  0]LogConfig: Setting CVar [[r.DOF.Gather.EnableBokehSettings:0       ; no bokeh simulation when gathering]]
[2022.06.27-02.31.36:556][  0]LogConfig: Setting CVar [[r.DOF.Gather.RingCount:4                 ; medium number of samples when gathering]]
[2022.06.27-02.31.36:556][  0]LogConfig: Setting CVar [[r.DOF.Scatter.ForegroundCompositing:1    ; additive foreground scattering]]
[2022.06.27-02.31.36:556][  0]LogConfig: Setting CVar [[r.DOF.Scatter.BackgroundCompositing:2    ; additive background scattering]]
[2022.06.27-02.31.36:556][  0]LogConfig: Setting CVar [[r.DOF.Scatter.EnableBokehSettings:1      ; bokeh simulation when scattering]]
[2022.06.27-02.31.36:557][  0]LogConfig: Setting CVar [[r.DOF.Scatter.MaxSpriteRatio:0.1         ; only a maximum of 10% of scattered bokeh]]
[2022.06.27-02.31.36:557][  0]LogConfig: Setting CVar [[r.DOF.Recombine.Quality:1                ; cheap slight out of focus]]
[2022.06.27-02.31.36:557][  0]LogConfig: Setting CVar [[r.DOF.Recombine.EnableBokehSettings:0    ; no bokeh simulation on slight out of focus]]
[2022.06.27-02.31.36:557][  0]LogConfig: Setting CVar [[r.DOF.TemporalAAQuality:1                ; more stable temporal accumulation]]
[2022.06.27-02.31.36:557][  0]LogConfig: Setting CVar [[r.DOF.Kernel.MaxForegroundRadius:0.025]]
[2022.06.27-02.31.36:557][  0]LogConfig: Setting CVar [[r.DOF.Kernel.MaxBackgroundRadius:0.025]]
[2022.06.27-02.31.36:557][  0]LogConfig: Applying CVar settings from Section [TextureQuality@3] File [H:/GitHub/ProyectoX/ProyectoX/Saved/Config/Windows/Scalability.ini]
[2022.06.27-02.31.36:557][  0]LogConfig: Setting CVar [[r.Streaming.MipBias:0]]
[2022.06.27-02.31.36:557][  0]LogConfig: Setting CVar [[r.Streaming.AmortizeCPUToGPUCopy:0]]
[2022.06.27-02.31.36:557][  0]LogConfig: Setting CVar [[r.Streaming.MaxNumTexturesToStreamPerFrame:0]]
[2022.06.27-02.31.36:557][  0]LogConfig: Setting CVar [[r.Streaming.Boost:1]]
[2022.06.27-02.31.36:557][  0]LogConfig: Setting CVar [[r.MaxAnisotropy:8]]
[2022.06.27-02.31.36:557][  0]LogConfig: Setting CVar [[r.VT.MaxAnisotropy:8]]
[2022.06.27-02.31.36:557][  0]LogConfig: Setting CVar [[r.Streaming.LimitPoolSizeToVRAM:0]]
[2022.06.27-02.31.36:557][  0]LogConfig: Setting CVar [[r.Streaming.PoolSize:1000]]
[2022.06.27-02.31.36:557][  0]LogConfig: Setting CVar [[r.Streaming.MaxEffectiveScreenSize:0]]
[2022.06.27-02.31.36:557][  0]LogConfig: Applying CVar settings from Section [EffectsQuality@3] File [H:/GitHub/ProyectoX/ProyectoX/Saved/Config/Windows/Scalability.ini]
[2022.06.27-02.31.36:557][  0]LogConfig: Setting CVar [[r.TranslucencyLightingVolumeDim:64]]
[2022.06.27-02.31.36:557][  0]LogConfig: Setting CVar [[r.RefractionQuality:2]]
[2022.06.27-02.31.36:557][  0]LogConfig: Setting CVar [[r.SSR.Quality:3]]
[2022.06.27-02.31.36:557][  0]LogConfig: Setting CVar [[r.SSR.HalfResSceneColor:0]]
[2022.06.27-02.31.36:557][  0]LogConfig: Setting CVar [[r.SceneColorFormat:4]]
[2022.06.27-02.31.36:557][  0]LogConfig: Setting CVar [[r.DetailMode:2]]
[2022.06.27-02.31.36:557][  0]LogConfig: Setting CVar [[r.TranslucencyVolumeBlur:1]]
[2022.06.27-02.31.36:557][  0]LogConfig: Setting CVar [[r.MaterialQualityLevel:1 ; High quality]]
[2022.06.27-02.31.36:557][  0]LogConfig: Setting CVar [[r.AnisotropicMaterials:1]]
[2022.06.27-02.31.36:557][  0]LogConfig: Setting CVar [[r.SSS.Scale:1]]
[2022.06.27-02.31.36:557][  0]LogConfig: Setting CVar [[r.SSS.SampleSet:2]]
[2022.06.27-02.31.36:557][  0]LogConfig: Setting CVar [[r.SSS.Quality:1]]
[2022.06.27-02.31.36:557][  0]LogConfig: Setting CVar [[r.SSS.HalfRes:0]]
[2022.06.27-02.31.36:557][  0]LogConfig: Setting CVar [[r.SSGI.Quality:3]]
[2022.06.27-02.31.36:557][  0]LogConfig: Setting CVar [[r.EmitterSpawnRateScale:1.0]]
[2022.06.27-02.31.36:557][  0]LogConfig: Setting CVar [[r.ParticleLightQuality:2]]
[2022.06.27-02.31.36:557][  0]LogConfig: Setting CVar [[r.SkyAtmosphere.AerialPerspectiveLUT.FastApplyOnOpaque:1 ; Always have FastSkyLUT 1 in this case to avoid wrong sky]]
[2022.06.27-02.31.36:557][  0]LogConfig: Setting CVar [[r.SkyAtmosphere.AerialPerspectiveLUT.SampleCountMaxPerSlice:4]]
[2022.06.27-02.31.36:557][  0]LogConfig: Setting CVar [[r.SkyAtmosphere.AerialPerspectiveLUT.DepthResolution:16.0]]
[2022.06.27-02.31.36:557][  0]LogConfig: Setting CVar [[r.SkyAtmosphere.FastSkyLUT:1]]
[2022.06.27-02.31.36:557][  0]LogConfig: Setting CVar [[r.SkyAtmosphere.FastSkyLUT.SampleCountMin:4.0]]
[2022.06.27-02.31.36:557][  0]LogConfig: Setting CVar [[r.SkyAtmosphere.FastSkyLUT.SampleCountMax:128.0]]
[2022.06.27-02.31.36:557][  0]LogConfig: Setting CVar [[r.SkyAtmosphere.SampleCountMin:4.0]]
[2022.06.27-02.31.36:557][  0]LogConfig: Setting CVar [[r.SkyAtmosphere.SampleCountMax:128.0]]
[2022.06.27-02.31.36:557][  0]LogConfig: Setting CVar [[r.SkyAtmosphere.TransmittanceLUT.UseSmallFormat:0]]
[2022.06.27-02.31.36:557][  0]LogConfig: Setting CVar [[r.SkyAtmosphere.TransmittanceLUT.SampleCount:10.0]]
[2022.06.27-02.31.36:557][  0]LogConfig: Setting CVar [[r.SkyAtmosphere.MultiScatteringLUT.SampleCount:15.0]]
[2022.06.27-02.31.36:557][  0]LogConfig: Setting CVar [[r.SkyLight.RealTimeReflectionCapture:1]]
[2022.06.27-02.31.36:557][  0]LogConfig: Applying CVar settings from Section [FoliageQuality@3] File [H:/GitHub/ProyectoX/ProyectoX/Saved/Config/Windows/Scalability.ini]
[2022.06.27-02.31.36:557][  0]LogConfig: Setting CVar [[foliage.DensityScale:1.0]]
[2022.06.27-02.31.36:557][  0]LogConfig: Setting CVar [[grass.DensityScale:1.0]]
[2022.06.27-02.31.36:557][  0]LogConfig: Applying CVar settings from Section [ShadingQuality@3] File [H:/GitHub/ProyectoX/ProyectoX/Saved/Config/Windows/Scalability.ini]
[2022.06.27-02.31.36:557][  0]LogConfig: Setting CVar [[r.HairStrands.SkyLighting.IntegrationType:2]]
[2022.06.27-02.31.36:557][  0]LogConfig: Setting CVar [[r.HairStrands.SkyAO.SampleCount:4]]
[2022.06.27-02.31.36:557][  0]LogConfig: Setting CVar [[r.HairStrands.Visibility.MSAA.SamplePerPixel:4]]
[2022.06.27-02.31.36:557][  0]LogConfig: Applying CVar settings from Section [Startup] File [../../../Engine/Config/ConsoleVariables.ini]
[2022.06.27-02.31.36:557][  0]LogConfig: Setting CVar [[net.UseAdaptiveNetUpdateFrequency:0]]
[2022.06.27-02.31.36:557][  0]LogConfig: Setting CVar [[p.chaos.AllowCreatePhysxBodies:1]]
[2022.06.27-02.31.36:557][  0]LogConfig: Setting CVar [[fx.SkipVectorVMBackendOptimizations:1]]
[2022.06.27-02.31.36:557][  0]LogConfig: Applying CVar settings from Section [ConsoleVariables] File [H:/GitHub/ProyectoX/ProyectoX/Saved/Config/Windows/Engine.ini]
[2022.06.27-02.31.36:557][  0]LogConfig: Applying CVar settings from Section [ConsoleVariables] File [H:/GitHub/ProyectoX/ProyectoX/Saved/Config/Windows/Editor.ini]
[2022.06.27-02.31.36:557][  0]LogInit: Computer: MAG-B460-MORTAR
[2022.06.27-02.31.36:557][  0]LogInit: User: arrie
[2022.06.27-02.31.36:557][  0]LogInit: CPU Page size=4096, Cores=6
[2022.06.27-02.31.36:557][  0]LogInit: High frequency timer resolution =10.000000 MHz
[2022.06.27-02.31.36:557][  0]LogMemory: Memory total: Physical=31.9GB (32GB approx)
[2022.06.27-02.31.36:557][  0]LogMemory: Platform Memory Stats for Windows
[2022.06.27-02.31.36:557][  0]LogMemory: Process Physical Memory: 145.75 MB used, 145.75 MB peak
[2022.06.27-02.31.36:557][  0]LogMemory: Process Virtual Memory: 130.08 MB used, 130.08 MB peak
[2022.06.27-02.31.36:557][  0]LogMemory: Physical Memory: 10296.02 MB used,  22390.00 MB free, 32686.02 MB total
[2022.06.27-02.31.36:557][  0]LogMemory: Virtual Memory: 134189680.00 MB used,  28045.30 MB free, 134217728.00 MB total
[2022.06.27-02.31.36:562][  0]LogWindows: WindowsPlatformFeatures enabled
[2022.06.27-02.31.36:590][  0]LogInit: Physics initialised using underlying interface: PhysX
[2022.06.27-02.31.36:590][  0]LogInit: Using OS detected language (es-MX).
[2022.06.27-02.31.36:590][  0]LogInit: Using OS detected locale (es-AR).
[2022.06.27-02.31.36:592][  0]LogTextLocalizationResource: LocRes '../../../Engine/Content/Localization/Editor/es-MX/Editor.locres' could not be opened for reading!
[2022.06.27-02.31.36:592][  0]LogTextLocalizationResource: LocRes '../../../Engine/Content/Localization/EditorTutorials/es-MX/EditorTutorials.locres' could not be opened for reading!
[2022.06.27-02.31.36:592][  0]LogTextLocalizationResource: LocRes '../../../Engine/Content/Localization/Keywords/es-MX/Keywords.locres' could not be opened for reading!
[2022.06.27-02.31.36:592][  0]LogTextLocalizationResource: LocRes '../../../Engine/Content/Localization/Category/es-MX/Category.locres' could not be opened for reading!
[2022.06.27-02.31.36:592][  0]LogTextLocalizationResource: LocRes '../../../Engine/Content/Localization/ToolTips/es-MX/ToolTips.locres' could not be opened for reading!
[2022.06.27-02.31.36:592][  0]LogTextLocalizationResource: LocRes '../../../Engine/Content/Localization/PropertyNames/es-MX/PropertyNames.locres' could not be opened for reading!
[2022.06.27-02.31.36:592][  0]LogTextLocalizationResource: LocRes '../../../Engine/Content/Localization/Engine/es-MX/Engine.locres' could not be opened for reading!
[2022.06.27-02.31.36:593][  0]LogTextLocalizationResource: LocRes '../../../Engine/Plugins/Online/OnlineSubsystemUtils/Content/Localization/OnlineSubsystemUtils/es-MX/OnlineSubsystemUtils.locres' could not be opened for reading!
[2022.06.27-02.31.36:593][  0]LogTextLocalizationResource: LocRes '../../../Engine/Plugins/Online/IOS/OnlineSubsystemIOS/Content/Localization/OnlineSubsystemIOS/es-MX/OnlineSubsystemIOS.locres' could not be opened for reading!
[2022.06.27-02.31.36:593][  0]LogTextLocalizationResource: LocRes '../../../Engine/Plugins/Online/Android/OnlineSubsystemGooglePlay/Content/Localization/OnlineSubsystemGooglePlay/es-MX/OnlineSubsystemGooglePlay.locres' could not be opened for reading!
[2022.06.27-02.31.36:617][  0]LogInit: Setting process to per monitor DPI aware
[2022.06.27-02.31.36:626][  0]LogWindowsTextInputMethodSystem: Display: IME system deactivated.
[2022.06.27-02.31.36:642][  0]LogSlate: New Slate User Created.  User Index 0, Is Virtual User: 0
[2022.06.27-02.31.36:642][  0]LogSlate: Slate User Registered.  User Index 0, Is Virtual User: 0
[2022.06.27-02.31.36:734][  0]LogD3D12RHI: Aftermath initialized
[2022.06.27-02.31.36:734][  0]LogD3D12RHI: Loading WinPixEventRuntime.dll for PIX profiling (from ../../../Engine/Binaries/ThirdParty/Windows/WinPixEventRuntime/x64).
[2022.06.27-02.31.36:737][  0]LogHMD: Failed to initialize OpenVR with code 110
[2022.06.27-02.31.36:887][  0]LogD3D12RHI: Found D3D12 adapter 0: NVIDIA GeForce RTX 3060 (Max supported Feature Level 12_1)
[2022.06.27-02.31.36:887][  0]LogD3D12RHI: Adapter has 12143MB of dedicated video memory, 0MB of dedicated system memory, and 16343MB of shared system memory, 1 output[s]
[2022.06.27-02.31.36:918][  0]LogD3D12RHI: Found D3D12 adapter 1: Intel(R) UHD Graphics 630 (Max supported Feature Level 12_1)
[2022.06.27-02.31.36:918][  0]LogD3D12RHI: Adapter has 128MB of dedicated video memory, 0MB of dedicated system memory, and 16343MB of shared system memory, 2 output[s]
[2022.06.27-02.31.36:924][  0]LogD3D12RHI: Found D3D12 adapter 2: Microsoft Basic Render Driver (Max supported Feature Level 12_1)
[2022.06.27-02.31.36:924][  0]LogD3D12RHI: Adapter has 0MB of dedicated video memory, 0MB of dedicated system memory, and 16343MB of shared system memory, 0 output[s]
[2022.06.27-02.31.36:924][  0]LogD3D12RHI: Forcing D3D12.AsyncDeferredDeletion=0 as a workaround for a deadlock.
[2022.06.27-02.31.36:925][  0]LogD3D12RHI: Chosen D3D12 Adapter Id = 0
[2022.06.27-02.31.36:929][  0]LogD3D12RHI: InitD3DDevice: -D3DDebug = off -D3D12GPUValidation = off
[2022.06.27-02.31.36:929][  0]LogD3D12RHI: Emitting draw events for PIX profiling.
[2022.06.27-02.31.37:018][  0]LogD3D12RHI: The system supports ID3D12Device1.
[2022.06.27-02.31.37:018][  0]LogD3D12RHI: The system supports ID3D12Device2.
[2022.06.27-02.31.37:018][  0]LogD3D12RHI: The system supports ID3D12Device5.
[2022.06.27-02.31.37:018][  0]LogD3D12RHI: The system supports ID3D12Device7.
[2022.06.27-02.31.37:018][  0]LogD3D12RHI: D3D12 ray tracing 1.0 is supported.
[2022.06.27-02.31.37:018][  0]LogD3D12RHI: D3D12 ray tracing 1.1 is supported.
[2022.06.27-02.31.37:066][  0]LogD3D12RHI: [GPUBreadCrumb] Successfully setup breadcrumb resource for 3D Queue 0
[2022.06.27-02.31.37:073][  0]LogD3D12RHI: [GPUBreadCrumb] Successfully setup breadcrumb resource for Copy Queue 0
[2022.06.27-02.31.37:095][  0]LogD3D12RHI: [GPUBreadCrumb] Successfully setup breadcrumb resource for Compute Queue 0
[2022.06.27-02.31.37:102][  0]LogD3D12RHI: Display: Not using pipeline state disk cache per r.D3D12.PSO.DiskCache=0
[2022.06.27-02.31.37:102][  0]LogD3D12RHI: Display: Not using driver-optimized pipeline state disk cache per r.D3D12.PSO.DriverOptimizedDiskCache=0
[2022.06.27-02.31.37:136][  0]LogD3D12RHI:     GPU DeviceId: 0x2504 (for the marketing name, search the web for "GPU Device Id")
[2022.06.27-02.31.37:136][  0]LogWindows: EnumDisplayDevices:
[2022.06.27-02.31.37:136][  0]LogWindows:    0. 'NVIDIA GeForce RTX 3060' (P:1 D:1)
[2022.06.27-02.31.37:136][  0]LogWindows:    1. 'NVIDIA GeForce RTX 3060' (P:0 D:0)
[2022.06.27-02.31.37:136][  0]LogWindows:    2. 'NVIDIA GeForce RTX 3060' (P:0 D:0)
[2022.06.27-02.31.37:136][  0]LogWindows:    3. 'NVIDIA GeForce RTX 3060' (P:0 D:0)
[2022.06.27-02.31.37:136][  0]LogWindows:    4. 'Intel(R) UHD Graphics 630' (P:0 D:1)
[2022.06.27-02.31.37:137][  0]LogWindows:    5. 'Intel(R) UHD Graphics 630' (P:0 D:1)
[2022.06.27-02.31.37:137][  0]LogWindows:    6. 'Intel(R) UHD Graphics 630' (P:0 D:0)
[2022.06.27-02.31.37:137][  0]LogWindows: DebugString: PrimaryIsNotTheChoosenAdapter PrimaryIsNotTheChoosenAdapter PrimaryIsNotTheChoosenAdapter FoundDriverCount:4 
[2022.06.27-02.31.37:137][  0]LogD3D12RHI:     Adapter Name: NVIDIA GeForce RTX 3060
[2022.06.27-02.31.37:137][  0]LogD3D12RHI:   Driver Version: 472.12 (internal:30.0.14.7212, unified:472.12)
[2022.06.27-02.31.37:137][  0]LogD3D12RHI:      Driver Date: 9-13-2021
[2022.06.27-02.31.37:137][  0]LogRHI: Texture pool is 7166 MB (70% of 10237 MB)
[2022.06.27-02.31.37:137][  0]LogD3D12RHI: Async texture creation enabled
[2022.06.27-02.31.37:137][  0]LogD3D12RHI: RHI has support for 64 bit atomics
[2022.06.27-02.31.37:145][  0]LogRHI: GeForceNow SDK initialized: 0
[2022.06.27-02.31.37:382][  0]LogTargetPlatformManager: Display: Loaded TargetPlatform 'AllDesktop'
[2022.06.27-02.31.37:400][  0]LogTargetPlatformManager: Display: Loaded TargetPlatform 'Android'
[2022.06.27-02.31.37:400][  0]LogTargetPlatformManager: Display: Loaded TargetPlatform 'Android_ASTC'
[2022.06.27-02.31.37:400][  0]LogTargetPlatformManager: Display: Loaded TargetPlatform 'Android_DXT'
[2022.06.27-02.31.37:400][  0]LogTargetPlatformManager: Display: Loaded TargetPlatform 'Android_ETC2'
[2022.06.27-02.31.37:400][  0]LogTargetPlatformManager: Display: Loaded TargetPlatform 'AndroidClient'
[2022.06.27-02.31.37:400][  0]LogTargetPlatformManager: Display: Loaded TargetPlatform 'Android_ASTCClient'
[2022.06.27-02.31.37:400][  0]LogTargetPlatformManager: Display: Loaded TargetPlatform 'Android_DXTClient'
[2022.06.27-02.31.37:400][  0]LogTargetPlatformManager: Display: Loaded TargetPlatform 'Android_ETC2Client'
[2022.06.27-02.31.37:400][  0]LogTargetPlatformManager: Display: Loaded TargetPlatform 'Android_Multi'
[2022.06.27-02.31.37:400][  0]LogTargetPlatformManager: Display: Loaded TargetPlatform 'Android_MultiClient'
[2022.06.27-02.31.37:415][  0]LogTargetPlatformManager: Display: Loaded TargetPlatform 'IOSClient'
[2022.06.27-02.31.37:416][  0]LogTargetPlatformManager: Display: Loaded TargetPlatform 'IOS'
[2022.06.27-02.31.37:423][  0]LogTargetPlatformManager: Display: Loaded TargetPlatform 'Linux'
[2022.06.27-02.31.37:427][  0]LogTargetPlatformManager: Display: Loaded TargetPlatform 'LinuxNoEditor'
[2022.06.27-02.31.37:430][  0]LogTargetPlatformManager: Display: Loaded TargetPlatform 'LinuxClient'
[2022.06.27-02.31.37:434][  0]LogTargetPlatformManager: Display: Loaded TargetPlatform 'LinuxServer'
[2022.06.27-02.31.37:442][  0]LogTargetPlatformManager: Display: Loaded TargetPlatform 'LinuxAArch64NoEditor'
[2022.06.27-02.31.37:445][  0]LogTargetPlatformManager: Display: Loaded TargetPlatform 'LinuxAArch64Client'
[2022.06.27-02.31.37:449][  0]LogTargetPlatformManager: Display: Loaded TargetPlatform 'LinuxAArch64Server'
[2022.06.27-02.31.37:470][  0]LogTargetPlatformManager: Display: Loaded TargetPlatform 'Lumin'
[2022.06.27-02.31.37:470][  0]LogTargetPlatformManager: Display: Loaded TargetPlatform 'LuminClient'
[2022.06.27-02.31.37:477][  0]LogTargetPlatformManager: Display: Loaded TargetPlatform 'MacNoEditor'
[2022.06.27-02.31.37:480][  0]LogTargetPlatformManager: Display: Loaded TargetPlatform 'Mac'
[2022.06.27-02.31.37:484][  0]LogTargetPlatformManager: Display: Loaded TargetPlatform 'MacClient'
[2022.06.27-02.31.37:487][  0]LogTargetPlatformManager: Display: Loaded TargetPlatform 'MacServer'
[2022.06.27-02.31.37:495][  0]LogTargetPlatformManager: Display: Loaded TargetPlatform 'TVOSClient'
[2022.06.27-02.31.37:495][  0]LogTargetPlatformManager: Display: Loaded TargetPlatform 'TVOS'
[2022.06.27-02.31.37:503][  0]LogTargetPlatformManager: Display: Loaded TargetPlatform 'WindowsNoEditor'
[2022.06.27-02.31.37:507][  0]LogTargetPlatformManager: Display: Loaded TargetPlatform 'Windows'
[2022.06.27-02.31.37:510][  0]LogTargetPlatformManager: Display: Loaded TargetPlatform 'WindowsClient'
[2022.06.27-02.31.37:514][  0]LogTargetPlatformManager: Display: Loaded TargetPlatform 'WindowsServer'
[2022.06.27-02.31.37:514][  0]LogTargetPlatformManager: Display: Building Assets For Windows
[2022.06.27-02.31.37:519][  0]LogAudioDebug: Display: Lib vorbis DLL was dynamically loaded.
[2022.06.27-02.31.37:541][  0]LogTextureFormatOodle: Display: Oodle Texture 2.9.0 init RDO Off
[2022.06.27-02.31.37:565][  0]LogRendererCore: Ray tracing is disabled. Reason: r.RayTracing=0.
[2022.06.27-02.31.37:565][  0]LogShaderCompilers: Guid format shader working directory is 16 characters bigger than the processId version (H:/GitHub/ProyectoX/ProyectoX/Intermediate/Shaders/WorkingDirectory/19692/).
[2022.06.27-02.31.37:565][  0]LogShaderCompilers: Cleaned the shader compiler working directory 'C:/Users/arrie/AppData/Local/Temp/UnrealShaderWorkingDir/2BAD131E466D3EBC76EBD0B15401BB14/'.
[2022.06.27-02.31.37:565][  0]LogXGEController: Cannot use XGE Controller as Incredibuild is not installed on this machine.
[2022.06.27-02.31.37:565][  0]LogShaderCompilers: Cannot use XGE Shader Compiler as Incredibuild is not installed on this machine.
[2022.06.27-02.31.37:566][  0]LogShaderCompilers: Display: Using Local Shader Compiler.
[2022.06.27-02.31.38:249][  0]LogDerivedDataCache: Display: Max Cache Size: 512 MB
[2022.06.27-02.31.38:298][  0]LogDerivedDataCache: Loaded boot cache 0.05s 94MB C:/Users/arrie/AppData/Local/UnrealEngine/4.27/DerivedDataCache/Boot.ddc.
[2022.06.27-02.31.38:298][  0]LogDerivedDataCache: Display: Loaded Boot cache: C:/Users/arrie/AppData/Local/UnrealEngine/4.27/DerivedDataCache/Boot.ddc
[2022.06.27-02.31.38:298][  0]LogDerivedDataCache: FDerivedDataBackendGraph:  Pak pak cache file H:/GitHub/ProyectoX/ProyectoX/DerivedDataCache/DDC.ddp not found, will not use a pak cache.
[2022.06.27-02.31.38:298][  0]LogDerivedDataCache: Unable to find inner node Pak for hierarchical cache Hierarchy.
[2022.06.27-02.31.38:298][  0]LogDerivedDataCache: FDerivedDataBackendGraph:  CompressedPak pak cache file H:/GitHub/ProyectoX/ProyectoX/DerivedDataCache/Compressed.ddp not found, will not use a pak cache.
[2022.06.27-02.31.38:298][  0]LogDerivedDataCache: Unable to find inner node CompressedPak for hierarchical cache Hierarchy.
[2022.06.27-02.31.38:314][  0]LogDerivedDataCache: Display: Pak cache opened for reading ../../../Engine/DerivedDataCache/Compressed.ddp.
[2022.06.27-02.31.38:314][  0]LogDerivedDataCache: FDerivedDataBackendGraph:  EnterprisePak pak cache file ../../../Enterprise/DerivedDataCache/Compressed.ddp not found, will not use a pak cache.
[2022.06.27-02.31.38:314][  0]LogDerivedDataCache: Unable to find inner node EnterprisePak for hierarchical cache Hierarchy.
[2022.06.27-02.31.38:476][  0]LogDerivedDataCache: Speed tests for //ARSERVER/disk3/EpicStuff/LocalDDC took 0.16 seconds
[2022.06.27-02.31.38:476][  0]LogDerivedDataCache: Display: Performance to //ARSERVER/disk3/EpicStuff/LocalDDC: Latency=1.19ms. RandomReadSpeed=8.72MBs, RandomWriteSpeed=22.22MBs. Assigned SpeedClass 'Fast'
[2022.06.27-02.31.38:476][  0]LogDerivedDataCache: Using Local data cache path //ARSERVER/disk3/EpicStuff/LocalDDC: Writable
[2022.06.27-02.31.38:616][  0]LogDerivedDataCache: Speed tests for //ARSERVER/disk3/EpicStuff/UnrealEngineCache took 0.14 seconds
[2022.06.27-02.31.38:617][  0]LogDerivedDataCache: Display: Performance to //ARSERVER/disk3/EpicStuff/UnrealEngineCache: Latency=0.51ms. RandomReadSpeed=12.68MBs, RandomWriteSpeed=15.57MBs. Assigned SpeedClass 'Local'
[2022.06.27-02.31.38:617][  0]LogDerivedDataCache: Using Shared data cache path //ARSERVER/disk3/EpicStuff/UnrealEngineCache: Writable
[2022.06.27-02.31.38:658][  0]LogSlate: Using FreeType 2.10.0
[2022.06.27-02.31.38:658][  0]LogSlate: SlateFontServices - WITH_FREETYPE: 1, WITH_HARFBUZZ: 1
[2022.06.27-02.31.38:677][  0]LogAssetRegistry: FAssetRegistry took 0.0021 seconds to start up
[2022.06.27-02.31.38:686][  0]LogLinker: Error: RedirectNameAndValues(/Script/SlateCore.EColorVisionDeficiency) found multiple conflicting value redirects, /Script/SlateCore.EColorVisionDeficiency and EColorVisionDeficiency!
[2022.06.27-02.31.38:686][  0]LogLinker: Error: RedirectNameAndValues(/Script/SlateCore.EColorVisionDeficiency) found multiple conflicting value redirects, /Script/SlateCore.EColorVisionDeficiency and EColorVisionDeficiency!
[2022.06.27-02.31.38:687][  0]LogLinker: Error: RedirectNameAndValues(/Script/PhysicsCore.EPhysicsType) found multiple conflicting value redirects, /Script/PhysicsCore.EPhysicsType and EPhysicsType!
[2022.06.27-02.31.38:687][  0]LogLinker: Error: RedirectNameAndValues(/Script/PhysicsCore.EPhysicsType) found multiple conflicting value redirects, /Script/PhysicsCore.EPhysicsType and EPhysicsType!
[2022.06.27-02.31.38:824][  0]LogCollisionProfile: Warning: Cannot map multiple responses to the same collision channel (14); ignoring 'Proyectiles' 
[2022.06.27-02.31.38:824][  0]LogCollisionProfile: Warning: Cannot map multiple responses to the same collision channel (15); ignoring 'PlayerPawn' 
[2022.06.27-02.31.38:824][  0]LogCollisionProfile: Warning: Cannot map multiple responses to the same collision channel (16); ignoring 'EnemyPawn' 
[2022.06.27-02.31.38:878][  0]LogInit: Selected Device Profile: [Windows]
[2022.06.27-02.31.38:878][  0]LogInit: Active device profile: [000001BD5322AE00][000001BD530FE800 49] Windows
[2022.06.27-02.31.38:878][  0]LogInit: Profiles: [000001BD5322AE00][000001BD530FE800 49] Windows, [000001BD550C9500][000001BD4D322940 49] WindowsNoEditor, [000001BD53229400][000001BD5310CA80 49] WindowsServer, [000001BD550CAC00][000001BD4D38ABC0 49] WindowsClient, [000001BD5322AB00][000001BD4D392D40 49] IOS, [000001BD550C9900][000001BD4D39AEC0 49] iPadAir, [000001BD53229800][000001BD4D39F040 49] iPadAir2, [000001BD54E83D00][000001BD52F55300 49] IPadPro, [000001BD54E83E00][000001BD4D3A3340 49] iPadAir3, [000001BD5322A700][000001BD52F5F4C0 49] iPadAir4, [000001BD54E81800][000001BD52F63640 49] iPadMini2, [000001BD53229A00][000001BD52F677C0 49] iPadMini3, [000001BD54E83C00][000001BD52F6B940 49] iPadMini4, [000001BD5322BF00][000001BD52F6FAC0 49] iPadMini5, [000001BD54EEF600][000001BD52F76200 49] iPhone6, [000001BD54EEF700][000001BD52F72240 49] iPodTouch6, [000001BD54E80600][000001BD52F94500 49] iPhone7, [000001BD54E80500][000001BD52F82540 49] iPodTouch7, [000001BD54EED700][000001BD52F986C0 49] iPhone5S, [000001BD54E83900][000001BD42070840 49] iPhone6Plus, [000001BD54EEE700][000001BD4D38E980 49] iPhone6S, [000001BD54E81B00][000001BD42074AC0 49] iPhone6SPlus, [000001BD54EEF200][000001BD42078C00 49] iPhone7Plus, [000001BD54E81700][000001BD4207CD40 49] iPhoneSE, [000001BD54EEE800][000001BD52FB4EC0 49] iPhone8, [000001BD54E80400][000001BD52FB9040 49] iPhone8Plus, [000001BD54EEDD00][000001BD52FC11C0 49] iPhoneX, [000001BD54E83600][000001BD52FC5340 49] iPhoneXS, [000001BD54EEE300][000001BD52FC94C0 49] iPhoneXSMax, [000001BD54E81D00][000001BD52FCD640 49] iPhoneXR, [000001BD54EEE000][000001BD486377C0 49] iPhone11, [000001BD54E83A00][000001BD4863B940 49] iPhone11Pro, [000001BD54EEDC00][000001BD4863FAC0 49] iPhone11ProMax, [000001BD54E82E00][000001BD486420C0 49] iPhoneSE2, [000001BD54EEE100][000001BD48646240 49] iPhone12Mini, [000001BD54E82F00][000001BD4864A3C0 49] iPhone12, [000001BD54EEC700][000001BD4864E540 49] iPhone12Pro, [000001BD54E83100][000001BD486526C0 49] iPhone12ProMax, [000001BD54EEFA00][000001BD48656840 49] iPadPro105, [000001BD54E83F00][000001BD4865A9C0 49] iPadPro129, [000001BD54EECF00][000001BD52F12B40 49] iPadPro97, [000001BD54E80D00][000001BD52FB0C80 49] iPadPro2_129, [000001BD54EEF400][000001BD52F16DC0 49] iPad5, [000001BD54E80A00][000001BD52F1AF00 49] iPad6, [000001BD54EECE00][000001BD52F23080 49] iPad7, [000001BD54E82500][000001BD52F27200 49] iPad8, [000001BD54EEE400][000001BD52F2B380 49] iPadPro11, [000001BD54E81500][000001BD52F2F500 49] iPadPro2_11, [000001BD54EECB00][000001BD52F3F680 49] iPadPro3_129, [000001BD54E81900][000001BD52F43800 49] iPadPro4_129, [000001BD54EEE900][000001BD53013980 49] AppleTV, [000001BD54E82C00][000001BD53017B00 49] AppleTV4K, [000001BD54EECA00][000001BD5302E100 49] TVOS, [000001BD54E82400][000001BD53032280 49] Mac, [000001BD550CBA00][000001BD53036400 49] MacClient, [000001BD53418600][000001BD5303A580 49] MacNoEditor, [000001BD550C8400][000001BD5303E700 49] MacServer, [000001BD53419500][000001BD53042880 49] Linux, [000001BD550CBD00][000001BD45706A00 49] LinuxAArch64, [000001BD53418A00][000001BD4570AB80 49] LinuxNoEditor, [000001BD550C9600][000001BD4570ED00 49] LinuxAArch64NoEditor, [000001BD53419000][000001BD52F1EE40 49] LinuxClient, [000001BD550CB500][000001BD45712F80 49] LinuxAArch64Client, [000001BD53418D00][000001BD457170C0 49] LinuxServer, [000001BD550CB200][000001BD4571F240 49] LinuxAArch64Server, [000001BD53419400][000001BD457233C0 49] Android, [000001BD550C8700][000001BD45727540 49] Android_Low, [000001BD53419600][000001BD530BD6C0 49] Android_Mid, [000001BD550C8300][000001BD530C1840 49] Android_High, [000001BD53418400][000001BD530C59C0 49] Android_Default, [000001BD550CA500][000001BD530C9B40 49] Android_Adreno4xx, [000001BD53418100][000001BD530CC140 49] Android_Adreno5xx_Low, [000001BD550CA800][000001BD530D02C0 49] Android_Adreno5xx, [000001BD53418F00][000001BD530D4440 49] Android_Adreno6xx, [000001BD550CA100][000001BD530D85C0 49] Android_Adreno6xx_Vulkan, [000001BD53419900][000001BD530DC740 49] Android_Mali_T6xx, [000001BD550CAB00][000001BD530E08C0 49] Android_Mali_T7xx, [000001BD53419200][000001BD530E4A40 49] Android_Mali_T8xx, [000001BD54E82B00][000001BD485DABC0 49] Android_Mali_G71, [000001BD54EEC400][000001BD485DED40 49] Android_Mali_G72, [000001BD54E83500][000001BD485E2EC0 49] Android_Mali_G72_Vulkan, [000001BD54EEC600][000001BD4571B000 49] Android_Mali_G76, [000001BD54E82000][000001BD485FD140 49] Android_Mali_G76_Vulkan, [000001BD54EEEC00][000001BD48601280 49] Android_Mali_G77, [000001BD54E83B00][000001BD486053C0 49] Android_Mali_G77_Vulkan, [000001BD54EEEF00][000001BD4860D540 49] Android_Mali_G78, [000001BD54E80C00][000001BD486116C0 49] Android_Mali_G78_Vulkan, [000001BD54EEEE00][000001BD48615840 49] Android_Mali_G710, [000001BD54E83200][000001BD52D119C0 49] Android_Mali_G710_Vulkan, [000001BD54EEE600][000001BD52D15B40 49] Android_Vulkan_SM5, [000001BD54E81200][000001BD52D18140 49] Android_PowerVR_G6xxx, [000001BD54EED100][000001BD52D1C2C0 49] Android_PowerVR_GT7xxx, [000001BD54E80900][000001BD52D20440 49] Android_PowerVR_GE8xxx, [000001BD54EEFE00][000001BD52D245C0 49] Android_PowerVR_GM9xxx, [000001BD54E82200][000001BD52D2C740 49] Android_PowerVR_GM9xxx_Vulkan, [000001BD54EEFF00][000001BD52D348C0 49] Android_TegraK1, [000001BD54E82600][000001BD52D38A40 49] Android_Unknown_Vulkan, [000001BD54EEFC00][000001BD52D3CBC0 49] Lumin, [000001BD54E80F00][000001BD52D40D40 49] Lumin_Desktop, [000001BD54EEC900][000001BD52DACEC0 49] HoloLens, 
[2022.06.27-02.31.38:898][  0]LogLinker: Error: RedirectNameAndValues(/Script/PhysicsCore.EPhysicsType) found multiple conflicting value redirects, /Script/PhysicsCore.EPhysicsType and EPhysicsType!
[2022.06.27-02.31.38:900][  0]LogWindows: Windows GetLastError: La operación se completó correctamente. (0)
[2022.06.27-02.31.40:530][  0]LogWindows: Error: === Critical error: ===
[2022.06.27-02.31.40:530][  0]LogWindows: Error: 
[2022.06.27-02.31.40:530][  0]LogWindows: Error: Assertion failed: !KeyRedirectMap.Contains(OldKey) [File:D:/Build/++UE4/Sync/Engine/Source/Runtime/CoreUObject/Private/UObject/MetaData.cpp] [Line: 492] 
[2022.06.27-02.31.40:530][  0]LogWindows: Error: 
[2022.06.27-02.31.40:530][  0]LogWindows: Error: 
[2022.06.27-02.31.40:530][  0]LogWindows: Error: 
[2022.06.27-02.31.40:530][  0]LogWindows: Error: [Callstack] 0x00007fffb5984fd9 KERNELBASE.dll!UnknownFunction []
[2022.06.27-02.31.40:530][  0]LogWindows: Error: [Callstack] 0x00007fff633d0216 UE4Editor-Core.dll!UnknownFunction []
[2022.06.27-02.31.40:530][  0]LogWindows: Error: [Callstack] 0x00007fff633d4218 UE4Editor-Core.dll!UnknownFunction []
[2022.06.27-02.31.40:530][  0]LogWindows: Error: [Callstack] 0x00007fff630f242d UE4Editor-Core.dll!UnknownFunction []
[2022.06.27-02.31.40:530][  0]LogWindows: Error: [Callstack] 0x00007fff63046a45 UE4Editor-Core.dll!UnknownFunction []
[2022.06.27-02.31.40:530][  0]LogWindows: Error: [Callstack] 0x00007fff630480a0 UE4Editor-Core.dll!UnknownFunction []
[2022.06.27-02.31.40:530][  0]LogWindows: Error: [Callstack] 0x00007fff71567583 UE4Editor-CoreUObject.dll!UnknownFunction []
[2022.06.27-02.31.40:530][  0]LogWindows: Error: [Callstack] 0x00007fff7158235c UE4Editor-CoreUObject.dll!UnknownFunction []
[2022.06.27-02.31.40:530][  0]LogWindows: Error: [Callstack] 0x00007fff7158197b UE4Editor-CoreUObject.dll!UnknownFunction []
[2022.06.27-02.31.40:530][  0]LogWindows: Error: [Callstack] 0x00007fff71570d6b UE4Editor-CoreUObject.dll!UnknownFunction []
[2022.06.27-02.31.40:530][  0]LogWindows: Error: [Callstack] 0x00007fff7166cd71 UE4Editor-CoreUObject.dll!UnknownFunction []
[2022.06.27-02.31.40:530][  0]LogWindows: Error: [Callstack] 0x00007fff71657897 UE4Editor-CoreUObject.dll!UnknownFunction []
[2022.06.27-02.31.40:530][  0]LogWindows: Error: [Callstack] 0x00007fff7167ceb3 UE4Editor-CoreUObject.dll!UnknownFunction []
[2022.06.27-02.31.40:530][  0]LogWindows: Error: [Callstack] 0x00007fff7167bbc0 UE4Editor-CoreUObject.dll!UnknownFunction []
[2022.06.27-02.31.40:530][  0]LogWindows: Error: [Callstack] 0x00007fff71691e1f UE4Editor-CoreUObject.dll!UnknownFunction []
[2022.06.27-02.31.40:530][  0]LogWindows: Error: [Callstack] 0x00007fff716a49f5 UE4Editor-CoreUObject.dll!UnknownFunction []
[2022.06.27-02.31.40:530][  0]LogWindows: Error: [Callstack] 0x00007fff716a4088 UE4Editor-CoreUObject.dll!UnknownFunction []
[2022.06.27-02.31.40:530][  0]LogWindows: Error: [Callstack] 0x00007fff5ec6b86f UE4Editor-Engine.dll!UnknownFunction []
[2022.06.27-02.31.40:530][  0]LogWindows: Error: [Callstack] 0x00007fff5ec74762 UE4Editor-Engine.dll!UnknownFunction []
[2022.06.27-02.31.40:530][  0]LogWindows: Error: [Callstack] 0x00007fff713861d3 UE4Editor-CoreUObject.dll!UnknownFunction []
[2022.06.27-02.31.40:530][  0]LogWindows: Error: [Callstack] 0x00007fff71665b25 UE4Editor-CoreUObject.dll!UnknownFunction []
[2022.06.27-02.31.40:530][  0]LogWindows: Error: [Callstack] 0x00007fff7154021f UE4Editor-CoreUObject.dll!UnknownFunction []
[2022.06.27-02.31.40:530][  0]LogWindows: Error: [Callstack] 0x00007fff5ec70780 UE4Editor-Engine.dll!UnknownFunction []
[2022.06.27-02.31.40:530][  0]LogWindows: Error: [Callstack] 0x00007fff713861d3 UE4Editor-CoreUObject.dll!UnknownFunction []
[2022.06.27-02.31.40:530][  0]LogWindows: Error: [Callstack] 0x00007fff716a8c4c UE4Editor-CoreUObject.dll!UnknownFunction []
[2022.06.27-02.31.40:530][  0]LogWindows: Error: [Callstack] 0x00007fff71685411 UE4Editor-CoreUObject.dll!UnknownFunction []
[2022.06.27-02.31.40:530][  0]LogWindows: Error: [Callstack] 0x00007ff77f3e8179 UE4Editor.exe!UnknownFunction []
[2022.06.27-02.31.40:530][  0]LogWindows: Error: [Callstack] 0x00007ff77f3e0d2c UE4Editor.exe!UnknownFunction []
[2022.06.27-02.31.40:530][  0]LogWindows: Error: [Callstack] 0x00007ff77f3e10ba UE4Editor.exe!UnknownFunction []
[2022.06.27-02.31.40:530][  0]LogWindows: Error: [Callstack] 0x00007ff77f3e40dd UE4Editor.exe!UnknownFunction []
[2022.06.27-02.31.40:530][  0]LogWindows: Error: [Callstack] 0x00007ff77f3f5984 UE4Editor.exe!UnknownFunction []
[2022.06.27-02.31.40:530][  0]LogWindows: Error: [Callstack] 0x00007ff77f3f853a UE4Editor.exe!UnknownFunction []
[2022.06.27-02.31.40:530][  0]LogWindows: Error: [Callstack] 0x00007fffb5de7034 KERNEL32.DLL!UnknownFunction []
[2022.06.27-02.31.40:530][  0]LogWindows: Error: [Callstack] 0x00007fffb7c62651 ntdll.dll!UnknownFunction []
[2022.06.27-02.31.40:530][  0]LogWindows: Error: 
[2022.06.27-02.31.40:535][  0]LogExit: Executing StaticShutdownAfterError
[2022.06.27-02.31.40:536][  0]LogWindows: FPlatformMisc::RequestExit(1)
[2022.06.27-02.31.40:536][  0]LogWindows: FPlatformMisc::RequestExitWithStatus(1, 3)
[2022.06.27-02.31.40:536][  0]LogCore: Engine exit requested (reason: Win RequestExit)
[2022.06.27-02.31.40:550][  0]Log file closed, 06/26/22 23:31:40
