Log file open, 06/29/22 18:16:52
LogWindows: Failed to load 'aqProf.dll' (GetLastError=126)
LogWindows: File 'aqProf.dll' does not exist
LogWindows: Failed to load 'VtuneApi.dll' (GetLastError=126)
LogWindows: File 'VtuneApi.dll' does not exist
LogWindows: Failed to load 'VtuneApi32e.dll' (GetLastError=126)
LogWindows: File 'VtuneApi32e.dll' does not exist
LogConsoleResponse: Display: Failed to find resolution value strings in scalability ini. Falling back to default.
LogConsoleResponse: Display: Failed to find resolution value strings in scalability ini. Falling back to default.
LogInit: Display: Running engine for game: ProyectoX
LogPlatformFile: Not using cached read wrapper
LogTaskGraph: Started task graph with 5 named threads and 35 total threads with 3 sets of task threads.
LogStats: Stats thread started at 0.410665
LogICUInternationalization: ICU TimeZone Detection - Raw Offset: -3:00, Platform Override: ''
LogInit: Display: Loading text-based GConfig....
LogPluginManager: Mounting plugin MeshPainting
LogPluginManager: Mounting plugin XGEController
LogPluginManager: Mounting plugin AISupport
LogPluginManager: Mounting plugin Paper2D
LogPluginManager: Mounting plugin EnvironmentQueryEditor
LogPluginManager: Mounting plugin LightPropagationVolume
LogPluginManager: Mounting plugin CameraShakePreviewer
LogPluginManager: Mounting plugin LiveLink
LogPluginManager: Mounting plugin OodleData
LogPluginManager: Mounting plugin GameplayCameras
LogPluginManager: Mounting plugin OodleNetwork
LogPluginManager: Mounting plugin AnimationSharing
LogPluginManager: Mounting plugin CLionSourceCodeAccess
LogPluginManager: Mounting plugin CodeLiteSourceCodeAccess
LogPluginManager: Mounting plugin GitSourceControl
LogPluginManager: Mounting plugin KDevelopSourceCodeAccess
LogPluginManager: Mounting plugin NullSourceCodeAccess
LogPluginManager: Mounting plugin PerforceSourceControl
LogPluginManager: Mounting plugin PixWinPlugin
LogPluginManager: Mounting plugin PlasticSourceControl
LogPluginManager: Mounting plugin PropertyAccessNode
LogPluginManager: Mounting plugin PluginUtils
LogPluginManager: Mounting plugin RiderSourceCodeAccess
LogPluginManager: Mounting plugin TextureFormatOodle
LogPluginManager: Mounting plugin UObjectPlugin
LogPluginManager: Mounting plugin SubversionSourceControl
LogPluginManager: Mounting plugin VisualStudioCodeSourceCodeAccess
LogPluginManager: Mounting plugin VisualStudioSourceCodeAccess
LogPluginManager: Mounting plugin XCodeSourceCodeAccess
LogPluginManager: Mounting plugin DatasmithContent
LogPluginManager: Mounting plugin AlembicImporter
LogPluginManager: Mounting plugin AutomationUtils
LogPluginManager: Mounting plugin BackChannel
LogPluginManager: Mounting plugin ChaosCloth
LogPluginManager: Mounting plugin ChaosEditor
LogPluginManager: Mounting plugin ChaosClothEditor
LogPluginManager: Mounting plugin ChaosNiagara
LogPluginManager: Mounting plugin ChaosSolverPlugin
LogPluginManager: Mounting plugin CharacterAI
LogPluginManager: Mounting plugin AssetManagerEditor
LogPluginManager: Mounting plugin GeometryCache
LogPluginManager: Mounting plugin VariantManagerContent
LogPluginManager: Mounting plugin CryptoKeys
LogPluginManager: Mounting plugin CurveEditorTools
LogPluginManager: Mounting plugin DataValidation
LogPluginManager: Mounting plugin GameplayTagsEditor
LogPluginManager: Mounting plugin FacialAnimation
LogPluginManager: Mounting plugin GeometryCollectionPlugin
LogPluginManager: Mounting plugin GeometryMode
LogPluginManager: Mounting plugin MacGraphicsSwitching
LogPluginManager: Mounting plugin MobileLauncherProfileWizard
LogPluginManager: Mounting plugin MaterialAnalyzer
LogPluginManager: Mounting plugin PluginBrowser
LogPluginManager: Mounting plugin SpeedTreeImporter
LogPluginManager: Mounting plugin OpenImageDenoise
LogPluginManager: Mounting plugin MotoSynth
LogPluginManager: Mounting plugin GeometryProcessing
LogPluginManager: Mounting plugin PlatformCrypto
LogPluginManager: Mounting plugin PlanarCut
LogPluginManager: Mounting plugin PythonScriptPlugin
LogPluginManager: Mounting plugin SkeletalReduction
LogPluginManager: Mounting plugin ProxyLODPlugin
LogPluginManager: Mounting plugin LuminPlatformFeatures
LogPluginManager: Mounting plugin MagicLeap
LogPluginManager: Mounting plugin MagicLeapMedia
LogPluginManager: Mounting plugin MagicLeapLightEstimation
LogPluginManager: Mounting plugin AutoSizeComments
LogPluginManager: Mounting plugin MagicLeapPassableWorld
LogPluginManager: Mounting plugin MLSDK
LogPluginManager: Mounting plugin Niagara
LogPluginManager: Mounting plugin AndroidMedia
LogPluginManager: Mounting plugin AvfMedia
LogPluginManager: Mounting plugin ImgMedia
LogPluginManager: Mounting plugin MediaCompositing
LogPluginManager: Mounting plugin MediaPlayerEditor
LogPluginManager: Mounting plugin WebMMedia
LogPluginManager: Mounting plugin WmfMedia
LogPluginManager: Mounting plugin ActorSequence
LogPluginManager: Mounting plugin LevelSequenceEditor
LogPluginManager: Mounting plugin MatineeToLevelSequence
LogPluginManager: Mounting plugin TemplateSequence
LogPluginManager: Mounting plugin OnlineSubsystem
LogPluginManager: Mounting plugin OnlineSubsystemNull
LogPluginManager: Mounting plugin OnlineSubsystemUtils
LogPluginManager: Mounting plugin TcpMessaging
LogPluginManager: Mounting plugin UdpMessaging
LogPluginManager: Mounting plugin LauncherChunkInstaller
LogPluginManager: Mounting plugin ActorLayerUtilities
LogPluginManager: Mounting plugin AndroidMoviePlayer
LogPluginManager: Mounting plugin AndroidDeviceProfileSelector
LogPluginManager: Mounting plugin AndroidPermission
LogPluginManager: Mounting plugin ApexDestruction
LogPluginManager: Mounting plugin AppleImageUtils
LogPluginManager: Mounting plugin AppleMoviePlayer
LogPluginManager: Mounting plugin AudioCapture
LogPluginManager: Mounting plugin AudioSynesthesia
LogPluginManager: Mounting plugin ArchVisCharacter
LogPluginManager: Mounting plugin AssetTags
LogPluginManager: Mounting plugin CableComponent
LogPluginManager: Mounting plugin ChunkDownloader
LogPluginManager: Mounting plugin CustomMeshComponent
LogPluginManager: Mounting plugin EditableMesh
LogPluginManager: Mounting plugin ExampleDeviceProfileSelector
LogPluginManager: Mounting plugin GoogleCloudMessaging
LogPluginManager: Mounting plugin GooglePAD
LogPluginManager: Mounting plugin IOSDeviceProfileSelector
LogPluginManager: Mounting plugin LinuxDeviceProfileSelector
LogPluginManager: Mounting plugin LocationServicesBPLibrary
LogPluginManager: Mounting plugin MobilePatchingUtils
LogPluginManager: Mounting plugin OpenXR
LogPluginManager: Mounting plugin OpenXREyeTracker
LogPluginManager: Mounting plugin OpenXRHandTracking
LogPluginManager: Mounting plugin Takes
LogPluginManager: Mounting plugin PhysXVehicles
LogPluginManager: Mounting plugin PostSplashScreen
LogPluginManager: Mounting plugin ProceduralMeshComponent
LogPluginManager: Mounting plugin PropertyAccessEditor
LogPluginManager: Mounting plugin RuntimePhysXCooking
LogPluginManager: Mounting plugin SignificanceManager
LogPluginManager: Mounting plugin SoundFields
LogPluginManager: Mounting plugin Synthesis
LogPluginManager: Mounting plugin WebMMoviePlayer
LogPluginManager: Mounting plugin WindowsMoviePlayer
LogPluginManager: Mounting plugin ScreenshotTools
LogPluginManager: Mounting plugin ContentBrowserAssetDataSource
LogPluginManager: Mounting plugin ContentBrowserClassDataSource
LogPluginManager: Mounting plugin ContentBrowserFileDataSource
LogPluginManager: Mounting plugin OnlineSubsystemGooglePlay
LogPluginManager: Mounting plugin OnlineSubsystemIOS
LogPluginManager: Mounting plugin OculusVR
LogPluginManager: Mounting plugin SteamVR
PixWinPlugin: PIX capture plugin failed to initialize! Check that the process is launched from PIX.
LogInit: Using libcurl 7.55.1-DEV
LogInit:  - built for x86_64-pc-win32
LogInit:  - supports SSL with OpenSSL/1.1.1
LogInit:  - supports HTTP deflate (compression) using libz 1.2.8
LogInit:  - other features:
LogInit:      CURL_VERSION_SSL
LogInit:      CURL_VERSION_LIBZ
LogInit:      CURL_VERSION_IPV6
LogInit:      CURL_VERSION_ASYNCHDNS
LogInit:      CURL_VERSION_LARGEFILE
LogInit:      CURL_VERSION_IDN
LogInit:  CurlRequestOptions (configurable via config and command line):
LogInit:  - bVerifyPeer = true  - Libcurl will verify peer certificate
LogInit:  - bUseHttpProxy = false  - Libcurl will NOT use HTTP proxy
LogInit:  - bDontReuseConnections = false  - Libcurl will reuse connections
LogInit:  - MaxHostConnections = 16  - Libcurl will limit the number of connections to a host
LogInit:  - LocalHostAddr = Default
LogInit:  - BufferSize = 65536
LogOnline: OSS: Creating online subsystem instance for: NULL
LogInit: WinSock: version 1.1 (2.2), MaxSocks=32767, MaxUdp=65467
LogOnline: OSS: TryLoadSubsystemAndSetDefault: Loaded subsystem for module [NULL]
LogOculusPluginWrapper: OculusPlugin initialized successfully
LogHMD: Failed initializing OVRPlugin 1.59.0
LogInit: Build: ++UE4+Release-4.27-CL-18319896
LogInit: Engine Version: 4.27.2-18319896+++UE4+Release-4.27
LogInit: Compatible Engine Version: 4.27.0-17155196+++UE4+Release-4.27
LogInit: Net CL: 17155196
LogInit: OS: Windows 10 (Release 2009) (), CPU: Intel(R) Core(TM) i5-10400 CPU @ 2.90GHz, GPU: NVIDIA GeForce RTX 3060
LogInit: Compiled (64-bit): Nov 30 2021 07:12:08
LogInit: Compiled with Visual C++: 19.24.28315.00
LogInit: Build Configuration: Development
LogInit: Branch Name: ++UE4+Release-4.27
LogInit: Command Line:  -D3D12
LogInit: Base Directory: D:/UE4/UE_4.27/Engine/Binaries/Win64/
LogInit: Allocator: TBB
LogInit: Installed Engine Build: 1
LogDevObjectVersion: Number of dev versions registered: 29
LogDevObjectVersion:   Dev-Blueprints (B0D832E4-1F89-4F0D-ACCF-7EB736FD4AA2): 10
LogDevObjectVersion:   Dev-Build (E1C64328-A22C-4D53-A36C-8E866417BD8C): 0
LogDevObjectVersion:   Dev-Core (375EC13C-06E4-48FB-B500-84F0262A717E): 4
LogDevObjectVersion:   Dev-Editor (E4B068ED-F494-42E9-A231-DA0B2E46BB41): 40
LogDevObjectVersion:   Dev-Framework (CFFC743F-43B0-4480-9391-14DF171D2073): 37
LogDevObjectVersion:   Dev-Mobile (B02B49B5-BB20-44E9-A304-32B752E40360): 3
LogDevObjectVersion:   Dev-Networking (A4E4105C-59A1-49B5-A7C5-40C4547EDFEE): 0
LogDevObjectVersion:   Dev-Online (39C831C9-5AE6-47DC-9A44-9C173E1C8E7C): 0
LogDevObjectVersion:   Dev-Physics (78F01B33-EBEA-4F98-B9B4-84EACCB95AA2): 14
LogDevObjectVersion:   Dev-Platform (6631380F-2D4D-43E0-8009-CF276956A95A): 0
LogDevObjectVersion:   Dev-Rendering (12F88B9F-8875-4AFC-A67C-D90C383ABD29): 45
LogDevObjectVersion:   Dev-Sequencer (7B5AE74C-D270-4C10-A958-57980B212A5A): 13
LogDevObjectVersion:   Dev-VR (D7296918-1DD6-4BDD-9DE2-64A83CC13884): 3
LogDevObjectVersion:   Dev-LoadTimes (C2A15278-BFE7-4AFE-6C17-90FF531DF755): 1
LogDevObjectVersion:   Private-Geometry (6EACA3D4-40EC-4CC1-B786-8BED09428FC5): 3
LogDevObjectVersion:   Dev-AnimPhys (29E575DD-E0A3-4627-9D10-D276232CDCEA): 17
LogDevObjectVersion:   Dev-Anim (AF43A65D-7FD3-4947-9873-3E8ED9C1BB05): 15
LogDevObjectVersion:   Dev-ReflectionCapture (6B266CEC-1EC7-4B8F-A30B-E4D90942FC07): 1
LogDevObjectVersion:   Dev-Automation (0DF73D61-A23F-47EA-B727-89E90C41499A): 1
LogDevObjectVersion:   FortniteMain (601D1886-AC64-4F84-AA16-D3DE0DEAC7D6): 47
LogDevObjectVersion:   FortniteRelease (E7086368-6B23-4C58-8439-1B7016265E91): 1
LogDevObjectVersion:   Dev-Enterprise (9DFFBCD6-494F-0158-E221-12823C92A888): 10
LogDevObjectVersion:   Dev-Niagara (F2AED0AC-9AFE-416F-8664-AA7FFA26D6FC): 1
LogDevObjectVersion:   Dev-Destruction (174F1F0B-B4C6-45A5-B13F-2EE8D0FB917D): 10
LogDevObjectVersion:   Dev-Physics-Ext (35F94A83-E258-406C-A318-09F59610247C): 41
LogDevObjectVersion:   Dev-PhysicsMaterial-Chaos (B68FC16E-8B1B-42E2-B453-215C058844FE): 1
LogDevObjectVersion:   Dev-CineCamera (B2E18506-4273-CFC2-A54E-F4BB758BBA07): 1
LogDevObjectVersion:   Dev-VirtualProduction (64F58936-FD1B-42BA-BA96-7289D5D0FA4E): 1
LogDevObjectVersion:   Dev-MediaFramework (6F0ED827-A609-4895-9C91-998D90180EA4): 2
LogInit: Presizing for max 25165824 objects, including 0 objects not considered by GC, pre-allocating 0 bytes for permanent pool.
LogConfig: Applying CVar settings from Section [/Script/Engine.StreamingSettings] File [H:/GitHub/ProyectoX/ProyectoX/Saved/Config/Windows/Engine.ini]
LogConfig: Setting CVar [[s.MinBulkDataSizeForAsyncLoading:131072]]
LogConfig: Setting CVar [[s.AsyncLoadingThreadEnabled:0]]
LogConfig: Setting CVar [[s.EventDrivenLoaderEnabled:1]]
LogConfig: Setting CVar [[s.WarnIfTimeLimitExceeded:0]]
LogConfig: Setting CVar [[s.TimeLimitExceededMultiplier:1.5]]
LogConfig: Setting CVar [[s.TimeLimitExceededMinTime:0.005]]
LogConfig: Setting CVar [[s.UseBackgroundLevelStreaming:1]]
LogConfig: Setting CVar [[s.PriorityAsyncLoadingExtraTime:15.0]]
LogConfig: Setting CVar [[s.LevelStreamingActorsUpdateTimeLimit:5.0]]
LogConfig: Setting CVar [[s.PriorityLevelStreamingActorsUpdateExtraTime:5.0]]
LogConfig: Setting CVar [[s.LevelStreamingComponentsRegistrationGranularity:10]]
LogConfig: Setting CVar [[s.UnregisterComponentsTimeLimit:1.0]]
LogConfig: Setting CVar [[s.LevelStreamingComponentsUnregistrationGranularity:5]]
LogConfig: Setting CVar [[s.FlushStreamingOnExit:1]]
LogInit: Object subsystem initialized
LogConfig: Setting CVar [[con.DebugEarlyDefault:1]]
LogConfig: Setting CVar [[r.setres:1280x720]]
[2022.06.29-21.16.52:915][  0]LogConfig: Setting CVar [[r.VSync:0]]
[2022.06.29-21.16.52:915][  0]LogConfig: Setting CVar [[r.RHICmdBypass:0]]
[2022.06.29-21.16.52:915][  0]LogConfig: Applying CVar settings from Section [/Script/Engine.RendererSettings] File [H:/GitHub/ProyectoX/ProyectoX/Saved/Config/Windows/Engine.ini]
[2022.06.29-21.16.52:915][  0]LogConfig: Setting CVar [[r.GPUCrashDebugging:0]]
[2022.06.29-21.16.52:915][  0]LogConfig: Setting CVar [[r.Mobile.DisableVertexFog:1]]
[2022.06.29-21.16.52:915][  0]LogConfig: Setting CVar [[r.Shadow.CSM.MaxMobileCascades:2]]
[2022.06.29-21.16.52:915][  0]LogConfig: Setting CVar [[r.MobileMSAA:1]]
[2022.06.29-21.16.52:915][  0]LogConfig: Setting CVar [[r.Mobile.AllowDitheredLODTransition:0]]
[2022.06.29-21.16.52:915][  0]LogConfig: Setting CVar [[r.Mobile.AllowSoftwareOcclusion:0]]
[2022.06.29-21.16.52:915][  0]LogConfig: Setting CVar [[r.Mobile.VirtualTextures:0]]
[2022.06.29-21.16.52:915][  0]LogConfig: Setting CVar [[r.DiscardUnusedQuality:0]]
[2022.06.29-21.16.52:915][  0]LogConfig: Setting CVar [[r.AllowOcclusionQueries:1]]
[2022.06.29-21.16.52:915][  0]LogConfig: Setting CVar [[r.MinScreenRadiusForLights:0.030000]]
[2022.06.29-21.16.52:915][  0]LogConfig: Setting CVar [[r.MinScreenRadiusForDepthPrepass:0.030000]]
[2022.06.29-21.16.52:915][  0]LogConfig: Setting CVar [[r.MinScreenRadiusForCSMDepth:0.010000]]
[2022.06.29-21.16.52:915][  0]LogConfig: Setting CVar [[r.PrecomputedVisibilityWarning:0]]
[2022.06.29-21.16.52:915][  0]LogConfig: Setting CVar [[r.TextureStreaming:0]]
[2022.06.29-21.16.52:915][  0]LogConfig: Setting CVar [[Compat.UseDXT5NormalMaps:0]]
[2022.06.29-21.16.52:915][  0]LogConfig: Setting CVar [[r.VirtualTextures:0]]
[2022.06.29-21.16.52:915][  0]LogConfig: Setting CVar [[r.VT.EnableAutoImport:1]]
[2022.06.29-21.16.52:915][  0]LogConfig: Setting CVar [[r.VirtualTexturedLightmaps:0]]
[2022.06.29-21.16.52:915][  0]LogConfig: Setting CVar [[r.VT.TileSize:128]]
[2022.06.29-21.16.52:915][  0]LogConfig: Setting CVar [[r.VT.TileBorderSize:4]]
[2022.06.29-21.16.52:915][  0]LogConfig: Setting CVar [[r.vt.FeedbackFactor:16]]
[2022.06.29-21.16.52:915][  0]LogConfig: Setting CVar [[r.VT.EnableCompressZlib:1]]
[2022.06.29-21.16.52:915][  0]LogConfig: Setting CVar [[r.VT.EnableCompressCrunch:0]]
[2022.06.29-21.16.52:915][  0]LogConfig: Setting CVar [[r.ClearCoatNormal:0]]
[2022.06.29-21.16.52:915][  0]LogConfig: Setting CVar [[r.ReflectionCaptureResolution:128]]
[2022.06.29-21.16.52:915][  0]LogConfig: Setting CVar [[r.Mobile.ReflectionCaptureCompression:0]]
[2022.06.29-21.16.52:915][  0]LogConfig: Setting CVar [[r.ReflectionEnvironmentLightmapMixBasedOnRoughness:1]]
[2022.06.29-21.16.52:915][  0]LogConfig: Setting CVar [[r.ForwardShading:0]]
[2022.06.29-21.16.52:915][  0]LogConfig: Setting CVar [[r.VertexFoggingForOpaque:1]]
[2022.06.29-21.16.52:915][  0]LogConfig: Setting CVar [[r.AllowStaticLighting:1]]
[2022.06.29-21.16.52:915][  0]LogConfig: Setting CVar [[r.NormalMapsForStaticLighting:0]]
[2022.06.29-21.16.52:915][  0]LogConfig: Setting CVar [[r.GenerateMeshDistanceFields:0]]
[2022.06.29-21.16.52:915][  0]LogConfig: Setting CVar [[r.DistanceFieldBuild.EightBit:0]]
[2022.06.29-21.16.52:915][  0]LogConfig: Setting CVar [[r.GenerateLandscapeGIData:0]]
[2022.06.29-21.16.52:915][  0]LogConfig: Setting CVar [[r.DistanceFieldBuild.Compress:0]]
[2022.06.29-21.16.52:915][  0]LogConfig: Setting CVar [[r.TessellationAdaptivePixelsPerTriangle:48.000000]]
[2022.06.29-21.16.52:915][  0]LogConfig: Setting CVar [[r.SeparateTranslucency:1]]
[2022.06.29-21.16.52:915][  0]LogConfig: Setting CVar [[r.TranslucentSortPolicy:0]]
[2022.06.29-21.16.52:915][  0]LogConfig: Setting CVar [[vr.VRS.HMDFixedFoveationLevel:0]]
[2022.06.29-21.16.52:915][  0]LogConfig: Setting CVar [[r.CustomDepth:1]]
[2022.06.29-21.16.52:916][  0]LogConfig: Setting CVar [[r.CustomDepthTemporalAAJitter:1]]
[2022.06.29-21.16.52:916][  0]LogConfig: Setting CVar [[r.PostProcessing.PropagateAlpha:0]]
[2022.06.29-21.16.52:916][  0]LogConfig: Setting CVar [[r.DefaultFeature.Bloom:1]]
[2022.06.29-21.16.52:916][  0]LogConfig: Setting CVar [[r.DefaultFeature.AmbientOcclusion:1]]
[2022.06.29-21.16.52:916][  0]LogConfig: Setting CVar [[r.DefaultFeature.AmbientOcclusionStaticFraction:1]]
[2022.06.29-21.16.52:916][  0]LogConfig: Setting CVar [[r.DefaultFeature.AutoExposure:1]]
[2022.06.29-21.16.52:916][  0]LogConfig: Setting CVar [[r.DefaultFeature.AutoExposure.Method:0]]
[2022.06.29-21.16.52:916][  0]LogConfig: Setting CVar [[r.DefaultFeature.AutoExposure.Bias:1.000000]]
[2022.06.29-21.16.52:916][  0]LogConfig: Setting CVar [[r.DefaultFeature.AutoExposure.ExtendDefaultLuminanceRange:0]]
[2022.06.29-21.16.52:916][  0]LogConfig: Setting CVar [[r.UsePreExposure:1]]
[2022.06.29-21.16.52:916][  0]LogConfig: Setting CVar [[r.EyeAdaptation.EditorOnly:0]]
[2022.06.29-21.16.52:916][  0]LogConfig: Setting CVar [[r.DefaultFeature.MotionBlur:1]]
[2022.06.29-21.16.52:916][  0]LogConfig: Setting CVar [[r.DefaultFeature.LensFlare:0]]
[2022.06.29-21.16.52:916][  0]LogConfig: Setting CVar [[r.TemporalAA.Upsampling:0]]
[2022.06.29-21.16.52:916][  0]LogConfig: Setting CVar [[r.SSGI.Enable:0]]
[2022.06.29-21.16.52:916][  0]LogConfig: Setting CVar [[r.DefaultFeature.AntiAliasing:2]]
[2022.06.29-21.16.52:916][  0]LogConfig: Setting CVar [[r.DefaultFeature.LightUnits:1]]
[2022.06.29-21.16.52:916][  0]LogConfig: Setting CVar [[r.DefaultBackBufferPixelFormat:4]]
[2022.06.29-21.16.52:916][  0]LogConfig: Setting CVar [[r.Shadow.UnbuiltPreviewInGame:1]]
[2022.06.29-21.16.52:916][  0]LogConfig: Setting CVar [[r.StencilForLODDither:0]]
[2022.06.29-21.16.52:916][  0]LogConfig: Setting CVar [[r.EarlyZPass:3]]
[2022.06.29-21.16.52:916][  0]LogConfig: Setting CVar [[r.EarlyZPassOnlyMaterialMasking:0]]
[2022.06.29-21.16.52:916][  0]LogConfig: Setting CVar [[r.DBuffer:1]]
[2022.06.29-21.16.52:916][  0]LogConfig: Setting CVar [[r.ClearSceneMethod:1]]
[2022.06.29-21.16.52:916][  0]LogConfig: Setting CVar [[r.BasePassOutputsVelocity:0]]
[2022.06.29-21.16.52:916][  0]LogConfig: Setting CVar [[r.VertexDeformationOutputsVelocity:0]]
[2022.06.29-21.16.52:916][  0]LogConfig: Setting CVar [[r.SelectiveBasePassOutputs:0]]
[2022.06.29-21.16.52:916][  0]LogConfig: Setting CVar [[fx.GPUSimulationTextureSizeX:1024]]
[2022.06.29-21.16.52:916][  0]LogConfig: Setting CVar [[fx.GPUSimulationTextureSizeY:1024]]
[2022.06.29-21.16.52:916][  0]LogConfig: Setting CVar [[r.AllowGlobalClipPlane:0]]
[2022.06.29-21.16.52:916][  0]LogConfig: Setting CVar [[r.GBufferFormat:1]]
[2022.06.29-21.16.52:916][  0]LogConfig: Setting CVar [[r.MorphTarget.Mode:1]]
[2022.06.29-21.16.52:916][  0]LogConfig: Setting CVar [[vr.InstancedStereo:0]]
[2022.06.29-21.16.52:916][  0]LogConfig: Setting CVar [[r.MobileHDR:1]]
[2022.06.29-21.16.52:916][  0]LogConfig: Setting CVar [[vr.MobileMultiView:0]]
[2022.06.29-21.16.52:916][  0]LogConfig: Setting CVar [[r.Mobile.UseHWsRGBEncoding:0]]
[2022.06.29-21.16.52:916][  0]LogConfig: Setting CVar [[vr.RoundRobinOcclusion:0]]
[2022.06.29-21.16.52:916][  0]LogConfig: Setting CVar [[vr.ODSCapture:0]]
[2022.06.29-21.16.52:916][  0]LogConfig: Setting CVar [[r.MeshStreaming:0]]
[2022.06.29-21.16.52:916][  0]LogConfig: Setting CVar [[r.WireframeCullThreshold:5.000000]]
[2022.06.29-21.16.52:916][  0]LogConfig: Setting CVar [[r.RayTracing:0]]
[2022.06.29-21.16.52:916][  0]LogConfig: Setting CVar [[r.RayTracing.UseTextureLod:0]]
[2022.06.29-21.16.52:916][  0]LogConfig: Setting CVar [[r.SupportStationarySkylight:1]]
[2022.06.29-21.16.52:916][  0]LogConfig: Setting CVar [[r.SupportLowQualityLightmaps:1]]
[2022.06.29-21.16.52:916][  0]LogConfig: Setting CVar [[r.SupportPointLightWholeSceneShadows:1]]
[2022.06.29-21.16.52:916][  0]LogConfig: Setting CVar [[r.SupportAtmosphericFog:1]]
[2022.06.29-21.16.52:916][  0]LogConfig: Setting CVar [[r.SupportSkyAtmosphere:1]]
[2022.06.29-21.16.52:916][  0]LogConfig: Setting CVar [[r.SupportSkyAtmosphereAffectsHeightFog:0]]
[2022.06.29-21.16.52:916][  0]LogConfig: Setting CVar [[r.SkinCache.CompileShaders:0]]
[2022.06.29-21.16.52:916][  0]LogConfig: Setting CVar [[r.SkinCache.DefaultBehavior:1]]
[2022.06.29-21.16.52:916][  0]LogConfig: Setting CVar [[r.SkinCache.SceneMemoryLimitInMB:128.000000]]
[2022.06.29-21.16.52:916][  0]LogConfig: Setting CVar [[r.Mobile.EnableStaticAndCSMShadowReceivers:1]]
[2022.06.29-21.16.52:916][  0]LogConfig: Setting CVar [[r.Mobile.EnableMovableLightCSMShaderCulling:1]]
[2022.06.29-21.16.52:916][  0]LogConfig: Setting CVar [[r.Mobile.AllowDistanceFieldShadows:1]]
[2022.06.29-21.16.52:916][  0]LogConfig: Setting CVar [[r.Mobile.AllowMovableDirectionalLights:1]]
[2022.06.29-21.16.52:916][  0]LogConfig: Setting CVar [[r.MobileNumDynamicPointLights:4]]
[2022.06.29-21.16.52:916][  0]LogConfig: Setting CVar [[r.MobileDynamicPointLightsUseStaticBranch:1]]
[2022.06.29-21.16.52:916][  0]LogConfig: Setting CVar [[r.Mobile.EnableMovableSpotlights:0]]
[2022.06.29-21.16.52:916][  0]LogConfig: Setting CVar [[r.Mobile.EnableMovableSpotlightsShadow:0]]
[2022.06.29-21.16.52:916][  0]LogConfig: Setting CVar [[r.GPUSkin.Support16BitBoneIndex:0]]
[2022.06.29-21.16.52:916][  0]LogConfig: Setting CVar [[r.GPUSkin.Limit2BoneInfluences:0]]
[2022.06.29-21.16.52:916][  0]LogConfig: Setting CVar [[r.SupportDepthOnlyIndexBuffers:1]]
[2022.06.29-21.16.52:917][  0]LogConfig: Setting CVar [[r.SupportReversedIndexBuffers:1]]
[2022.06.29-21.16.52:917][  0]LogConfig: Setting CVar [[r.LightPropagationVolume:0]]
[2022.06.29-21.16.52:917][  0]LogConfig: Setting CVar [[r.Mobile.AmbientOcclusion:0]]
[2022.06.29-21.16.52:917][  0]LogConfig: Setting CVar [[r.GPUSkin.UnlimitedBoneInfluences:0]]
[2022.06.29-21.16.52:917][  0]LogConfig: Setting CVar [[r.GPUSkin.UnlimitedBoneInfluencesThreshold:8]]
[2022.06.29-21.16.52:917][  0]LogConfig: Setting CVar [[r.Mobile.PlanarReflectionMode:0]]
[2022.06.29-21.16.52:917][  0]LogConfig: Setting CVar [[r.Mobile.SupportsGen4TAA:0]]
[2022.06.29-21.16.52:917][  0]LogConfig: Applying CVar settings from Section [/Script/Engine.RendererOverrideSettings] File [H:/GitHub/ProyectoX/ProyectoX/Saved/Config/Windows/Engine.ini]
[2022.06.29-21.16.52:917][  0]LogConfig: Applying CVar settings from Section [/Script/Engine.StreamingSettings] File [H:/GitHub/ProyectoX/ProyectoX/Saved/Config/Windows/Engine.ini]
[2022.06.29-21.16.52:917][  0]LogConfig: Setting CVar [[s.MinBulkDataSizeForAsyncLoading:131072]]
[2022.06.29-21.16.52:917][  0]LogConfig: Setting CVar [[s.AsyncLoadingThreadEnabled:0]]
[2022.06.29-21.16.52:917][  0]LogConfig: Setting CVar [[s.EventDrivenLoaderEnabled:1]]
[2022.06.29-21.16.52:917][  0]LogConfig: Setting CVar [[s.WarnIfTimeLimitExceeded:0]]
[2022.06.29-21.16.52:917][  0]LogConfig: Setting CVar [[s.TimeLimitExceededMultiplier:1.5]]
[2022.06.29-21.16.52:917][  0]LogConfig: Setting CVar [[s.TimeLimitExceededMinTime:0.005]]
[2022.06.29-21.16.52:917][  0]LogConfig: Setting CVar [[s.UseBackgroundLevelStreaming:1]]
[2022.06.29-21.16.52:917][  0]LogConfig: Setting CVar [[s.PriorityAsyncLoadingExtraTime:15.0]]
[2022.06.29-21.16.52:917][  0]LogConfig: Setting CVar [[s.LevelStreamingActorsUpdateTimeLimit:5.0]]
[2022.06.29-21.16.52:917][  0]LogConfig: Setting CVar [[s.PriorityLevelStreamingActorsUpdateExtraTime:5.0]]
[2022.06.29-21.16.52:917][  0]LogConfig: Setting CVar [[s.LevelStreamingComponentsRegistrationGranularity:10]]
[2022.06.29-21.16.52:917][  0]LogConfig: Setting CVar [[s.UnregisterComponentsTimeLimit:1.0]]
[2022.06.29-21.16.52:917][  0]LogConfig: Setting CVar [[s.LevelStreamingComponentsUnregistrationGranularity:5]]
[2022.06.29-21.16.52:917][  0]LogConfig: Setting CVar [[s.FlushStreamingOnExit:1]]
[2022.06.29-21.16.52:917][  0]LogConfig: Applying CVar settings from Section [/Script/Engine.GarbageCollectionSettings] File [H:/GitHub/ProyectoX/ProyectoX/Saved/Config/Windows/Engine.ini]
[2022.06.29-21.16.52:917][  0]LogConfig: Setting CVar [[gc.MaxObjectsNotConsideredByGC:1]]
[2022.06.29-21.16.52:917][  0]LogConfig: Setting CVar [[gc.SizeOfPermanentObjectPool:0]]
[2022.06.29-21.16.52:917][  0]LogConfig: Setting CVar [[gc.FlushStreamingOnGC:0]]
[2022.06.29-21.16.52:917][  0]LogConfig: Setting CVar [[gc.NumRetriesBeforeForcingGC:10]]
[2022.06.29-21.16.52:917][  0]LogConfig: Setting CVar [[gc.AllowParallelGC:1]]
[2022.06.29-21.16.52:917][  0]LogConfig: Setting CVar [[gc.TimeBetweenPurgingPendingKillObjects:61.1]]
[2022.06.29-21.16.52:917][  0]LogConfig: Setting CVar [[gc.MaxObjectsInEditor:25165824]]
[2022.06.29-21.16.52:917][  0]LogConfig: Setting CVar [[gc.IncrementalBeginDestroyEnabled:1]]
[2022.06.29-21.16.52:917][  0]LogConfig: Setting CVar [[gc.CreateGCClusters:1]]
[2022.06.29-21.16.52:917][  0]LogConfig: Setting CVar [[gc.MinGCClusterSize:5]]
[2022.06.29-21.16.52:917][  0]LogConfig: Setting CVar [[gc.ActorClusteringEnabled:0]]
[2022.06.29-21.16.52:917][  0]LogConfig: Setting CVar [[gc.BlueprintClusteringEnabled:0]]
[2022.06.29-21.16.52:917][  0]LogConfig: Setting CVar [[gc.UseDisregardForGCOnDedicatedServers:0]]
[2022.06.29-21.16.52:917][  0]LogConfig: Setting CVar [[gc.MultithreadedDestructionEnabled:1]]
[2022.06.29-21.16.52:917][  0]LogConfig: Applying CVar settings from Section [/Script/Engine.NetworkSettings] File [H:/GitHub/ProyectoX/ProyectoX/Saved/Config/Windows/Engine.ini]
[2022.06.29-21.16.52:917][  0]LogConfig: Applying CVar settings from Section [/Script/UnrealEd.CookerSettings] File [H:/GitHub/ProyectoX/ProyectoX/Saved/Config/Windows/Engine.ini]
[2022.06.29-21.16.52:957][  0]LogConfig: Applying CVar settings from Section [ViewDistanceQuality@3] File [H:/GitHub/ProyectoX/ProyectoX/Saved/Config/Windows/Scalability.ini]
[2022.06.29-21.16.52:957][  0]LogConfig: Setting CVar [[r.SkeletalMeshLODBias:0]]
[2022.06.29-21.16.52:957][  0]LogConfig: Setting CVar [[r.ViewDistanceScale:1.0]]
[2022.06.29-21.16.52:957][  0]LogConfig: Applying CVar settings from Section [AntiAliasingQuality@3] File [H:/GitHub/ProyectoX/ProyectoX/Saved/Config/Windows/Scalability.ini]
[2022.06.29-21.16.52:957][  0]LogConfig: Setting CVar [[r.PostProcessAAQuality:4]]
[2022.06.29-21.16.52:957][  0]LogConfig: Applying CVar settings from Section [ShadowQuality@3] File [H:/GitHub/ProyectoX/ProyectoX/Saved/Config/Windows/Scalability.ini]
[2022.06.29-21.16.52:957][  0]LogConfig: Setting CVar [[r.LightFunctionQuality:1]]
[2022.06.29-21.16.52:957][  0]LogConfig: Setting CVar [[r.ShadowQuality:5]]
[2022.06.29-21.16.52:957][  0]LogConfig: Setting CVar [[r.Shadow.CSM.MaxCascades:10]]
[2022.06.29-21.16.52:957][  0]LogConfig: Setting CVar [[r.Shadow.MaxResolution:2048]]
[2022.06.29-21.16.52:957][  0]LogConfig: Setting CVar [[r.Shadow.MaxCSMResolution:2048]]
[2022.06.29-21.16.52:957][  0]LogConfig: Setting CVar [[r.Shadow.RadiusThreshold:0.01]]
[2022.06.29-21.16.52:957][  0]LogConfig: Setting CVar [[r.Shadow.DistanceScale:1.0]]
[2022.06.29-21.16.52:957][  0]LogConfig: Setting CVar [[r.Shadow.CSM.TransitionScale:1.0]]
[2022.06.29-21.16.52:957][  0]LogConfig: Setting CVar [[r.Shadow.PreShadowResolutionFactor:1.0]]
[2022.06.29-21.16.52:957][  0]LogConfig: Setting CVar [[r.DistanceFieldShadowing:1]]
[2022.06.29-21.16.52:957][  0]LogConfig: Setting CVar [[r.DistanceFieldAO:1]]
[2022.06.29-21.16.52:957][  0]LogConfig: Setting CVar [[r.AOQuality:2]]
[2022.06.29-21.16.52:957][  0]LogConfig: Setting CVar [[r.VolumetricFog:1]]
[2022.06.29-21.16.52:957][  0]LogConfig: Setting CVar [[r.VolumetricFog.GridPixelSize:8]]
[2022.06.29-21.16.52:957][  0]LogConfig: Setting CVar [[r.VolumetricFog.GridSizeZ:128]]
[2022.06.29-21.16.52:957][  0]LogConfig: Setting CVar [[r.VolumetricFog.HistoryMissSupersampleCount:4]]
[2022.06.29-21.16.52:957][  0]LogConfig: Setting CVar [[r.LightMaxDrawDistanceScale:1]]
[2022.06.29-21.16.52:957][  0]LogConfig: Setting CVar [[r.CapsuleShadows:1]]
[2022.06.29-21.16.52:957][  0]LogConfig: Applying CVar settings from Section [PostProcessQuality@3] File [H:/GitHub/ProyectoX/ProyectoX/Saved/Config/Windows/Scalability.ini]
[2022.06.29-21.16.52:957][  0]LogConfig: Setting CVar [[r.MotionBlurQuality:4]]
[2022.06.29-21.16.52:957][  0]LogConfig: Setting CVar [[r.AmbientOcclusionMipLevelFactor:0.4]]
[2022.06.29-21.16.52:957][  0]LogConfig: Setting CVar [[r.AmbientOcclusionMaxQuality:100]]
[2022.06.29-21.16.52:957][  0]LogConfig: Setting CVar [[r.AmbientOcclusionLevels:-1]]
[2022.06.29-21.16.52:957][  0]LogConfig: Setting CVar [[r.AmbientOcclusionRadiusScale:1.0]]
[2022.06.29-21.16.52:957][  0]LogConfig: Setting CVar [[r.DepthOfFieldQuality:2]]
[2022.06.29-21.16.52:957][  0]LogConfig: Setting CVar [[r.RenderTargetPoolMin:400]]
[2022.06.29-21.16.52:957][  0]LogConfig: Setting CVar [[r.LensFlareQuality:2]]
[2022.06.29-21.16.52:957][  0]LogConfig: Setting CVar [[r.SceneColorFringeQuality:1]]
[2022.06.29-21.16.52:957][  0]LogConfig: Setting CVar [[r.EyeAdaptationQuality:2]]
[2022.06.29-21.16.52:957][  0]LogConfig: Setting CVar [[r.BloomQuality:5]]
[2022.06.29-21.16.52:957][  0]LogConfig: Setting CVar [[r.FastBlurThreshold:100]]
[2022.06.29-21.16.52:957][  0]LogConfig: Setting CVar [[r.Upscale.Quality:3]]
[2022.06.29-21.16.52:957][  0]LogConfig: Setting CVar [[r.Tonemapper.GrainQuantization:1]]
[2022.06.29-21.16.52:957][  0]LogConfig: Setting CVar [[r.LightShaftQuality:1]]
[2022.06.29-21.16.52:957][  0]LogConfig: Setting CVar [[r.Filter.SizeScale:1]]
[2022.06.29-21.16.52:957][  0]LogConfig: Setting CVar [[r.Tonemapper.Quality:5]]
[2022.06.29-21.16.52:957][  0]LogConfig: Setting CVar [[r.DOF.Gather.AccumulatorQuality:1        ; higher gathering accumulator quality]]
[2022.06.29-21.16.52:957][  0]LogConfig: Setting CVar [[r.DOF.Gather.PostfilterMethod:1          ; Median3x3 postfilering method]]
[2022.06.29-21.16.52:957][  0]LogConfig: Setting CVar [[r.DOF.Gather.EnableBokehSettings:0       ; no bokeh simulation when gathering]]
[2022.06.29-21.16.52:957][  0]LogConfig: Setting CVar [[r.DOF.Gather.RingCount:4                 ; medium number of samples when gathering]]
[2022.06.29-21.16.52:957][  0]LogConfig: Setting CVar [[r.DOF.Scatter.ForegroundCompositing:1    ; additive foreground scattering]]
[2022.06.29-21.16.52:957][  0]LogConfig: Setting CVar [[r.DOF.Scatter.BackgroundCompositing:2    ; additive background scattering]]
[2022.06.29-21.16.52:957][  0]LogConfig: Setting CVar [[r.DOF.Scatter.EnableBokehSettings:1      ; bokeh simulation when scattering]]
[2022.06.29-21.16.52:957][  0]LogConfig: Setting CVar [[r.DOF.Scatter.MaxSpriteRatio:0.1         ; only a maximum of 10% of scattered bokeh]]
[2022.06.29-21.16.52:957][  0]LogConfig: Setting CVar [[r.DOF.Recombine.Quality:1                ; cheap slight out of focus]]
[2022.06.29-21.16.52:957][  0]LogConfig: Setting CVar [[r.DOF.Recombine.EnableBokehSettings:0    ; no bokeh simulation on slight out of focus]]
[2022.06.29-21.16.52:957][  0]LogConfig: Setting CVar [[r.DOF.TemporalAAQuality:1                ; more stable temporal accumulation]]
[2022.06.29-21.16.52:957][  0]LogConfig: Setting CVar [[r.DOF.Kernel.MaxForegroundRadius:0.025]]
[2022.06.29-21.16.52:957][  0]LogConfig: Setting CVar [[r.DOF.Kernel.MaxBackgroundRadius:0.025]]
[2022.06.29-21.16.52:957][  0]LogConfig: Applying CVar settings from Section [TextureQuality@3] File [H:/GitHub/ProyectoX/ProyectoX/Saved/Config/Windows/Scalability.ini]
[2022.06.29-21.16.52:957][  0]LogConfig: Setting CVar [[r.Streaming.MipBias:0]]
[2022.06.29-21.16.52:957][  0]LogConfig: Setting CVar [[r.Streaming.AmortizeCPUToGPUCopy:0]]
[2022.06.29-21.16.52:957][  0]LogConfig: Setting CVar [[r.Streaming.MaxNumTexturesToStreamPerFrame:0]]
[2022.06.29-21.16.52:957][  0]LogConfig: Setting CVar [[r.Streaming.Boost:1]]
[2022.06.29-21.16.52:957][  0]LogConfig: Setting CVar [[r.MaxAnisotropy:8]]
[2022.06.29-21.16.52:957][  0]LogConfig: Setting CVar [[r.VT.MaxAnisotropy:8]]
[2022.06.29-21.16.52:957][  0]LogConfig: Setting CVar [[r.Streaming.LimitPoolSizeToVRAM:0]]
[2022.06.29-21.16.52:957][  0]LogConfig: Setting CVar [[r.Streaming.PoolSize:1000]]
[2022.06.29-21.16.52:957][  0]LogConfig: Setting CVar [[r.Streaming.MaxEffectiveScreenSize:0]]
[2022.06.29-21.16.52:957][  0]LogConfig: Applying CVar settings from Section [EffectsQuality@3] File [H:/GitHub/ProyectoX/ProyectoX/Saved/Config/Windows/Scalability.ini]
[2022.06.29-21.16.52:957][  0]LogConfig: Setting CVar [[r.TranslucencyLightingVolumeDim:64]]
[2022.06.29-21.16.52:957][  0]LogConfig: Setting CVar [[r.RefractionQuality:2]]
[2022.06.29-21.16.52:957][  0]LogConfig: Setting CVar [[r.SSR.Quality:3]]
[2022.06.29-21.16.52:957][  0]LogConfig: Setting CVar [[r.SSR.HalfResSceneColor:0]]
[2022.06.29-21.16.52:957][  0]LogConfig: Setting CVar [[r.SceneColorFormat:4]]
[2022.06.29-21.16.52:957][  0]LogConfig: Setting CVar [[r.DetailMode:2]]
[2022.06.29-21.16.52:957][  0]LogConfig: Setting CVar [[r.TranslucencyVolumeBlur:1]]
[2022.06.29-21.16.52:957][  0]LogConfig: Setting CVar [[r.MaterialQualityLevel:1 ; High quality]]
[2022.06.29-21.16.52:957][  0]LogConfig: Setting CVar [[r.AnisotropicMaterials:1]]
[2022.06.29-21.16.52:957][  0]LogConfig: Setting CVar [[r.SSS.Scale:1]]
[2022.06.29-21.16.52:957][  0]LogConfig: Setting CVar [[r.SSS.SampleSet:2]]
[2022.06.29-21.16.52:957][  0]LogConfig: Setting CVar [[r.SSS.Quality:1]]
[2022.06.29-21.16.52:957][  0]LogConfig: Setting CVar [[r.SSS.HalfRes:0]]
[2022.06.29-21.16.52:957][  0]LogConfig: Setting CVar [[r.SSGI.Quality:3]]
[2022.06.29-21.16.52:957][  0]LogConfig: Setting CVar [[r.EmitterSpawnRateScale:1.0]]
[2022.06.29-21.16.52:957][  0]LogConfig: Setting CVar [[r.ParticleLightQuality:2]]
[2022.06.29-21.16.52:958][  0]LogConfig: Setting CVar [[r.SkyAtmosphere.AerialPerspectiveLUT.FastApplyOnOpaque:1 ; Always have FastSkyLUT 1 in this case to avoid wrong sky]]
[2022.06.29-21.16.52:958][  0]LogConfig: Setting CVar [[r.SkyAtmosphere.AerialPerspectiveLUT.SampleCountMaxPerSlice:4]]
[2022.06.29-21.16.52:958][  0]LogConfig: Setting CVar [[r.SkyAtmosphere.AerialPerspectiveLUT.DepthResolution:16.0]]
[2022.06.29-21.16.52:958][  0]LogConfig: Setting CVar [[r.SkyAtmosphere.FastSkyLUT:1]]
[2022.06.29-21.16.52:958][  0]LogConfig: Setting CVar [[r.SkyAtmosphere.FastSkyLUT.SampleCountMin:4.0]]
[2022.06.29-21.16.52:958][  0]LogConfig: Setting CVar [[r.SkyAtmosphere.FastSkyLUT.SampleCountMax:128.0]]
[2022.06.29-21.16.52:958][  0]LogConfig: Setting CVar [[r.SkyAtmosphere.SampleCountMin:4.0]]
[2022.06.29-21.16.52:958][  0]LogConfig: Setting CVar [[r.SkyAtmosphere.SampleCountMax:128.0]]
[2022.06.29-21.16.52:958][  0]LogConfig: Setting CVar [[r.SkyAtmosphere.TransmittanceLUT.UseSmallFormat:0]]
[2022.06.29-21.16.52:958][  0]LogConfig: Setting CVar [[r.SkyAtmosphere.TransmittanceLUT.SampleCount:10.0]]
[2022.06.29-21.16.52:958][  0]LogConfig: Setting CVar [[r.SkyAtmosphere.MultiScatteringLUT.SampleCount:15.0]]
[2022.06.29-21.16.52:958][  0]LogConfig: Setting CVar [[r.SkyLight.RealTimeReflectionCapture:1]]
[2022.06.29-21.16.52:958][  0]LogConfig: Applying CVar settings from Section [FoliageQuality@3] File [H:/GitHub/ProyectoX/ProyectoX/Saved/Config/Windows/Scalability.ini]
[2022.06.29-21.16.52:958][  0]LogConfig: Setting CVar [[foliage.DensityScale:1.0]]
[2022.06.29-21.16.52:958][  0]LogConfig: Setting CVar [[grass.DensityScale:1.0]]
[2022.06.29-21.16.52:958][  0]LogConfig: Applying CVar settings from Section [ShadingQuality@3] File [H:/GitHub/ProyectoX/ProyectoX/Saved/Config/Windows/Scalability.ini]
[2022.06.29-21.16.52:958][  0]LogConfig: Setting CVar [[r.HairStrands.SkyLighting.IntegrationType:2]]
[2022.06.29-21.16.52:958][  0]LogConfig: Setting CVar [[r.HairStrands.SkyAO.SampleCount:4]]
[2022.06.29-21.16.52:958][  0]LogConfig: Setting CVar [[r.HairStrands.Visibility.MSAA.SamplePerPixel:4]]
[2022.06.29-21.16.52:958][  0]LogInit: Selected Device Profile: [Windows]
[2022.06.29-21.16.52:958][  0]LogInit: Applying CVar settings loaded from the selected device profile: [Windows]
[2022.06.29-21.16.52:958][  0]LogHAL: Display: Platform has ~ 32 GB [34273771520 / 34359738368 / 32], which maps to Largest [LargestMinGB=32, LargerMinGB=12, DefaultMinGB=8, SmallerMinGB=6, SmallestMinGB=0)
[2022.06.29-21.16.52:958][  0]LogInit: Going up to parent DeviceProfile []
[2022.06.29-21.16.52:958][  0]LogConfig: Applying CVar settings from Section [ViewDistanceQuality@3] File [H:/GitHub/ProyectoX/ProyectoX/Saved/Config/Windows/Scalability.ini]
[2022.06.29-21.16.52:958][  0]LogConfig: Setting CVar [[r.SkeletalMeshLODBias:0]]
[2022.06.29-21.16.52:958][  0]LogConfig: Setting CVar [[r.ViewDistanceScale:1.0]]
[2022.06.29-21.16.52:958][  0]LogConfig: Applying CVar settings from Section [AntiAliasingQuality@3] File [H:/GitHub/ProyectoX/ProyectoX/Saved/Config/Windows/Scalability.ini]
[2022.06.29-21.16.52:958][  0]LogConfig: Setting CVar [[r.PostProcessAAQuality:4]]
[2022.06.29-21.16.52:958][  0]LogConfig: Applying CVar settings from Section [ShadowQuality@3] File [H:/GitHub/ProyectoX/ProyectoX/Saved/Config/Windows/Scalability.ini]
[2022.06.29-21.16.52:958][  0]LogConfig: Setting CVar [[r.LightFunctionQuality:1]]
[2022.06.29-21.16.52:958][  0]LogConfig: Setting CVar [[r.ShadowQuality:5]]
[2022.06.29-21.16.52:958][  0]LogConfig: Setting CVar [[r.Shadow.CSM.MaxCascades:10]]
[2022.06.29-21.16.52:958][  0]LogConfig: Setting CVar [[r.Shadow.MaxResolution:2048]]
[2022.06.29-21.16.52:958][  0]LogConfig: Setting CVar [[r.Shadow.MaxCSMResolution:2048]]
[2022.06.29-21.16.52:958][  0]LogConfig: Setting CVar [[r.Shadow.RadiusThreshold:0.01]]
[2022.06.29-21.16.52:958][  0]LogConfig: Setting CVar [[r.Shadow.DistanceScale:1.0]]
[2022.06.29-21.16.52:958][  0]LogConfig: Setting CVar [[r.Shadow.CSM.TransitionScale:1.0]]
[2022.06.29-21.16.52:958][  0]LogConfig: Setting CVar [[r.Shadow.PreShadowResolutionFactor:1.0]]
[2022.06.29-21.16.52:958][  0]LogConfig: Setting CVar [[r.DistanceFieldShadowing:1]]
[2022.06.29-21.16.52:958][  0]LogConfig: Setting CVar [[r.DistanceFieldAO:1]]
[2022.06.29-21.16.52:958][  0]LogConfig: Setting CVar [[r.AOQuality:2]]
[2022.06.29-21.16.52:958][  0]LogConfig: Setting CVar [[r.VolumetricFog:1]]
[2022.06.29-21.16.52:958][  0]LogConfig: Setting CVar [[r.VolumetricFog.GridPixelSize:8]]
[2022.06.29-21.16.52:958][  0]LogConfig: Setting CVar [[r.VolumetricFog.GridSizeZ:128]]
[2022.06.29-21.16.52:958][  0]LogConfig: Setting CVar [[r.VolumetricFog.HistoryMissSupersampleCount:4]]
[2022.06.29-21.16.52:958][  0]LogConfig: Setting CVar [[r.LightMaxDrawDistanceScale:1]]
[2022.06.29-21.16.52:958][  0]LogConfig: Setting CVar [[r.CapsuleShadows:1]]
[2022.06.29-21.16.52:958][  0]LogConfig: Applying CVar settings from Section [PostProcessQuality@3] File [H:/GitHub/ProyectoX/ProyectoX/Saved/Config/Windows/Scalability.ini]
[2022.06.29-21.16.52:958][  0]LogConfig: Setting CVar [[r.MotionBlurQuality:4]]
[2022.06.29-21.16.52:958][  0]LogConfig: Setting CVar [[r.AmbientOcclusionMipLevelFactor:0.4]]
[2022.06.29-21.16.52:958][  0]LogConfig: Setting CVar [[r.AmbientOcclusionMaxQuality:100]]
[2022.06.29-21.16.52:958][  0]LogConfig: Setting CVar [[r.AmbientOcclusionLevels:-1]]
[2022.06.29-21.16.52:958][  0]LogConfig: Setting CVar [[r.AmbientOcclusionRadiusScale:1.0]]
[2022.06.29-21.16.52:958][  0]LogConfig: Setting CVar [[r.DepthOfFieldQuality:2]]
[2022.06.29-21.16.52:958][  0]LogConfig: Setting CVar [[r.RenderTargetPoolMin:400]]
[2022.06.29-21.16.52:958][  0]LogConfig: Setting CVar [[r.LensFlareQuality:2]]
[2022.06.29-21.16.52:958][  0]LogConfig: Setting CVar [[r.SceneColorFringeQuality:1]]
[2022.06.29-21.16.52:958][  0]LogConfig: Setting CVar [[r.EyeAdaptationQuality:2]]
[2022.06.29-21.16.52:958][  0]LogConfig: Setting CVar [[r.BloomQuality:5]]
[2022.06.29-21.16.52:958][  0]LogConfig: Setting CVar [[r.FastBlurThreshold:100]]
[2022.06.29-21.16.52:958][  0]LogConfig: Setting CVar [[r.Upscale.Quality:3]]
[2022.06.29-21.16.52:958][  0]LogConfig: Setting CVar [[r.Tonemapper.GrainQuantization:1]]
[2022.06.29-21.16.52:958][  0]LogConfig: Setting CVar [[r.LightShaftQuality:1]]
[2022.06.29-21.16.52:958][  0]LogConfig: Setting CVar [[r.Filter.SizeScale:1]]
[2022.06.29-21.16.52:958][  0]LogConfig: Setting CVar [[r.Tonemapper.Quality:5]]
[2022.06.29-21.16.52:958][  0]LogConfig: Setting CVar [[r.DOF.Gather.AccumulatorQuality:1        ; higher gathering accumulator quality]]
[2022.06.29-21.16.52:958][  0]LogConfig: Setting CVar [[r.DOF.Gather.PostfilterMethod:1          ; Median3x3 postfilering method]]
[2022.06.29-21.16.52:958][  0]LogConfig: Setting CVar [[r.DOF.Gather.EnableBokehSettings:0       ; no bokeh simulation when gathering]]
[2022.06.29-21.16.52:958][  0]LogConfig: Setting CVar [[r.DOF.Gather.RingCount:4                 ; medium number of samples when gathering]]
[2022.06.29-21.16.52:958][  0]LogConfig: Setting CVar [[r.DOF.Scatter.ForegroundCompositing:1    ; additive foreground scattering]]
[2022.06.29-21.16.52:958][  0]LogConfig: Setting CVar [[r.DOF.Scatter.BackgroundCompositing:2    ; additive background scattering]]
[2022.06.29-21.16.52:958][  0]LogConfig: Setting CVar [[r.DOF.Scatter.EnableBokehSettings:1      ; bokeh simulation when scattering]]
[2022.06.29-21.16.52:958][  0]LogConfig: Setting CVar [[r.DOF.Scatter.MaxSpriteRatio:0.1         ; only a maximum of 10% of scattered bokeh]]
[2022.06.29-21.16.52:958][  0]LogConfig: Setting CVar [[r.DOF.Recombine.Quality:1                ; cheap slight out of focus]]
[2022.06.29-21.16.52:958][  0]LogConfig: Setting CVar [[r.DOF.Recombine.EnableBokehSettings:0    ; no bokeh simulation on slight out of focus]]
[2022.06.29-21.16.52:958][  0]LogConfig: Setting CVar [[r.DOF.TemporalAAQuality:1                ; more stable temporal accumulation]]
[2022.06.29-21.16.52:958][  0]LogConfig: Setting CVar [[r.DOF.Kernel.MaxForegroundRadius:0.025]]
[2022.06.29-21.16.52:958][  0]LogConfig: Setting CVar [[r.DOF.Kernel.MaxBackgroundRadius:0.025]]
[2022.06.29-21.16.52:958][  0]LogConfig: Applying CVar settings from Section [TextureQuality@3] File [H:/GitHub/ProyectoX/ProyectoX/Saved/Config/Windows/Scalability.ini]
[2022.06.29-21.16.52:958][  0]LogConfig: Setting CVar [[r.Streaming.MipBias:0]]
[2022.06.29-21.16.52:958][  0]LogConfig: Setting CVar [[r.Streaming.AmortizeCPUToGPUCopy:0]]
[2022.06.29-21.16.52:958][  0]LogConfig: Setting CVar [[r.Streaming.MaxNumTexturesToStreamPerFrame:0]]
[2022.06.29-21.16.52:958][  0]LogConfig: Setting CVar [[r.Streaming.Boost:1]]
[2022.06.29-21.16.52:958][  0]LogConfig: Setting CVar [[r.MaxAnisotropy:8]]
[2022.06.29-21.16.52:958][  0]LogConfig: Setting CVar [[r.VT.MaxAnisotropy:8]]
[2022.06.29-21.16.52:958][  0]LogConfig: Setting CVar [[r.Streaming.LimitPoolSizeToVRAM:0]]
[2022.06.29-21.16.52:958][  0]LogConfig: Setting CVar [[r.Streaming.PoolSize:1000]]
[2022.06.29-21.16.52:958][  0]LogConfig: Setting CVar [[r.Streaming.MaxEffectiveScreenSize:0]]
[2022.06.29-21.16.52:958][  0]LogConfig: Applying CVar settings from Section [EffectsQuality@3] File [H:/GitHub/ProyectoX/ProyectoX/Saved/Config/Windows/Scalability.ini]
[2022.06.29-21.16.52:958][  0]LogConfig: Setting CVar [[r.TranslucencyLightingVolumeDim:64]]
[2022.06.29-21.16.52:958][  0]LogConfig: Setting CVar [[r.RefractionQuality:2]]
[2022.06.29-21.16.52:958][  0]LogConfig: Setting CVar [[r.SSR.Quality:3]]
[2022.06.29-21.16.52:959][  0]LogConfig: Setting CVar [[r.SSR.HalfResSceneColor:0]]
[2022.06.29-21.16.52:959][  0]LogConfig: Setting CVar [[r.SceneColorFormat:4]]
[2022.06.29-21.16.52:959][  0]LogConfig: Setting CVar [[r.DetailMode:2]]
[2022.06.29-21.16.52:959][  0]LogConfig: Setting CVar [[r.TranslucencyVolumeBlur:1]]
[2022.06.29-21.16.52:959][  0]LogConfig: Setting CVar [[r.MaterialQualityLevel:1 ; High quality]]
[2022.06.29-21.16.52:959][  0]LogConfig: Setting CVar [[r.AnisotropicMaterials:1]]
[2022.06.29-21.16.52:959][  0]LogConfig: Setting CVar [[r.SSS.Scale:1]]
[2022.06.29-21.16.52:959][  0]LogConfig: Setting CVar [[r.SSS.SampleSet:2]]
[2022.06.29-21.16.52:959][  0]LogConfig: Setting CVar [[r.SSS.Quality:1]]
[2022.06.29-21.16.52:959][  0]LogConfig: Setting CVar [[r.SSS.HalfRes:0]]
[2022.06.29-21.16.52:959][  0]LogConfig: Setting CVar [[r.SSGI.Quality:3]]
[2022.06.29-21.16.52:959][  0]LogConfig: Setting CVar [[r.EmitterSpawnRateScale:1.0]]
[2022.06.29-21.16.52:959][  0]LogConfig: Setting CVar [[r.ParticleLightQuality:2]]
[2022.06.29-21.16.52:959][  0]LogConfig: Setting CVar [[r.SkyAtmosphere.AerialPerspectiveLUT.FastApplyOnOpaque:1 ; Always have FastSkyLUT 1 in this case to avoid wrong sky]]
[2022.06.29-21.16.52:959][  0]LogConfig: Setting CVar [[r.SkyAtmosphere.AerialPerspectiveLUT.SampleCountMaxPerSlice:4]]
[2022.06.29-21.16.52:959][  0]LogConfig: Setting CVar [[r.SkyAtmosphere.AerialPerspectiveLUT.DepthResolution:16.0]]
[2022.06.29-21.16.52:959][  0]LogConfig: Setting CVar [[r.SkyAtmosphere.FastSkyLUT:1]]
[2022.06.29-21.16.52:959][  0]LogConfig: Setting CVar [[r.SkyAtmosphere.FastSkyLUT.SampleCountMin:4.0]]
[2022.06.29-21.16.52:959][  0]LogConfig: Setting CVar [[r.SkyAtmosphere.FastSkyLUT.SampleCountMax:128.0]]
[2022.06.29-21.16.52:959][  0]LogConfig: Setting CVar [[r.SkyAtmosphere.SampleCountMin:4.0]]
[2022.06.29-21.16.52:959][  0]LogConfig: Setting CVar [[r.SkyAtmosphere.SampleCountMax:128.0]]
[2022.06.29-21.16.52:959][  0]LogConfig: Setting CVar [[r.SkyAtmosphere.TransmittanceLUT.UseSmallFormat:0]]
[2022.06.29-21.16.52:959][  0]LogConfig: Setting CVar [[r.SkyAtmosphere.TransmittanceLUT.SampleCount:10.0]]
[2022.06.29-21.16.52:959][  0]LogConfig: Setting CVar [[r.SkyAtmosphere.MultiScatteringLUT.SampleCount:15.0]]
[2022.06.29-21.16.52:959][  0]LogConfig: Setting CVar [[r.SkyLight.RealTimeReflectionCapture:1]]
[2022.06.29-21.16.52:959][  0]LogConfig: Applying CVar settings from Section [FoliageQuality@3] File [H:/GitHub/ProyectoX/ProyectoX/Saved/Config/Windows/Scalability.ini]
[2022.06.29-21.16.52:959][  0]LogConfig: Setting CVar [[foliage.DensityScale:1.0]]
[2022.06.29-21.16.52:959][  0]LogConfig: Setting CVar [[grass.DensityScale:1.0]]
[2022.06.29-21.16.52:959][  0]LogConfig: Applying CVar settings from Section [ShadingQuality@3] File [H:/GitHub/ProyectoX/ProyectoX/Saved/Config/Windows/Scalability.ini]
[2022.06.29-21.16.52:959][  0]LogConfig: Setting CVar [[r.HairStrands.SkyLighting.IntegrationType:2]]
[2022.06.29-21.16.52:959][  0]LogConfig: Setting CVar [[r.HairStrands.SkyAO.SampleCount:4]]
[2022.06.29-21.16.52:959][  0]LogConfig: Setting CVar [[r.HairStrands.Visibility.MSAA.SamplePerPixel:4]]
[2022.06.29-21.16.52:959][  0]LogConfig: Applying CVar settings from Section [Startup] File [../../../Engine/Config/ConsoleVariables.ini]
[2022.06.29-21.16.52:959][  0]LogConfig: Setting CVar [[net.UseAdaptiveNetUpdateFrequency:0]]
[2022.06.29-21.16.52:959][  0]LogConfig: Setting CVar [[p.chaos.AllowCreatePhysxBodies:1]]
[2022.06.29-21.16.52:959][  0]LogConfig: Setting CVar [[fx.SkipVectorVMBackendOptimizations:1]]
[2022.06.29-21.16.52:959][  0]LogConfig: Applying CVar settings from Section [ConsoleVariables] File [H:/GitHub/ProyectoX/ProyectoX/Saved/Config/Windows/Engine.ini]
[2022.06.29-21.16.52:959][  0]LogConfig: Applying CVar settings from Section [ConsoleVariables] File [H:/GitHub/ProyectoX/ProyectoX/Saved/Config/Windows/Editor.ini]
[2022.06.29-21.16.52:959][  0]LogInit: Computer: MAG-B460-MORTAR
[2022.06.29-21.16.52:959][  0]LogInit: User: arrie
[2022.06.29-21.16.52:959][  0]LogInit: CPU Page size=4096, Cores=6
[2022.06.29-21.16.52:959][  0]LogInit: High frequency timer resolution =10.000000 MHz
[2022.06.29-21.16.52:959][  0]LogMemory: Memory total: Physical=31.9GB (32GB approx)
[2022.06.29-21.16.52:959][  0]LogMemory: Platform Memory Stats for Windows
[2022.06.29-21.16.52:959][  0]LogMemory: Process Physical Memory: 145.60 MB used, 145.61 MB peak
[2022.06.29-21.16.52:959][  0]LogMemory: Process Virtual Memory: 129.89 MB used, 129.89 MB peak
[2022.06.29-21.16.52:959][  0]LogMemory: Physical Memory: 10546.90 MB used,  22139.11 MB free, 32686.02 MB total
[2022.06.29-21.16.52:959][  0]LogMemory: Virtual Memory: 134189416.00 MB used,  28308.97 MB free, 134217728.00 MB total
[2022.06.29-21.16.52:965][  0]LogWindows: WindowsPlatformFeatures enabled
[2022.06.29-21.16.53:007][  0]LogInit: Physics initialised using underlying interface: PhysX
[2022.06.29-21.16.53:008][  0]LogInit: Using OS detected language (es-MX).
[2022.06.29-21.16.53:008][  0]LogInit: Using OS detected locale (es-AR).
[2022.06.29-21.16.53:010][  0]LogTextLocalizationResource: LocRes '../../../Engine/Content/Localization/Editor/es-MX/Editor.locres' could not be opened for reading!
[2022.06.29-21.16.53:010][  0]LogTextLocalizationResource: LocRes '../../../Engine/Content/Localization/EditorTutorials/es-MX/EditorTutorials.locres' could not be opened for reading!
[2022.06.29-21.16.53:010][  0]LogTextLocalizationResource: LocRes '../../../Engine/Content/Localization/Keywords/es-MX/Keywords.locres' could not be opened for reading!
[2022.06.29-21.16.53:010][  0]LogTextLocalizationResource: LocRes '../../../Engine/Content/Localization/Category/es-MX/Category.locres' could not be opened for reading!
[2022.06.29-21.16.53:010][  0]LogTextLocalizationResource: LocRes '../../../Engine/Content/Localization/ToolTips/es-MX/ToolTips.locres' could not be opened for reading!
[2022.06.29-21.16.53:010][  0]LogTextLocalizationResource: LocRes '../../../Engine/Content/Localization/PropertyNames/es-MX/PropertyNames.locres' could not be opened for reading!
[2022.06.29-21.16.53:010][  0]LogTextLocalizationResource: LocRes '../../../Engine/Content/Localization/Engine/es-MX/Engine.locres' could not be opened for reading!
[2022.06.29-21.16.53:011][  0]LogTextLocalizationResource: LocRes '../../../Engine/Plugins/Online/OnlineSubsystemUtils/Content/Localization/OnlineSubsystemUtils/es-MX/OnlineSubsystemUtils.locres' could not be opened for reading!
[2022.06.29-21.16.53:011][  0]LogTextLocalizationResource: LocRes '../../../Engine/Plugins/Online/Android/OnlineSubsystemGooglePlay/Content/Localization/OnlineSubsystemGooglePlay/es-MX/OnlineSubsystemGooglePlay.locres' could not be opened for reading!
[2022.06.29-21.16.53:011][  0]LogTextLocalizationResource: LocRes '../../../Engine/Plugins/Online/IOS/OnlineSubsystemIOS/Content/Localization/OnlineSubsystemIOS/es-MX/OnlineSubsystemIOS.locres' could not be opened for reading!
[2022.06.29-21.16.53:053][  0]LogInit: Setting process to per monitor DPI aware
[2022.06.29-21.16.53:078][  0]LogWindowsTextInputMethodSystem: Display: IME system deactivated.
[2022.06.29-21.16.53:112][  0]LogSlate: New Slate User Created.  User Index 0, Is Virtual User: 0
[2022.06.29-21.16.53:112][  0]LogSlate: Slate User Registered.  User Index 0, Is Virtual User: 0
[2022.06.29-21.16.53:238][  0]LogD3D12RHI: Aftermath initialized
[2022.06.29-21.16.53:239][  0]LogD3D12RHI: Loading WinPixEventRuntime.dll for PIX profiling (from ../../../Engine/Binaries/ThirdParty/Windows/WinPixEventRuntime/x64).
[2022.06.29-21.16.53:245][  0]LogHMD: Failed to initialize OpenVR with code 110
[2022.06.29-21.16.53:431][  0]LogD3D12RHI: Found D3D12 adapter 0: NVIDIA GeForce RTX 3060 (Max supported Feature Level 12_1)
[2022.06.29-21.16.53:431][  0]LogD3D12RHI: Adapter has 12143MB of dedicated video memory, 0MB of dedicated system memory, and 16343MB of shared system memory, 1 output[s]
[2022.06.29-21.16.53:473][  0]LogD3D12RHI: Found D3D12 adapter 1: Intel(R) UHD Graphics 630 (Max supported Feature Level 12_1)
[2022.06.29-21.16.53:473][  0]LogD3D12RHI: Adapter has 128MB of dedicated video memory, 0MB of dedicated system memory, and 16343MB of shared system memory, 2 output[s]
[2022.06.29-21.16.53:482][  0]LogD3D12RHI: Found D3D12 adapter 2: Microsoft Basic Render Driver (Max supported Feature Level 12_1)
[2022.06.29-21.16.53:482][  0]LogD3D12RHI: Adapter has 0MB of dedicated video memory, 0MB of dedicated system memory, and 16343MB of shared system memory, 0 output[s]
[2022.06.29-21.16.53:482][  0]LogD3D12RHI: Forcing D3D12.AsyncDeferredDeletion=0 as a workaround for a deadlock.
[2022.06.29-21.16.53:482][  0]LogD3D12RHI: Chosen D3D12 Adapter Id = 0
[2022.06.29-21.16.53:488][  0]LogD3D12RHI: InitD3DDevice: -D3DDebug = off -D3D12GPUValidation = off
[2022.06.29-21.16.53:488][  0]LogD3D12RHI: Emitting draw events for PIX profiling.
[2022.06.29-21.16.53:607][  0]LogD3D12RHI: The system supports ID3D12Device1.
[2022.06.29-21.16.53:607][  0]LogD3D12RHI: The system supports ID3D12Device2.
[2022.06.29-21.16.53:607][  0]LogD3D12RHI: The system supports ID3D12Device5.
[2022.06.29-21.16.53:607][  0]LogD3D12RHI: The system supports ID3D12Device7.
[2022.06.29-21.16.53:607][  0]LogD3D12RHI: D3D12 ray tracing 1.0 is supported.
[2022.06.29-21.16.53:607][  0]LogD3D12RHI: D3D12 ray tracing 1.1 is supported.
[2022.06.29-21.16.53:672][  0]LogD3D12RHI: [GPUBreadCrumb] Successfully setup breadcrumb resource for 3D Queue 0
[2022.06.29-21.16.53:682][  0]LogD3D12RHI: [GPUBreadCrumb] Successfully setup breadcrumb resource for Copy Queue 0
[2022.06.29-21.16.53:711][  0]LogD3D12RHI: [GPUBreadCrumb] Successfully setup breadcrumb resource for Compute Queue 0
[2022.06.29-21.16.53:718][  0]LogD3D12RHI: Display: Not using pipeline state disk cache per r.D3D12.PSO.DiskCache=0
[2022.06.29-21.16.53:718][  0]LogD3D12RHI: Display: Not using driver-optimized pipeline state disk cache per r.D3D12.PSO.DriverOptimizedDiskCache=0
[2022.06.29-21.16.53:757][  0]LogD3D12RHI:     GPU DeviceId: 0x2504 (for the marketing name, search the web for "GPU Device Id")
[2022.06.29-21.16.53:757][  0]LogWindows: EnumDisplayDevices:
[2022.06.29-21.16.53:757][  0]LogWindows:    0. 'NVIDIA GeForce RTX 3060' (P:1 D:1)
[2022.06.29-21.16.53:757][  0]LogWindows:    1. 'NVIDIA GeForce RTX 3060' (P:0 D:0)
[2022.06.29-21.16.53:757][  0]LogWindows:    2. 'NVIDIA GeForce RTX 3060' (P:0 D:0)
[2022.06.29-21.16.53:757][  0]LogWindows:    3. 'NVIDIA GeForce RTX 3060' (P:0 D:0)
[2022.06.29-21.16.53:757][  0]LogWindows:    4. 'Intel(R) UHD Graphics 630' (P:0 D:1)
[2022.06.29-21.16.53:758][  0]LogWindows:    5. 'Intel(R) UHD Graphics 630' (P:0 D:1)
[2022.06.29-21.16.53:758][  0]LogWindows:    6. 'Intel(R) UHD Graphics 630' (P:0 D:0)
[2022.06.29-21.16.53:758][  0]LogWindows: DebugString: PrimaryIsNotTheChoosenAdapter PrimaryIsNotTheChoosenAdapter PrimaryIsNotTheChoosenAdapter FoundDriverCount:4 
[2022.06.29-21.16.53:758][  0]LogD3D12RHI:     Adapter Name: NVIDIA GeForce RTX 3060
[2022.06.29-21.16.53:758][  0]LogD3D12RHI:   Driver Version: 472.12 (internal:30.0.14.7212, unified:472.12)
[2022.06.29-21.16.53:758][  0]LogD3D12RHI:      Driver Date: 9-13-2021
[2022.06.29-21.16.53:758][  0]LogRHI: Texture pool is 7166 MB (70% of 10237 MB)
[2022.06.29-21.16.53:758][  0]LogD3D12RHI: Async texture creation enabled
[2022.06.29-21.16.53:758][  0]LogD3D12RHI: RHI has support for 64 bit atomics
[2022.06.29-21.16.53:767][  0]LogRHI: GeForceNow SDK initialized: 0
[2022.06.29-21.16.54:100][  0]LogTargetPlatformManager: Display: Loaded TargetPlatform 'AllDesktop'
[2022.06.29-21.16.54:125][  0]LogTargetPlatformManager: Display: Loaded TargetPlatform 'Android'
[2022.06.29-21.16.54:126][  0]LogTargetPlatformManager: Display: Loaded TargetPlatform 'Android_ASTC'
[2022.06.29-21.16.54:126][  0]LogTargetPlatformManager: Display: Loaded TargetPlatform 'Android_DXT'
[2022.06.29-21.16.54:126][  0]LogTargetPlatformManager: Display: Loaded TargetPlatform 'Android_ETC2'
[2022.06.29-21.16.54:126][  0]LogTargetPlatformManager: Display: Loaded TargetPlatform 'AndroidClient'
[2022.06.29-21.16.54:126][  0]LogTargetPlatformManager: Display: Loaded TargetPlatform 'Android_ASTCClient'
[2022.06.29-21.16.54:126][  0]LogTargetPlatformManager: Display: Loaded TargetPlatform 'Android_DXTClient'
[2022.06.29-21.16.54:126][  0]LogTargetPlatformManager: Display: Loaded TargetPlatform 'Android_ETC2Client'
[2022.06.29-21.16.54:126][  0]LogTargetPlatformManager: Display: Loaded TargetPlatform 'Android_Multi'
[2022.06.29-21.16.54:126][  0]LogTargetPlatformManager: Display: Loaded TargetPlatform 'Android_MultiClient'
[2022.06.29-21.16.54:147][  0]LogTargetPlatformManager: Display: Loaded TargetPlatform 'IOSClient'
[2022.06.29-21.16.54:148][  0]LogTargetPlatformManager: Display: Loaded TargetPlatform 'IOS'
[2022.06.29-21.16.54:158][  0]LogTargetPlatformManager: Display: Loaded TargetPlatform 'Linux'
[2022.06.29-21.16.54:163][  0]LogTargetPlatformManager: Display: Loaded TargetPlatform 'LinuxNoEditor'
[2022.06.29-21.16.54:167][  0]LogTargetPlatformManager: Display: Loaded TargetPlatform 'LinuxClient'
[2022.06.29-21.16.54:172][  0]LogTargetPlatformManager: Display: Loaded TargetPlatform 'LinuxServer'
[2022.06.29-21.16.54:181][  0]LogTargetPlatformManager: Display: Loaded TargetPlatform 'LinuxAArch64NoEditor'
[2022.06.29-21.16.54:187][  0]LogTargetPlatformManager: Display: Loaded TargetPlatform 'LinuxAArch64Client'
[2022.06.29-21.16.54:193][  0]LogTargetPlatformManager: Display: Loaded TargetPlatform 'LinuxAArch64Server'
[2022.06.29-21.16.54:216][  0]LogTargetPlatformManager: Display: Loaded TargetPlatform 'Lumin'
[2022.06.29-21.16.54:216][  0]LogTargetPlatformManager: Display: Loaded TargetPlatform 'LuminClient'
[2022.06.29-21.16.54:225][  0]LogTargetPlatformManager: Display: Loaded TargetPlatform 'MacNoEditor'
[2022.06.29-21.16.54:232][  0]LogTargetPlatformManager: Display: Loaded TargetPlatform 'Mac'
[2022.06.29-21.16.54:236][  0]LogTargetPlatformManager: Display: Loaded TargetPlatform 'MacClient'
[2022.06.29-21.16.54:241][  0]LogTargetPlatformManager: Display: Loaded TargetPlatform 'MacServer'
[2022.06.29-21.16.54:251][  0]LogTargetPlatformManager: Display: Loaded TargetPlatform 'TVOSClient'
[2022.06.29-21.16.54:251][  0]LogTargetPlatformManager: Display: Loaded TargetPlatform 'TVOS'
[2022.06.29-21.16.54:260][  0]LogTargetPlatformManager: Display: Loaded TargetPlatform 'WindowsNoEditor'
[2022.06.29-21.16.54:265][  0]LogTargetPlatformManager: Display: Loaded TargetPlatform 'Windows'
[2022.06.29-21.16.54:271][  0]LogTargetPlatformManager: Display: Loaded TargetPlatform 'WindowsClient'
[2022.06.29-21.16.54:276][  0]LogTargetPlatformManager: Display: Loaded TargetPlatform 'WindowsServer'
[2022.06.29-21.16.54:276][  0]LogTargetPlatformManager: Display: Building Assets For Windows
[2022.06.29-21.16.54:286][  0]LogAudioDebug: Display: Lib vorbis DLL was dynamically loaded.
[2022.06.29-21.16.54:315][  0]LogTextureFormatOodle: Display: Oodle Texture 2.9.0 init RDO Off
[2022.06.29-21.16.54:359][  0]LogRendererCore: Ray tracing is disabled. Reason: r.RayTracing=0.
[2022.06.29-21.16.54:359][  0]LogShaderCompilers: Guid format shader working directory is 17 characters bigger than the processId version (H:/GitHub/ProyectoX/ProyectoX/Intermediate/Shaders/WorkingDirectory/3160/).
[2022.06.29-21.16.54:359][  0]LogShaderCompilers: Cleaned the shader compiler working directory 'C:/Users/arrie/AppData/Local/Temp/UnrealShaderWorkingDir/1D7F33F848F933605AC00EA13775225B/'.
[2022.06.29-21.16.54:360][  0]LogXGEController: Cannot use XGE Controller as Incredibuild is not installed on this machine.
[2022.06.29-21.16.54:360][  0]LogShaderCompilers: Cannot use XGE Shader Compiler as Incredibuild is not installed on this machine.
[2022.06.29-21.16.54:360][  0]LogShaderCompilers: Display: Using Local Shader Compiler.
[2022.06.29-21.16.55:195][  0]LogDerivedDataCache: Display: Max Cache Size: 512 MB
[2022.06.29-21.16.55:281][  0]LogDerivedDataCache: Loaded boot cache 0.09s 94MB C:/Users/arrie/AppData/Local/UnrealEngine/4.27/DerivedDataCache/Boot.ddc.
[2022.06.29-21.16.55:281][  0]LogDerivedDataCache: Display: Loaded Boot cache: C:/Users/arrie/AppData/Local/UnrealEngine/4.27/DerivedDataCache/Boot.ddc
[2022.06.29-21.16.55:283][  0]LogDerivedDataCache: FDerivedDataBackendGraph:  Pak pak cache file H:/GitHub/ProyectoX/ProyectoX/DerivedDataCache/DDC.ddp not found, will not use a pak cache.
[2022.06.29-21.16.55:283][  0]LogDerivedDataCache: Unable to find inner node Pak for hierarchical cache Hierarchy.
[2022.06.29-21.16.55:283][  0]LogDerivedDataCache: FDerivedDataBackendGraph:  CompressedPak pak cache file H:/GitHub/ProyectoX/ProyectoX/DerivedDataCache/Compressed.ddp not found, will not use a pak cache.
[2022.06.29-21.16.55:283][  0]LogDerivedDataCache: Unable to find inner node CompressedPak for hierarchical cache Hierarchy.
[2022.06.29-21.16.55:302][  0]LogDerivedDataCache: Display: Pak cache opened for reading ../../../Engine/DerivedDataCache/Compressed.ddp.
[2022.06.29-21.16.55:303][  0]LogDerivedDataCache: FDerivedDataBackendGraph:  EnterprisePak pak cache file ../../../Enterprise/DerivedDataCache/Compressed.ddp not found, will not use a pak cache.
[2022.06.29-21.16.55:303][  0]LogDerivedDataCache: Unable to find inner node EnterprisePak for hierarchical cache Hierarchy.
[2022.06.29-21.16.55:512][  0]LogDerivedDataCache: Speed tests for //ARSERVER/disk3/EpicStuff/LocalDDC took 0.21 seconds
[2022.06.29-21.16.55:512][  0]LogDerivedDataCache: Display: Performance to //ARSERVER/disk3/EpicStuff/LocalDDC: Latency=1.67ms. RandomReadSpeed=7.62MBs, RandomWriteSpeed=13.81MBs. Assigned SpeedClass 'Fast'
[2022.06.29-21.16.55:514][  0]LogDerivedDataCache: Using Local data cache path //ARSERVER/disk3/EpicStuff/LocalDDC: Writable
[2022.06.29-21.16.55:693][  0]LogDerivedDataCache: Speed tests for //ARSERVER/disk3/EpicStuff/UnrealEngineCache took 0.18 seconds
[2022.06.29-21.16.55:693][  0]LogDerivedDataCache: Display: Performance to //ARSERVER/disk3/EpicStuff/UnrealEngineCache: Latency=0.80ms. RandomReadSpeed=9.14MBs, RandomWriteSpeed=13.84MBs. Assigned SpeedClass 'Local'
[2022.06.29-21.16.55:693][  0]LogDerivedDataCache: Using Shared data cache path //ARSERVER/disk3/EpicStuff/UnrealEngineCache: Writable
[2022.06.29-21.16.55:743][  0]LogSlate: Using FreeType 2.10.0
[2022.06.29-21.16.55:744][  0]LogSlate: SlateFontServices - WITH_FREETYPE: 1, WITH_HARFBUZZ: 1
[2022.06.29-21.16.55:767][  0]LogAssetRegistry: FAssetRegistry took 0.0026 seconds to start up
[2022.06.29-21.16.55:778][  0]LogLinker: Error: RedirectNameAndValues(/Script/SlateCore.EColorVisionDeficiency) found multiple conflicting value redirects, /Script/SlateCore.EColorVisionDeficiency and EColorVisionDeficiency!
[2022.06.29-21.16.55:778][  0]LogLinker: Error: RedirectNameAndValues(/Script/SlateCore.EColorVisionDeficiency) found multiple conflicting value redirects, /Script/SlateCore.EColorVisionDeficiency and EColorVisionDeficiency!
[2022.06.29-21.16.55:782][  0]LogLinker: Error: RedirectNameAndValues(/Script/PhysicsCore.EPhysicsType) found multiple conflicting value redirects, /Script/PhysicsCore.EPhysicsType and EPhysicsType!
[2022.06.29-21.16.55:782][  0]LogLinker: Error: RedirectNameAndValues(/Script/PhysicsCore.EPhysicsType) found multiple conflicting value redirects, /Script/PhysicsCore.EPhysicsType and EPhysicsType!
[2022.06.29-21.16.55:997][  0]LogCollisionProfile: Warning: Cannot map multiple responses to the same collision channel (14); ignoring 'Proyectiles' 
[2022.06.29-21.16.55:998][  0]LogCollisionProfile: Warning: Cannot map multiple responses to the same collision channel (15); ignoring 'PlayerPawn' 
[2022.06.29-21.16.55:998][  0]LogCollisionProfile: Warning: Cannot map multiple responses to the same collision channel (16); ignoring 'EnemyPawn' 
[2022.06.29-21.16.56:078][  0]LogInit: Selected Device Profile: [Windows]
[2022.06.29-21.16.56:078][  0]LogInit: Active device profile: [000001E1AEABAD00][000001E1AE640580 49] Windows
[2022.06.29-21.16.56:078][  0]LogInit: Profiles: [000001E1AEABAD00][000001E1AE640580 49] Windows, [000001E1AE9DA300][000001E1AE64C700 49] WindowsNoEditor, [000001E1AEAB9F00][000001E1AE644840 49] WindowsServer, [000001E1AE9DB000][000001E1AE668980 49] WindowsClient, [000001E1AEAB9200][000001E1AE678AC0 49] IOS, [000001E1AE9DBE00][000001E1AE680C40 49] iPadAir, [000001E1AEAB8700][000001E1AE684DC0 49] iPadAir2, [000001E1AF021F00][000001E1AE68D080 49] IPadPro, [000001E1AF022000][000001E1AE6890C0 49] iPadAir3, [000001E1AE9DB600][000001E1AE691240 49] iPadAir4, [000001E1AF022F00][000001E1AE6953C0 49] iPadMini2, [000001E1AE9DAA00][000001E1AE699540 49] iPadMini3, [000001E1AF023B00][000001E1AE69D6C0 49] iPadMini4, [000001E1AE9D9800][000001E1AE6A1840 49] iPadMini5, [000001E1AE859500][000001E1AE6A9B00 49] iPhone6, [000001E1AE859600][000001E1AE6A5B40 49] iPodTouch6, [000001E1AEABAC00][000001E1AE6B0280 49] iPhone7, [000001E1AEAB9600][000001E1AE6AC2C0 49] iPodTouch7, [000001E1AF021E00][000001E1AE6B4440 49] iPhone5S, [000001E1AEABA900][000001E1AE6B85C0 49] iPhone6Plus, [000001E1AF023300][000001E1AE6BC740 49] iPhone6S, [000001E1AEAB8900][000001E1AE6C08C0 49] iPhone6SPlus, [000001E1AF021700][000001E1AE67CA00 49] iPhone7Plus, [000001E1AEABBB00][000001E1AE6C4B40 49] iPhoneSE, [000001E1AF021100][000001E1AE6C8C80 49] iPhone8, [000001E1AEAB9C00][000001E1AE6CCDC0 49] iPhone8Plus, [000001E1AE858200][000001E1AE6D4F40 49] iPhoneX, [000001E1AF022700][000001E1AE6D90C0 49] iPhoneXS, [000001E1AE858E00][000001E1AE6DD240 49] iPhoneXSMax, [000001E1AF022800][000001E1AE6F73C0 49] iPhoneXR, [000001E1AE85BD00][000001E1AE6FB540 49] iPhone11, [000001E1AF022A00][000001E1AE6FF6C0 49] iPhone11Pro, [000001E1AE85B800][000001E1AE703840 49] iPhone11ProMax, [000001E1AF023A00][000001E1AE7079C0 49] iPhoneSE2, [000001E1AE85B300][000001E1AE70BB40 49] iPhone12Mini, [000001E1AF020200][000001E1AE70E140 49] iPhone12, [000001E1AE859000][000001E1AE7122C0 49] iPhone12Pro, [000001E1AF023900][000001E1AE716440 49] iPhone12ProMax, [000001E1AEABB100][000001E1AE72C5C0 49] iPadPro105, [000001E1AF021A00][000001E1AE730740 49] iPadPro129, [000001E1AEABB700][000001E1AE7348C0 49] iPadPro97, [000001E1AF020100][000001E1AE738A40 49] iPadPro2_129, [000001E1AEABA800][000001E1AE6D0B80 49] iPad5, [000001E1AF022300][000001E1AE74ECC0 49] iPad6, [000001E1AEABB300][000001E1AE766E00 49] iPad7, [000001E1AF020500][000001E1AE776F40 49] iPad8, [000001E1AEAB9700][000001E1AE78B0C0 49] iPadPro11, [000001E1AF022500][000001E1AE79B240 49] iPadPro2_11, [000001E1AEABBD00][000001E1AE7AF3C0 49] iPadPro3_129, [000001E1AF022B00][000001E1AE7C3540 49] iPadPro4_129, [000001E1AEABAF00][000001E1AE7EF6C0 49] AppleTV, [000001E1AF023F00][000001E1AE80F840 49] AppleTV4K, [000001E1AEABA200][000001E1AE8139C0 49] TVOS, [000001E1AF023700][000001E1AE817B40 49] Mac, [000001E1AEAB9D00][000001E1AE81A140 49] MacClient, [000001E1AF023400][000001E1AE81E2C0 49] MacNoEditor, [000001E1AEAB9B00][000001E1AE822440 49] MacServer, [000001E1AF021600][000001E1AE8265C0 49] Linux, [000001E1AEAB9900][000001E1AE82A740 49] LinuxAArch64, [000001E1AF023200][000001E1AE82E8C0 49] LinuxNoEditor, [000001E1AEAB9A00][000001E1AE832A40 49] LinuxAArch64NoEditor, [000001E1AF021800][000001E1AE83ABC0 49] LinuxClient, [000001E1AEABA000][000001E1A9AE4D40 49] LinuxAArch64Client, [000001E1AF021B00][000001E1AE786E80 49] LinuxServer, [000001E1AEAB8F00][000001E1A9AE8FC0 49] LinuxAArch64Server, [000001E1AF022E00][000001E1A9AF9100 49] Android, [000001E1AEABB400][000001E1A9B01280 49] Android_Low, [000001E1AF022900][000001E1A9B05400 49] Android_Mid, [000001E1AEABA600][000001E1AF851580 49] Android_High, [000001E1AF020800][000001E1AF87F700 49] Android_Default, [000001E1AEABA400][000001E1AF8B9880 49] Android_Adreno4xx, [000001E1AF021500][000001E1AF8C1A00 49] Android_Adreno5xx_Low, [000001E1AEAB9E00][000001E1AF8C5B80 49] Android_Adreno5xx, [000001E1AF023000][000001E1AF8D0180 49] Android_Adreno6xx, [000001E1AEABBA00][000001E1AF8D4300 49] Android_Adreno6xx_Vulkan, [000001E1AF023600][000001E1AF8D8480 49] Android_Mali_T6xx, [000001E1AEABA700][000001E1AF8DC600 49] Android_Mali_T7xx, [000001E1AF022600][000001E1AF934780 49] Android_Mali_T8xx, [000001E1AEAB8800][000001E1AF938900 49] Android_Mali_G71, [000001E1AF020D00][000001E1AF9A4A80 49] Android_Mali_G72, [000001E1AEABA300][000001E1AF9A8C00 49] Android_Mali_G72_Vulkan, [000001E1AF020A00][000001E1AFA22D80 49] Android_Mali_G76, [000001E1AEABB800][000001E1AFA26F00 49] Android_Mali_G76_Vulkan, [000001E1AF021000][000001E1A9AFD040 49] Android_Mali_G77, [000001E1AEAB8500][000001E1AFAB1180 49] Android_Mali_G77_Vulkan, [000001E1AE9D8B00][000001E1AFB692C0 49] Android_Mali_G78, [000001E1AE858100][000001E1AFB79440 49] Android_Mali_G78_Vulkan, [000001E1AE9DB200][000001E1AFC375C0 49] Android_Mali_G710, [000001E1AE85A300][000001E18B635740 49] Android_Mali_G710_Vulkan, [000001E1AE9D8F00][000001E1B04818C0 49] Android_Vulkan_SM5, [000001E1AE85A100][000001E1B0489A40 49] Android_PowerVR_G6xxx, [000001E1AE9DBA00][000001E1B04BDBC0 49] Android_PowerVR_GT7xxx, [000001E1AE85A000][000001E1B05C41C0 49] Android_PowerVR_GE8xxx, [000001E1AE9DBF00][000001E1B05CC340 49] Android_PowerVR_GM9xxx, [000001E1AE858C00][000001E1B06364C0 49] Android_PowerVR_GM9xxx_Vulkan, [000001E1AE9D9D00][000001E1AF8E0640 49] Android_TegraK1, [000001E1AE858B00][000001E1AF8E47C0 49] Android_Unknown_Vulkan, [000001E1AE9D9B00][000001E1AF8F0940 49] Lumin, [000001E1AE85A400][000001E1AF8F4AC0 49] Lumin_Desktop, [000001E1AE9D8400][000001E1AF8F8C40 49] HoloLens, 
[2022.06.29-21.16.56:104][  0]LogLinker: Error: RedirectNameAndValues(/Script/PhysicsCore.EPhysicsType) found multiple conflicting value redirects, /Script/PhysicsCore.EPhysicsType and EPhysicsType!
[2022.06.29-21.16.56:105][  0]LogWindows: Windows GetLastError: La operación se completó correctamente. (0)
[2022.06.29-21.16.56:778][  0]LogWindows: Error: === Critical error: ===
[2022.06.29-21.16.56:778][  0]LogWindows: Error: 
[2022.06.29-21.16.56:778][  0]LogWindows: Error: Assertion failed: !KeyRedirectMap.Contains(OldKey) [File:D:/Build/++UE4/Sync/Engine/Source/Runtime/CoreUObject/Private/UObject/MetaData.cpp] [Line: 492] 
[2022.06.29-21.16.56:778][  0]LogWindows: Error: 
[2022.06.29-21.16.56:778][  0]LogWindows: Error: 
[2022.06.29-21.16.56:778][  0]LogWindows: Error: 
[2022.06.29-21.16.56:778][  0]LogWindows: Error: [Callstack] 0x00007ffb16554fd9 KERNELBASE.dll!UnknownFunction []
[2022.06.29-21.16.56:778][  0]LogWindows: Error: [Callstack] 0x00007ffa7c5b0216 UE4Editor-Core.dll!UnknownFunction []
[2022.06.29-21.16.56:778][  0]LogWindows: Error: [Callstack] 0x00007ffa7c5b4218 UE4Editor-Core.dll!UnknownFunction []
[2022.06.29-21.16.56:778][  0]LogWindows: Error: [Callstack] 0x00007ffa7c2d242d UE4Editor-Core.dll!UnknownFunction []
[2022.06.29-21.16.56:778][  0]LogWindows: Error: [Callstack] 0x00007ffa7c226a45 UE4Editor-Core.dll!UnknownFunction []
[2022.06.29-21.16.56:778][  0]LogWindows: Error: [Callstack] 0x00007ffa7c2280a0 UE4Editor-Core.dll!UnknownFunction []
[2022.06.29-21.16.56:778][  0]LogWindows: Error: [Callstack] 0x00007ffa818a7583 UE4Editor-CoreUObject.dll!UnknownFunction []
[2022.06.29-21.16.56:778][  0]LogWindows: Error: [Callstack] 0x00007ffa818c235c UE4Editor-CoreUObject.dll!UnknownFunction []
[2022.06.29-21.16.56:778][  0]LogWindows: Error: [Callstack] 0x00007ffa818c197b UE4Editor-CoreUObject.dll!UnknownFunction []
[2022.06.29-21.16.56:778][  0]LogWindows: Error: [Callstack] 0x00007ffa818b0d6b UE4Editor-CoreUObject.dll!UnknownFunction []
[2022.06.29-21.16.56:778][  0]LogWindows: Error: [Callstack] 0x00007ffa819acd71 UE4Editor-CoreUObject.dll!UnknownFunction []
[2022.06.29-21.16.56:778][  0]LogWindows: Error: [Callstack] 0x00007ffa81997897 UE4Editor-CoreUObject.dll!UnknownFunction []
[2022.06.29-21.16.56:778][  0]LogWindows: Error: [Callstack] 0x00007ffa819bceb3 UE4Editor-CoreUObject.dll!UnknownFunction []
[2022.06.29-21.16.56:778][  0]LogWindows: Error: [Callstack] 0x00007ffa819bbbc0 UE4Editor-CoreUObject.dll!UnknownFunction []
[2022.06.29-21.16.56:778][  0]LogWindows: Error: [Callstack] 0x00007ffa819d1e1f UE4Editor-CoreUObject.dll!UnknownFunction []
[2022.06.29-21.16.56:778][  0]LogWindows: Error: [Callstack] 0x00007ffa819e49f5 UE4Editor-CoreUObject.dll!UnknownFunction []
[2022.06.29-21.16.56:778][  0]LogWindows: Error: [Callstack] 0x00007ffa819e4088 UE4Editor-CoreUObject.dll!UnknownFunction []
[2022.06.29-21.16.56:778][  0]LogWindows: Error: [Callstack] 0x00007ffa6f3cb86f UE4Editor-Engine.dll!UnknownFunction []
[2022.06.29-21.16.56:778][  0]LogWindows: Error: [Callstack] 0x00007ffa6f3d4762 UE4Editor-Engine.dll!UnknownFunction []
[2022.06.29-21.16.56:778][  0]LogWindows: Error: [Callstack] 0x00007ffa816c61d3 UE4Editor-CoreUObject.dll!UnknownFunction []
[2022.06.29-21.16.56:778][  0]LogWindows: Error: [Callstack] 0x00007ffa819a5b25 UE4Editor-CoreUObject.dll!UnknownFunction []
[2022.06.29-21.16.56:778][  0]LogWindows: Error: [Callstack] 0x00007ffa8188021f UE4Editor-CoreUObject.dll!UnknownFunction []
[2022.06.29-21.16.56:778][  0]LogWindows: Error: [Callstack] 0x00007ffa6f3d0780 UE4Editor-Engine.dll!UnknownFunction []
[2022.06.29-21.16.56:778][  0]LogWindows: Error: [Callstack] 0x00007ffa816c61d3 UE4Editor-CoreUObject.dll!UnknownFunction []
[2022.06.29-21.16.56:778][  0]LogWindows: Error: [Callstack] 0x00007ffa819e8c4c UE4Editor-CoreUObject.dll!UnknownFunction []
[2022.06.29-21.16.56:778][  0]LogWindows: Error: [Callstack] 0x00007ffa819c5411 UE4Editor-CoreUObject.dll!UnknownFunction []
[2022.06.29-21.16.56:778][  0]LogWindows: Error: [Callstack] 0x00007ff795c18179 UE4Editor.exe!UnknownFunction []
[2022.06.29-21.16.56:778][  0]LogWindows: Error: [Callstack] 0x00007ff795c10d2c UE4Editor.exe!UnknownFunction []
[2022.06.29-21.16.56:778][  0]LogWindows: Error: [Callstack] 0x00007ff795c110ba UE4Editor.exe!UnknownFunction []
[2022.06.29-21.16.56:778][  0]LogWindows: Error: [Callstack] 0x00007ff795c140dd UE4Editor.exe!UnknownFunction []
[2022.06.29-21.16.56:778][  0]LogWindows: Error: [Callstack] 0x00007ff795c25984 UE4Editor.exe!UnknownFunction []
[2022.06.29-21.16.56:778][  0]LogWindows: Error: [Callstack] 0x00007ff795c2853a UE4Editor.exe!UnknownFunction []
[2022.06.29-21.16.56:778][  0]LogWindows: Error: [Callstack] 0x00007ffb16eb7034 KERNEL32.DLL!UnknownFunction []
[2022.06.29-21.16.56:778][  0]LogWindows: Error: [Callstack] 0x00007ffb18942651 ntdll.dll!UnknownFunction []
[2022.06.29-21.16.56:778][  0]LogWindows: Error: 
[2022.06.29-21.16.56:802][  0]LogExit: Executing StaticShutdownAfterError
[2022.06.29-21.16.56:804][  0]LogWindows: FPlatformMisc::RequestExit(1)
[2022.06.29-21.16.56:804][  0]LogWindows: FPlatformMisc::RequestExitWithStatus(1, 3)
[2022.06.29-21.16.56:804][  0]LogCore: Engine exit requested (reason: Win RequestExit)
[2022.06.29-21.16.56:814][  0]Log file closed, 06/29/22 18:16:56
